=~=~=~=~=~=~=~=~=~=~=~= PuTTY log 2022.11.24 23:42:39 =~=~=~=~=~=~=~=~=~=~=~=
467935364
467935800
46793627925632
557926564
557927500
557928436
557929372
557930304
557931240
557932176
557933112
557934044
557934980
24696
557925632
557926564
557927500
557928436
557929372
557930304
557931240
557932176
557933112
557934044
557934980
TEST START
9540188
9540532
9540924
9541304
9541696
9542072
9542460
9542844
9543232
9543608
9544004
9544388
9544772
9545160
9545668
9546432
9547196
9547964
9548728
9549492
9550256
9551024
9551788
9552552
9553316
9554084
9554848
9555612
9556376
9557144
9557908
9558672
9559436
9560204
9560968
9561732
9562496
9563264
9564028
9564792
9565556
9566324
9567088
9567852
9568616
9569384
9570148
9570912
9571676
9572444
9573208
9573972
9574736
9575504
9576268
9577032
9577796
9578564
9579328
9580092
9580856
9581624
9582388
9583152
9583916
9584684
9585448
9586212
9586976
9587744
9588508
9589272
9590036
9590804
9591568
9592332
9593096
9593868
9594628
9595392
9596156
9596924
9597688
9598452
9599216
9599984
9600748
9601512
9602276
9603044
9603808
9604572
9605336
9606104
9606868
9607632
9608396
9609164
9609928
9610692
9611456
9612224
9612988
9613752
9614516
9615284
9616048
9616812
9617576
9618344
9619108
9619872
9620636
9621404
9622168
9622932
9623696
9624464
9625228
9625992
9626756
9627524
9628288
9629052
9629816
9630584
9631348
9632112
9632876
9633644
9634408
9635172
9635936
9636704
9637468
9638232
9638996
9639764
19529084
19529472
19529908
19530348
19530788
19531220
19531648
19532088
19532516
19532956
19533388
19533816
19534264
19534940
19535792
19536640
19537492
19538344
19539192
19540040
19540892
19541740
19542592
19543440
19544292
19545140
19545992
19546840
19547692
19548544
19549392
19550240
19551092
19551944
19552792
19553640
19554492
19555348
19556192
19557044
19557892
19558740
19559592
19560440
19561292
19562140
19562992
19563840
19564692
19565540
19566392
19567244
19568092
19568940
19569792
19570640
19571492
19572340
19573192
19574040
19574892
19575744
19576592
19577444
19578292
19579144
19579992
19580840
19581692
19582540
19583392
19584240
19585092
19585944
19586792
19587640
19588492
19589340
19590192
19591040
19591892
19592740
19593592
19594440
19595292
19596144
19596992
19597840
19598692
19599540
19600400
19601240
19602092
19602940
19603792
19604644
19605492
19606340
19607192
19608044
19608892
19609740
19610592
19611444
19612292
19613140
19613992
19614840
19615692
19616540
19617392
19618240
19619092
19619940
19620792
19621640
19622492
19623340
19624192
19625044
19625892
19626740
19627592
19628440
29517984
29518372
29518804
29519248
29519680
29520116
29520544
29520980
29521412
29521844
29522280
29522708
29523156
29523840
29524692
29525540
29526392
29527240
29528092
29528940
29529792
29530640
29531492
29532340
29533196
29534040
29534892
29535740
29536592
29537440
29538292
29539140
29539992
29540840
29541692
29542540
29543392
29544240
29545092
29545940
29546792
29547640
29548492
29549340
29550192
29551040
29551892
29552740
29553592
29554440
29555292
29556140
29556992
29557840
29558692
29559540
29560392
29561240
29562092
29562940
29563792
29564640
29565492
29566340
29567192
29568040
29568892
29569740
29570592
29571440
29572292
29573140
29573992
29574840
29575692
29576540
29577392
29578248
29579092
29579940
29580792
29581640
29582492
29583340
29584192
29585040
29585892
29586740
29587592
29588440
29589292
29590140
29590992
29591840
29592692
29593540
29594392
29595240
29596092
29596940
29597792
29598640
29599492
29600340
29601192
29602040
29602892
29603740
29604592
29605440
29606292
29607140
29607992
29608840
29609692
29610540
29611392
29612240
29613092
29613940
29614792
29615640
29616492
29617340
36471764
36673928
36674316
36674764
36675192
36675632
36676064
36676496
36690348
36690736
36691180
36691616
36692052
36692484
36692916
36693356
36693788
36706740
36707128
36707576
36708004
36708444
36708876
36709304
36709744
36710176
36710616
36723052
36723440
36723880
36724320
36724756
36725188
36725620
36726056
36726488
36726924
36727356
36739404
36739792
36740232
36740672
36741104
36741540
36741972
36742408
36742840
36743276
36743708
36744140
36755908
36756296
36756736
36757176
36757612
36758044
36758476
36758916
36759348
36759788
36760220
36760668
36761100
36772516
36772912
36773344
36773784
36774220
36774652
36775092
36775524
36775960
36776392
36776824
36777272
36777704
36789176
36789572
36790004
36790452
36790880
36791320
36791752
36792184
36792624
36793056
36793492
36793936
36794368
36795040
36806524
36806920
36807348
36807796
36808228
36808656
36809096
36809524
36809964
36810396
36810832
36811264
37111096
37111484
37111932
37112364
37112796
37113236
37113668
37114104
37127436
37127824
37128260
37128700
37129128
37129564
37129996
37130436
37130864
37143896
37144284
37144720
37145160
37145592
37146032
37146460
37146900
37147328
37147768
37160136
37160524
37160956
37161404
37161832
37162272
37162700
37163140
37163572
37164004
37164440
37164872
37176612
37177000
37177440
37177880
37178312
37178748
37179180
37179616
37180048
37180488
37180916
37181348
37193144
37193532
37193968
37194408
37194844
37195276
37195708
37196144
37196576
37197016
37197444
37197892
37198324
37209708
37210096
37210532
37210972
37211408
37211840
37212280
37212708
37213140
37213576
37214008
37214456
37214888
37226336
37226732
37227160
37227608
37228040
37228472
37228908
37229340
37229776
37230208
37230648
37231076
37231520
37242952
37243340
37243772
37244216
37244648
37245084
37245516
37245948
37246388
37246820
37247260
37247700
37248140
37259628
37260016
37260452
37260892
37261332
37261764
37262196
37262632
37263064
37263504
37263936
37264376
37264812
37276332
37276728
37277160
37277600
37278036
37278468
37278904
37279336
37279772
37280204
37280636
37281080
37281512
37293000
37293396
37293828
37294272
37294704
37295144
37295572
37296004
37296440
37296872
37297308
37297740
37298188
37309672
37310060
37310500
37310940
37311372
37311808
37312244
37312680
37313112
37313548
37313980
37314420
37314860
37326368
37326756
37327196
37327636
37328072
37328504
37328940
37329372
37329804
37330244
37330672
37331120
37331552
37342980
37343376
37343808
37344252
37344688
37345120
37345560
37345992
37346428
37346860
37347292
37347740
37348172
37348848
37359608
37360000
37360432
37360876
37361308
37361744
37362176
37362608
37363048
37363480
37363916
37364348
37364792
37365472
37376164
37376548
37376980
37377424
37377856
37378292
37378720
37379156
37379588
37380020
37380456
37380888
37381332
37382020
37392780
37393168
37393608
37394048
37394484
37394916
37395348
37395784
37396216
37396652
37397084
37397532
37397960
37398640
37409436
37409828
37410260
37410700
37411136
37411572
37412008
37412440
37412876
37413308
37413740
37414188
37414620
37415292
37426020
37426416
37426848
37427296
37427724
37428156
37428596
37429024
37429464
37429896
37430332
37430772
37431204
37431884
37442600
37442988
37443416
37443864
37444292
37444728
37445160
37445592
37446028
37446460
37446896
37447328
37447776
37448456
37459296
37459684
37460120
37460560
37460996
37461428
37461860
37462300
37462732
37463168
37463600
37464032
37464480
37465156
37475952
37476340
37476788
37477220
37477660
37478092
37478528
37478960
37479392
37479828
37480260
37480704
37481136
37481812
37492704
37493100
37493532
37493980
37494412
37494848
37495280
37495712
37496148
37496580
37497020
37497460
37497900
37498568
37509400
37509788
37510228
37510668
37511100
37511536
37511968
37512408
37512840
37513276
37513708
37514152
37514588
37515260
37526160
37526556
37526996
37527428
37527864
37528296
37528736
37529168
37529604
37530036
37530468
37530912
37531344
37532016
37542936
37543324
37543756
37544204
37544632
37545072
37545504
37545936
37546372
37546804
37547244
37547684
37548120
37548792
37559952
37560348
37560780
37561220
37561660
37562092
37562528
37562960
37563400
37563832
37564264
37564708
37565144
37577000
37577388
37577836
37578268
37578700
37579140
37579572
37580012
37580444
37580884
37581324
37593900
37594296
37594728
37595176
37595608
37596040
37596480
37596912
37597352
37597784
37611184
37611580
37612020
37612452
37612888
37613320
37613760
37614188
37845612
37861608
37861996
37878748
