=~=~=~=~=~=~=~=~=~=~=~= PuTTY log 2022.11.24 23:25:17 =~=~=~=~=~=~=~=~=~=~=~=
TEST START
69856
71270708
TEST START
182596
182892
183220
183556
183888
184220
184556
184888
185208
185544
185876
186208
186544
186876
187204
187540
188204
188884
189564
190244
190924
191604
192284
192964
193644
194324
195004
195684
196364
197044
197724
198404
199084
199764
200444
201124
201804
202484
203164
203844
204524
205204
205884
206564
207244
207924
208604
209284
209964
210644
211324
212004
212684
213364
214044
214724
215404
216084
216764
217444
218128
218804
219484
220168
220844
221524
222204
222884
223564
224244
224924
225604
226284
226964
227644
228324
229004
229684
230364
231044
231724
232404
233084
233764
234444
235124
235804
236484
237164
237844
238524
239204
239884
240564
241244
241924
242604
243284
243964
244644
245324
246004
246684
247364
248044
248724
249404
250084
250764
251444
252124
252804
253484
254164
254844
255524
256204
256884
257564
258244
258924
259604
260284
260964
261644
262324
263004
263684
264364
265044
265724
266404
267084
267764
268444
269124
269804
270484
271164
271844
272524
273204
273884
274564
275244
275924
276604
277284
277964
278644
279324
280004
280684
281364
282044
1181480
1181828
1182212
1182588
1182980
1183356
1183740
1184124
1184508
1184892
1185276
1185652
1186044
1186420
1186964
1187728
1188492
1189260
1190024
1190788
1191552
1192316
1193084
1193848
1194612
1195380
1196144
1196908
1197672
1198440
1199204
1199968
1200732
1201496
1202264
1203028
1203792
1204560
1205324
1206088
1206852
1207616
1208384
1209148
1209912
1210680
1211444
1212208
1212972
1213740
1214504
1215268
1216032
1216796
1217564
1218328
1219092
1219856
1220628
1221388
1222152
1222916
1223688
1224448
1225212
1225976
1226744
1227508
1228272
1229040
1229804
1230568
1231332
1232100
1232864
1233628
1234392
1235160
1235924
1236688
1237452
1238220
1238984
1239748
1240512
1241280
1242044
1242808
1243572
1244340
1245104
1245868
1246632
1247400
1248164
1248928
1249692
1250460
1251224
1251988
1252752
1253516
1254284
1255048
1255812
1256580
1257344
1258108
1258872
1259640
1260404
1261168
1261932
1262700
1263464
1264228
1264992
1265760
1266524
1267288
1268052
1268820
1269584
1270348
1271112
1271876
1272644
1273408
1274172
1274940
1275704
1276468
1277232
1277996
1278764
1279528
1280292
1281060
2180360
2180704
2181088
2181472
2181856
2182236
2182624
2182996
2183388
2183764
2184148
2184532
2184916
2185300
2185840
2186604
2187368
2188136
2188900
2189664
2190428
2191196
2191960
2192724
2193488
2194256
2195020
2195784
2196548
2197316
2198080
2198844
2199608
2200376
2201140
2201904
2202668
2203436
2204200
2204964
2205728
2206496
2207260
2208024
2208788
2209556
2210320
2211084
2211856
2212616
2213380
2214144
2214908
2215676
2216440
2217204
2217968
2218736
2219500
2220264
2221028
2221796
2222560
2223324
2224088
2224856
2225620
2226384
2227148
2227916
2228680
2229444
2230208
2230976
2231740
2232504
2233268
2234036
2234800
2235564
2236328
2237096
2237860
2238624
2239388
2240156
2240920
2241684
2242448
2243216
2243980
2244744
2245508
2246276
2247040
2247804
2248568
2249336
2250100
2250864
2251628
2252396
2253160
2253924
2254688
2255456
2256220
2256984
2257748
2258516
2259280
2260044
2260808
2261576
2262340
2263104
2263868
2264636
2265400
2266164
2266928
2267696
2268460
2269224
2269988
2270756
2271520
2272284
2273048
2273816
2274580
2275348
2276108
2276876
2277640
2278412
2279168
2279936
3179248
3179596
3179984
3180360
3180752
3181132
3181516
3181900
3182288
3182672
3183060
3183436
3183828
3184216
3184732
3185500
3186264
3187028
3187796
3188560
3189324
3190088
3190852
3191620
3192384
3193148
3193916
3194680
3195444
3196208
3196972
3197740
3198504
3199268
3200032
3200800
3201564
3202328
3203092
3203860
3204624
3205388
3206160
3206920
3207684
3208448
3209212
3209980
3210744
3211508
3212276
3213040
3213804
3214568
3215332
3216100
3216864
3217628
3218392
3219160
3219924
3220688
3221452
3222220
3222984
3223748
3224512
3225280
3226044
3226808
3227572
3228340
3229104
3229868
3230632
3231400
3232164
3232928
3233692
3234460
3235224
3235988
3236752
3237520
3238284
3239048
3239812
3240580
3241344
3242108
3242876
3243640
3244404
3245168
3245936
3246700
3247464
3248228
3248996
3249760
3250524
3251288
3252056
3252820
3253584
3254348
3255112
3255880
3256644
3257408
3258176
3258940
3259704
3260468
3261232
3262000
3262764
3263528
3264296
3265060
3265824
3266588
3267352
3268120
3268884
3269652
3270412
3271180
3271944
3272716
3273476
3274240
3275004
3275768
3276532
3277300
3278064
3278828
4178128
4178472
4178856
4179236
4179620
4180004
4180384
4180760
4181152
4181528
4181912
4182296
4182680
4183064
4183608
4184372
4185136
4185904
4186668
4187432
4188196
4188964
4189728
4190492
4191256
4192024
4192788
4193552
4194324
4195084
4195848
4196612
4197384
4198144
4198908
4199672
4200436
4201204
4201968
4202732
4203496
4204264
4205028
4205792
4206556
4207324
4208088
4208852
4209616
4210384
4211148
4211912
4212676
4213444
4214208
4214972
4215736
4216504
4217268
4218032
4218796
4219564
4220328
4221092
4221856
4222624
4223388
4224152
4224916
4225684
4226448
4227212
4227976
4228744
4229508
4230272
4231036
4231804
4232568
4233332
4234096
4234864
4235628
4236392
4237156
4237924
4238688
4239452
4240216
4240984
4241748
4242512
4243276
4244044
4244808
4245572
4246336
4247104
4247868
4248632
4249396
4250164
4250928
4251692
4252456
4253224
4253988
4254752
4255516
4256284
4257048
4257812
4258576
4259344
4260108
4260880
4261636
4262404
4263168
4263932
4264696
4265464
4266228
4266992
4267756
4268524
4269288
4270052
4270816
4271584
4272348
4273112
4273876
4274644
4275408
4276172
4276936
4277704
5177012
5177360
5177748
5178124
5178516
5178892
5179276
5179660
5180048
5180432
5180816
5181192
5181584
5181964
5182492
5183256
5184024
5184788
5185556
5186316
5187084
5187848
5188620
5189376
5190144
5190908
5191672
5192436
5193204
5193968
5194732
5195496
5196260
5197028
5197792
5198556
5199324
5200088
5200852
5201616
5202384
5203148
5203912
5204676
5205444
5206208
5206972
5207736
5208504
5209268
5210032
5210796
5211564
5212328
5213092
5213856
5214624
5215388
5216152
5216916
5217684
5218448
5219212
5219976
5220744
5221508
5222272
5223036
5223804
5224568
5225332
5226096
5226864
5227628
5228392
5229156
5229924
5230688
5231452
5232216
5232984
5233748
5234512
5235276
5236044
5236808
5237572
5238336
5239104
5239868
5240632
5241396
5242164
5242928
5243692
5244456
5245224
5245988
5246752
5247516
5248284
5249048
5249812
5250576
5251344
5252112
5252872
5253636
5254404
5255172
5255932
5256696
5257464
5258228
5258992
5259756
5260524
5261288
5262052
5262816
5263584
5264348
5265112
5265876
5266644
5267408
5268172
5268936
5269704
5270468
5271232
5271996
5272764
5273528
5274292
5275056
5275824
5276588
6175900
6176244
6176628
6177012
6177396
6177772
6178164
6178540
6178932
6179312
6179696
6180080
6180468
6180844
6181380
6182144
6182908
6183676
6184440
6185204
6185968
6186736
6187500
6188264
6189028
6189796
6190560
6191324
6192088
6192856
6193620
6194384
6195148
6195916
6196680
6197444
6198208
6198976
6199740
6200504
6201268
6202036
6202800
6203564
6204328
6205096
6205860
6206624
6207388
6208156
6208920
6209684
6210448
6211216
6211980
6212744
6213508
6214276
6215040
6215804
6216568
6217336
6218100
6218864
6219628
6220396
6221160
6221924
6222688
6223456
6224220
6224984
6225748
6226516
6227280
6228044
6228808
6229576
6230340
6231104
6231868
6232636
6233400
6234164
6234928
6235696
6236460
6237224
6237988
6238756
6239520
6240284
6241048
6241816
6242580
6243348
6244108
6244876
6245640
6246412
6247168
6247936
6248700
6249464
6250228
6250996
6251760
6252524
6253288
6254056
6254820
6255584
6256348
6257116
6257880
6258644
6259408
6260176
6260940
6261704
6262468
6263236
6264000
6264764
6265528
6266296
6267060
6267824
6268588
6269356
6270120
6270884
6271648
6272416
6273180
6273944
6274708
6275476
7174784
7175124
7175516
7175896
7176288
7176664
7177048
7177432
7177820
7178196
7178588
7178964
7179356
7179744
7180260
7181028
7181792
7182556
7183320
7184088
7184852
7185616
7186380
7187148
7187912
7188676
7189440
7190208
7190972
7191736
7192500
7193268
7194032
7194796
7195560
7196328
7197092
7197856
7198620
7199384
7200152
7200916
7201680
7202444
7203212
7203976
7204740
7205504
7206272
7207036
7207800
7208568
7209332
7210096
7210860
7211624
7212392
7213156
7213920
7214688
7215452
7216216
7216980
7217744
7218512
7219276
7220040
7220808
7221572
7222336
7223100
7223868
7224632
7225396
7226160
7226924
7227692
7228456
7229220
7229984
7230752
7231516
7232280
7233044
7233812
7234580
7235340
7236104
7236872
7237644
7238400
7239164
7239932
7240696
7241460
7242228
7242992
7243756
7244520
7245288
7246052
7246816
7247580
7248344
7249112
7249876
7250640
7251408
7252172
7252936
7253700
7254468
7255232
7255996
7256760
7257528
7258292
7259056
7259820
7260584
7261352
7262116
7262880
7263644
7264412
7265176
7265940
7266708
7267472
7268236
7269000
7269768
7270532
7271296
7272060
7272828
7273592
7274356
8173664
8174008
8174396
8174780
8175168
8175544
8175940
8176316
8176712
8177096
8177476
8177868
8178248
8178632
8179144
8179908
8180676
8181440
8182204
8182968
8183736
8184500
8185264
8186028
8186796
8187560
8188324
8189088
8189856
8190620
8191384
8192148
8192916
8193680
8194444
8195208
8195976
8196740
8197504
8198268
8199036
8199800
8200564
8201328
8202096
8202860
8203624
8204388
8205156
8205920
8206684
8207452
8208216
8208980
8209744
8210508
8211276
8212040
8212804
8213572
8214336
8215100
8215864
8216632
8217396
8218160
8218924
8219688
8220456
8221220
8221984
8222748
8223516
8224280
8225044
8225812
8226576
8227340
8228104
8228876
8229636
8230400
8231164
8231932
8232696
8233460
8234224
8234988
8235756
8236520
8237284
8238048
8238816
8239580
8240344
8241108
8241876
8242640
8243404
8244168
8244936
8245700
8246464
8247232
8247996
8248760
8249524
8250292
8251056
8251820
8252584
8253348
8254116
8254880
8255644
8256408
8257176
8257940
8258704
8259468
8260236
8261000
8261764
8262528
8263296
8264060
8264824
8265588
8266356
8267120
8267884
8268648
8269416
8270180
8270944
8271708
8272476
8273240
9172548
9172892
9173284
9173664
9174056
9174436
9174824
9175216
9175592
9175972
9176364
9176752
9177136
9177520
9178028
9178792
9179560
9180324
9181088
9181852
9182620
9183384
9184148
9184912
9185680
9186444
9187208
9187972
9188740
9189504
9190268
9191032
9191800
9192564
9193328
9194092
9194860
9195624
9196388
9197152
9197920
9198684
9199448
9200212
9200980
9201744
9202508
9203272
9204040
9204804
9205568
9206332
9207100
9207864
9208628
9209392
9210160
9210924
9211688
9212452
9213220
9213984
9214748
9215512
9216280
9217044
9217808
9218572
9219340
9220108
9220868
9221632
9222400
9223164
9223928
9224692
9225460
9226224
9226988
9227752
9228520
9229284
9230048
9230812
9231580
9232344
9233108
9233872
9234640
9235404
9236168
9236932
9237700
9238464
9239228
9239992
9240760
9241524
9242288
9243052
9243820
9244584
9245348
9246112
9246880
9247644
9248408
9249172
9249940
9250704
9251468
9252232
9253000
9253764
9254528
9255292
9256060
9256824
9257588
9258352
9259120
9259884
9260648
9261412
9262180
9262944
9263708
9264472
9265240
9266004
9266768
9267532
9268300
9269064
9269828
9270592
9271360
9272124
10171432
10171820
10172252
10172696
10173128
10173568
10173996
10174428
10174868
10175296
10175736
10176168
10176612
10177292
10178140
10178992
10179840
10180692
10181540
10182392
10183240
10184092
10184940
10185792
10186640
10187492
10188340
10189192
10190040
10190892
10191740
10192592
10193440
10194292
10195140
10195992
10196840
10197692
10198540
10199392
10200240
10201096
10201940
10202792
10203640
10204492
10205340
10206192
10207040
10207892
10208740
10209592
10210440
10211292
10212140
10212992
10213840
10214692
10215540
10216392
10217240
10218092
10218940
10219792
10220640
10221492
10222340
10223192
10224040
10224892
10225740
10226592
10227440
10228292
10229140
10229992
10230840
10231692
10232540
10233392
10234240
10235092
10235940
10236792
10237640
10238492
10239340
10240192
10241044
10241892
10242740
10243592
10244440
10245292
10246140
10246992
10247840
10248692
10249540
10250392
10251240
10252092
10252940
10253792
10254640
10255492
10256340
10257192
10258040
10258892
10259740
10260592
10261440
10262292
10263140
10263992
10264840
10265692
10266540
10267392
10268240
10269092
10269940
10270792
11170316
11170704
11171140
11171580
11172020
11172448
11172884
11173316
11173744
11174184
11174612
11175048
11175488
11176176
11177024
11177876
11178724
11179576
11180424
11181276
11182124
11182976
11183824
11184676
11185524
11186376
11187224
11188076
11188924
11189776
11190624
11191476
11192332
11193176
11194024
11194876
11195724
11196576
11197424
11198276
11199124
11199976
11200824
11201676
11202524
11203376
11204224
11205076
11205924
11206776
11207624
11208476
11209324
11210176
11211024
11211876
11212724
11213576
11214424
11215276
11216124
11216976
11217824
11218676
11219524
11220376
11221224
11222076
11222924
11223776
11224624
11225476
11226324
11227176
11228024
11228876
11229724
11230576
11231424
11232276
11233124
11233976
11234824
11235676
11236524
11237380
11238224
11239076
11239924
11240776
11241624
11242476
11243324
11244176
11245024
11245876
11246724
11247576
11248424
11249276
11250124
11250976
11251824
11252676
11253524
11254376
11255224
11256076
11256924
11257776
11258624
11259476
11260324
11261176
11262024
11262876
11263724
11264576
11265424
11266276
11267124
11267976
11268824
11269676
12169200
12169592
12170024
12170468
12170900
12171336
12171768
12172196
12172632
12173064
12173500
12173932
12174376
12175064
12175912
12176764
12177612
12178464
12179312
12180164
12181012
12181864
12182712
12183568
12184412
12185264
12186112
12186964
12187812
12188664
12189512
12190364
12191212
12192064
12192912
12193764
12194612
12195464
12196312
12197164
12198012
12198864
12199712
12200564
12201412
12202264
12203112
12203964
12204812
12205664
12206512
12207364
12208212
12209064
12209912
12210764
12211612
12212464
12213312
12214164
12215012
12215864
12216712
12217564
12218412
12219264
12220112
12220964
12221812
12222664
12223512
12224364
12225212
12226064
12226912
12227764
12228620
12229464
12230312
12231164
12232012
12232864
12233712
12234564
12235412
12236264
12237112
12237964
12238812
12239664
12240512
12241364
12242212
12243064
12243912
12244764
12245612
12246464
12247312
12248164
12249012
12249864
12250712
12251564
12252412
12253264
12254112
12254964
12255812
12256664
12257512
12258364
12259212
12260064
12260912
12261764
12262612
12263464
12264312
12265164
12266012
12266864
12267712
12268564
13168084
13168468
13168904
13169340
13169776
13170204
13170636
13171072
13171500
13171936
13172364
13172800
13173232
13173940
13174796
13175640
13176488
13177340
13178188
13179040
13179888
13180740
13181588
13182440
13183288
13184140
13184988
13185840
13186688
13187540
13188388
13189240
13190088
13190940
13191788
13192640
13193488
13194340
13195188
13196040
13196888
13197740
13198588
13199440
13200288
13201140
13201988
13202840
13203688
13204540
13205388
13206240
13207088
13207940
13208788
13209640
13210488
13211340
13212188
13213040
13213888
13214740
13215588
13216440
13217288
13218140
13218988
13219844
13220688
13221540
13222388
13223240
13224088
13224940
13225788
13226640
13227488
13228340
13229188
13230040
13230888
13231740
13232588
13233440
13234288
13235140
13235988
13236840
13237688
13238540
13239388
13240240
13241088
13241940
13242788
13243640
13244488
13245340
13246188
13247040
13247888
13248740
13249588
13250440
13251288
13252140
13252988
13253840
13254688
13255540
13256388
13257240
13258088
13258940
13259796
13260640
13261488
13262340
13263188
13264040
13264888
13265740
13266588
13267440
14166968
14167360
14167792
14168236
14168668
14169104
14169536
14169968
14170404
14170832
14171272
14171700
14172132
14172832
14173680
14174532
14175380
14176232
14177080
14177932
14178780
14179632
14180480
14181332
14182180
14183032
14183880
14184732
14185580
14186432
14187280
14188132
14188980
14189832
14190680
14191532
14192380
14193232
14194080
14194932
14195780
14196632
14197480
14198332
14199180
14200032
14200880
14201732
14202580
14203432
14204280
14205132
14205980
14206832
14207680
14208532
14209380
14210232
14211088
14211932
14212780
14213632
14214480
14215332
14216180
14217032
14217880
14218732
14219580
14220432
14221280
14222132
14222980
14223832
14224680
14225532
14226380
14227232
14228080
14228932
14229780
14230632
14231480
14232332
14233180
14234032
14234880
14235732
14236580
14237432
14238280
14239132
14239980
14240832
14241680
14242532
14243380
14244232
14245080
14245932
14246780
14247632
14248480
14249332
14250180
14251032
14251880
14252732
14253580
14254432
14255280
14256140
14256980
14257832
14258680
14259532
14260380
14261232
14262080
14262932
14263780
14264632
14265480
14266332
15165852
15166240
15166676
15167116
15167556
15167988
15168420
15168856
15169284
15169720
15170152
15170600
15171028
15171712
15172560
15173412
15174260
15175112
15175960
15176812
15177660
15178512
15179360
15180212
15181060
15181912
15182760
15183612
15184460
15185312
15186160
15187012
15187860
15188712
15189560
15190412
15191260
15192112
15192960
15193812
15194660
15195512
15196360
15197212
15198060
15198912
15199760
15200612
15201460
15202316
15203160
15204012
15204860
15205712
15206560
15207412
15208260
15209112
15209960
15210812
15211660
15212512
15213360
15214212
15215060
15215912
15216760
15217612
15218460
15219312
15220160
15221012
15221860
15222712
15223560
15224412
15225260
15226112
15226960
15227812
15228660
15229512
15230360
15231212
15232060
15232912
15233760
15234612
15235460
15236312
15237160
15238012
15238860
15239712
15240560
15241412
15242260
15243112
15243960
15244812
15245660
15246512
15247368
15248212
15249060
15249912
15250760
15251612
15252460
15253312
15254160
15255012
15255860
15256712
15257560
15258412
15259260
15260112
15260960
15261812
15262660
15263512
15264360
15265212
16164736
16165128
16165560
16166004
16166436
16166864
16167300
16167732
16168168
16168596
16169032
16169464
16169892
16170600
16171448
16172300
16173148
16174000
16174848
16175700
16176548
16177400
16178248
16179100
16179948
16180800
16181648
16182500
16183348
16184200
16185048
16185900
16186748
16187600
16188448
16189300
16190148
16191000
16191848
16192700
16193556
16194400
16195248
16196100
16196948
16197800
16198648
16199500
16200348
16201200
16202048
16202900
16203748
16204600
16205448
16206300
16207148
16208000
16208848
16209700
16210548
16211400
16212248
16213100
16213948
16214800
16215648
16216500
16217348
16218200
16219048
16219900
16220748
16221600
16222448
16223300
16224148
16225000
16225848
16226700
16227548
16228400
16229248
16230100
16230948
16231800
16232648
16233500
16234348
16235200
16236048
16236900
16237748
16238604
16239448
16240300
16241148
16242000
16242848
16243700
16244548
16245400
16246248
16247100
16247948
16248800
16249648
16250500
16251348
16252200
16253048
16253900
16254748
16255600
16256448
16257300
16258148
16259000
16259848
16260700
16261548
16262400
16263248
16264100
17163620
17164008
17164444
17164880
17165312
17165748
17166176
17166612
17167044
17167480
17167912
17168340
17168776
17169476
17170328
17171176
17172028
17172876
17173728
17174576
17175428
17176276
17177128
17177976
17178828
17179676
17180528
17181376
17182228
17183076
17183928
17184784
17185628
17186476
17187328
17188176
17189028
17189876
17190728
17191576
17192428
17193276
17194128
17194976
17195828
17196676
17197528
17198376
17199228
17200076
17200928
17201776
17202628
17203476
17204328
17205176
17206028
17206876
17207728
17208576
17209428
17210276
17211128
17211976
17212828
17213676
17214528
17215376
17216228
17217076
17217928
17218776
17219628
17220476
17221328
17222176
17223028
17223876
17224728
17225576
17226428
17227276
17228128
17228976
17229832
17230676
17231528
17232376
17233228
17234076
17234928
17235776
17236628
17237476
17238328
17239176
17240028
17240876
17241728
17242576
17243428
17244276
17245128
17245976
17246828
17247676
17248528
17249376
17250228
17251076
17251928
17252776
17253628
17254476
17255328
17256176
17257028
17257876
17258728
17259576
17260428
17261276
17262128
17262976
18162504
18162900
18163332
18163776
18164208
18164636
18165076
18165508
18165944
18166376
18166812
18167244
18167684
18168368
18169220
18170068
18170920
18171768
18172620
18173468
18174320
18175168
18176020
18176868
18177720
18178568
18179420
18180268
18181124
18181968
18182820
18183668
18184520
18185368
18186220
18187068
18187920
18188768
18189620
18190468
18191320
18192168
18193020
18193868
18194720
18195568
18196420
18197268
18198120
18198968
18199820
18200668
18201520
18202368
18203220
18204068
18204920
18205768
18206620
18207468
18208320
18209168
18210020
18210868
18211720
18212568
18213420
18214268
18215120
18215968
18216820
18217668
18218520
18219368
18220220
18221076
18221920
18222768
18223620
18224468
18225320
18226168
18227020
18227868
18228720
18229568
18230420
18231268
18232120
18232968
18233820
18234668
18235520
18236368
18237220
18238068
18238920
18239768
18240620
18241468
18242320
18243168
18244020
18244868
18245720
18246568
18247420
18248268
18249120
18249968
18250820
18251668
18252520
18253368
18254220
18255068
18255920
18256768
18257620
18258468
18259320
18260168
18261020
18261868
19161388
19161776
19162216
19162656
19163088
19163524
19163956
19164396
19164828
19165268
19165700
19166140
19166580
19167252
19168096
19168948
19169796
19170648
19171496
19172348
19173196
19174048
19174896
19175748
19176596
19177448
19178296
19179148
19179996
19180848
19181696
19182548
19183396
19184248
19185096
19185948
19186796
19187648
19188496
19189348
19190196
19191048
19191896
19192748
19193596
19194448
19195296
19196148
19196996
19197848
19198696
19199548
19200396
19201248
19202096
19202948
19203796
19204648
19205496
19206348
19207196
19208048
19208896
19209748
19210596
19211448
19212304
19213148
19213996
19214848
19215696
19216548
19217396
19218248
19219096
19219948
19220796
19221648
19222496
19223348
19224196
19225048
19225896
19226748
19227596
19228448
19229296
19230148
19230996
19231848
19232696
19233548
19234396
19235248
19236096
19236948
19237796
19238648
19239496
19240348
19241196
19242048
19242896
19243748
19244596
19245448
19246296
19247148
19247996
19248848
19249696
19250548
19251396
19252248
19253096
19253948
19254796
19255648
19256496
19257352
19258196
19259048
19259896
19260748
20160272
20160664
20161096
20161524
20161972
20162400
20162836
20163268
20163704
20164136
20164564
20165000
20165432
20166136
20166984
20167836
20168684
20169536
20170384
20171236
20172084
20172936
20173784
20174636
20175484
20176336
20177184
20178036
20178884
20179736
20180584
20181436
20182284
20183136
20183984
20184836
20185684
20186536
20187384
20188236
20189084
20189936
20190784
20191636
20192484
20193336
20194184
20195036
20195884
20196736
20197584
20198436
20199284
20200136
20200984
20201836
20202684
20203540
20204384
20205236
20206084
20206936
20207784
20208636
20209484
20210336
20211184
20212036
20212884
20213736
20214584
20215436
20216284
20217136
20217984
20218836
20219684
20220536
20221384
20222236
20223084
20223936
20224784
20225636
20226484
20227336
20228184
20229036
20229884
20230736
20231584
20232436
20233284
20234136
20234984
20235836
20236684
20237536
20238384
20239236
20240084
20240936
20241784
20242636
20243484
20244336
20245184
20246036
20246884
20247736
20248592
20249436
20250284
20251136
20251984
20252836
20253684
20254536
20255384
20256236
20257084
20257936
20258784
20259636
21159156
21159544
21159980
21160416
21160848
21161284
21161712
21162148
21162576
21163012
21163444
21163876
21164312
21165012
21165864
21166712
21167564
21168412
21169264
21170112
21170964
21171812
21172664
21173512
21174364
21175212
21176064
21176912
21177764
21178612
21179464
21180312
21181164
21182012
21182864
21183712
21184564
21185412
21186264
21187112
21187964
21188812
21189664
21190512
21191364
21192212
21193064
21193912
21194768
21195612
21196464
21197312
21198164
21199012
21199864
21200712
21201564
21202412
21203264
21204112
21204964
21205812
21206664
21207512
21208364
21209212
21210064
21210912
21211764
21212612
21213464
21214312
21215164
21216012
21216864
21217712
21218564
21219412
21220264
21221112
21221964
21222812
21223664
21224512
21225364
21226212
21227064
21227912
21228764
21229612
21230464
21231312
21232164
21233012
21233864
21234712
21235564
21236412
21237264
21238112
21238964
21239820
21240664
21241512
21242364
21243212
21244064
21244912
21245764
21246612
21247464
21248312
21249164
21250012
21250864
21251712
21252564
21253412
21254264
21255112
21255964
21256812
21257664
21258512
22158040
22158436
22158864
22159296
22159744
22160172
22160608
22161040
22161476
22161908
22162336
22162776
22163204
22163904
22164756
22165604
22166456
22167304
22168156
22169004
22169856
22170704
22171556
22172404
22173256
22174104
22174956
22175804
22176656
22177504
22178356
22179204
22180056
22180904
22181756
22182604
22183456
22184304
22185156
22186004
22186856
22187704
22188556
22189404
22190256
22191112
22191956
22192804
22193656
22194504
22195356
22196204
22197056
22197904
22198756
22199604
22200456
22201304
22202156
22203004
22203856
22204704
22205556
22206404
22207256
22208104
22208956
22209804
22210656
22211504
22212356
22213204
22214056
22214904
22215756
22216604
22217456
22218304
22219156
22220004
22220856
22221704
22222556
22223404
22224256
22225104
22225956
22226804
22227656
22228504
22229356
22230204
22231060
22231904
22232756
22233604
22234456
22235304
22236156
22237004
22237856
22238704
22239556
22240404
22241256
22242104
22242956
22243804
22244656
22245504
22246356
22247204
22248056
22248904
22249756
22250604
22251456
22252304
22253156
22254004
22254856
22255704
22256556
22257404
23156924
23157312
23157740
23158188
23158620
23159056
23159488
23159924
23160356
23160788
23161224
23161656
23162100
23162780
23163632
23164480
23165328
23166180
23167032
23167880
23168732
23169580
23170428
23171280
23172132
23172980
23173832
23174680
23175532
23176380
23177236
23178080
23178932
23179780
23180632
23181480
23182332
23183180
23184032
23184880
23185732
23186580
23187432
23188280
23189132
23189980
23190828
23191680
23192532
23193380
23194232
23195080
23195932
23196780
23197632
23198480
23199332
23200180
23201032
23201880
23202732
23203580
23204432
23205280
23206132
23206980
23207832
23208680
23209528
23210380
23211232
23212080
23212928
23213780
23214632
23215480
23216332
23217180
23218032
23218880
23219732
23220580
23221428
23222288
23223132
23223980
23224832
23225680
23226532
23227380
23228232
23229080
23229928
23230780
23231632
23232480
23233332
23234180
23235032
23235880
23236732
23237580
23238432
23239280
23240132
23240980
23241832
23242680
23243532
23244380
23245232
23246080
23246932
23247780
23248632
23249480
23250332
23251180
23252032
23252880
23253732
23254580
23255432
23256280
24155808
24156200
24156632
24157072
24157512
24157944
24158380
24158816
24159252
24159684
24160116
24160564
24160992
24161664
24162516
24163364
24164216
24165064
24165916
24166764
24167616
24168468
24169316
24170164
24171016
24171864
24172716
24173564
24174416
24175264
24176116
24176964
24177816
24178664
24179516
24180364
24181216
24182064
24182916
24183764
24184616
24185464
24186316
24187164
24188016
24188864
24189716
24190564
24191416
24192264
24193116
24193964
24194816
24195664
24196516
24197364
24198216
24199064
24199916
24200764
24201616
24202464
24203316
24204164
24205016
24205864
24206716
24207564
24208416
24209264
24210116
24210964
24211816
24212664
24213520
24214364
24215216
24216064
24216916
24217764
24218616
24219464
24220316
24221164
24222016
24222864
24223716
24224564
24225416
24226264
24227116
24227964
24228816
24229664
24230516
24231364
24232216
24233064
24233916
24234764
24235616
24236464
24237316
24238164
24239016
24239864
24240716
24241564
24242416
24243264
24244116
24244964
24245816
24246664
24247516
24248364
24249216
24250064
24250916
24251764
24252616
24253464
24254316
24255164
25154692
25155080
25155512
25155956
25156388
25156824
25157256
25157692
25158124
25158556
25158996
25159428
25159872
25160548
25161400
25162248
25163100
25163948
25164804
25165648
25166500
25167348
25168200
25169048
25169900
25170748
25171600
25172448
25173300
25174148
25175000
25175848
25176700
25177548
25178400
25179248
25180100
25180948
25181800
25182648
25183500
25184348
25185200
25186048
25186900
25187748
25188600
25189448
25190300
25191148
25192000
25192848
25193700
25194548
25195400
25196248
25197100
25197948
25198800
25199648
25200500
25201348
25202200
25203048
25203900
25204756
25205600
25206448
25207300
25208148
25209000
25209848
25210700
25211548
25212400
25213248
25214100
25214948
25215800
25216648
25217500
25218348
25219200
25220048
25220900
25221748
25222600
25223448
25224300
25225148
25226000
25226848
25227700
25228548
25229400
25230248
25231100
25231948
25232800
25233648
25234500
25235348
25236200
25237048
25237900
25238748
25239600
25240448
25241300
25242148
25243000
25243848
25244700
25245548
25246400
25247248
25248100
25248948
25249804
25250648
25251500
25252348
25253200
25254048
26153576
26153964
26154400
26154840
26155280
26155712
26156148
26156580
26157012
26157448
26157880
26158328
26158760
26159432
26160284
26161132
26161984
26162832
26163684
26164532
26165384
26166232
26167084
26167936
26168784
26169636
26170484
26171332
26172184
26173032
26173884
26174732
26175584
26176432
26177284
26178132
26178984
26179836
26180684
26181536
26182384
26183232
26184084
26184936
26185784
26186632
26187484
26188336
26189184
26190032
26190884
26191732
26192584
26193432
26194284
26195132
26195988
26196836
26197684
26198536
26199384
26200232
26201084
26201932
26202784
26203636
26204484
26205332
26206184
26207036
26207884
26208736
26209584
26210432
26211284
26212132
26212984
26213836
26214684
26215532
26216384
26217232
26218084
26218932
26219784
26220632
26221484
26222332
26223184
26224036
26224884
26225736
26226584
26227432
26228284
26229132
26229984
26230836
26231684
26232532
26233384
26234232
26235084
26235936
26236784
26237632
26238484
26239336
26240184
26241040
26241884
26242732
26243584
26244436
26245284
26246132
26246984
26247836
26248684
26249532
26250384
26251236
26252084
26252932
27152460
27152848
27153276
27153724
27154156
27154592
27155024
27155456
27155892
27156324
27156760
27157192
27157636
27158320
27159168
27160016
27160868
27161716
27162568
27163416
27164268
27165116
27165968
27166820
27167668
27168516
27169368
27170216
27171068
27171916
27172768
27173616
27174468
27175316
27176168
27177016
27177868
27178720
27179568
27180416
27181268
27182116
27182968
27183816
27184668
27185516
27186368
27187220
27188068
27188916
27189768
27190616
27191468
27192320
27193168
27194016
27194868
27195716
27196568
27197416
27198268
27199116
27199968
27200816
27201668
27202516
27203368
27204216
27205068
27205916
27206768
27207616
27208468
27209316
27210168
27211016
27211868
27212716
27213568
27214416
27215268
27216116
27216968
27217816
27218668
27219516
27220368
27221216
27222068
27222916
27223768
27224616
27225468
27226316
27227168
27228016
27228868
27229716
27230568
27231416
27232272
27233116
27233968
27234816
27235668
27236516
27237368
27238216
27239068
27239916
27240768
27241616
27242468
27243316
27244168
27245016
27245868
27246716
27247568
27248416
27249268
27250116
27250968
27251816
28151344
28151732
28152180
28152612
28153052
28153484
28153924
28154356
28154788
28155228
28155668
28156104
28156540
28157204
28158052
28158904
28159752
28160604
28161456
28162304
28163152
28164004
28164852
28165704
28166552
28167404
28168252
28169104
28169952
28170804
28171652
28172504
28173352
28174204
28175052
28175904
28176752
28177604
28178452
28179304
28180152
28181004
28181852
28182704
28183560
28184404
28185252
28186104
28186952
28187804
28188652
28189504
28190352
28191204
28192052
28192904
28193752
28194604
28195452
28196304
28197152
28198004
28198856
28199704
28200552
28201404
28202252
28203104
28203956
28204804
28205652
28206504
28207352
28208204
28209052
28209904
28210752
28211604
28212452
28213304
28214152
28215004
28215852
28216704
28217552
28218404
28219256
28220104
28220952
28221804
28222652
28223508
28224352
28225204
28226056
28226904
28227752
28228604
28229452
28230304
28231152
28232004
28232852
28233704
28234556
28235404
28236252
28237104
28237952
28238804
28239656
28240504
28241352
28242204
28243052
28243904
28244752
28245604
28246452
28247304
28248152
28249004
28249852
28250704
29150228
29150616
29151048
29151496
29151928
29152364
29152796
29153228
29153664
29154096
29154536
29154976
29155412
29156084
29156936
29157784
29158636
29159484
29160336
29161184
29162036
29162884
29163736
29164584
29165436
29166284
29167136
29167984
29168836
29169684
29170536
29171384
29172236
29173084
29173936
29174792
29175636
29176484
29177336
29178184
29179036
29179884
29180736
29181584
29182436
29183284
29184136
29184984
29185836
29186684
29187536
29188384
29189236
29190084
29190936
29191784
29192636
29193484
29194336
29195184
29196036
29196884
29197736
29198584
29199436
29200284
29201136
29201984
29202836
29203684
29204536
29205384
29206236
29207084
29207936
29208784
29209636
29210484
29211336
29212184
29213036
29213884
29214740
29215584
29216436
29217284
29218136
29218984
29219836
29220684
29221536
29222384
29223236
29224084
29224936
29225784
29226636
29227484
29228336
29229184
29230036
29230884
29231736
29232584
29233436
29234284
29235136
29235984
29236836
29237684
29238536
29239384
29240236
29241084
29241936
29242784
29243636
29244484
29245336
29246184
29247036
29247884
29248736
29249584
30149112
30149500
30149940
30150380
30150816
30151248
30151684
30152116
30152548
30152984
30153416
30153864
30154296
30154972
30155820
30156672
30157520
30158372
30159220
30160072
30160920
30161772
30162620
30163472
30164320
30165172
30166028
30166872
30167720
30168572
30169420
30170272
30171120
30171972
30172820
30173672
30174520
30175372
30176220
30177072
30177920
30178772
30179620
30180472
30181320
30182172
30183020
30183872
30184720
30185572
30186420
30187272
30188120
30188972
30189820
30190672
30191520
30192372
30193220
30194072
30194920
30195772
30196620
30197472
30198320
30199172
30200020
30200872
30201720
30202572
30203420
30204272
30205120
30205972
30206820
30207672
30208520
30209372
30210220
30211076
30211920
30212772
30213620
30214472
30215320
30216172
30217020
30217872
30218720
30219572
30220420
30221272
30222120
30222972
30223820
30224672
30225520
30226372
30227220
30228072
30228920
30229772
30230620
30231472
30232320
30233172
30234020
30234872
30235720
30236572
30237420
30238272
30239120
30239972
30240820
30241672
30242520
30243372
30244220
30245072
30245920
30246772
30247620
30248472
31147996
31148392
31148824
31149268
31149700
31150140
31150572
31151004
31151440
31151872
31152312
31152752
31153188
31153864
31154712
31155560
31156412
31157268
31158112
31158960
31159812
31160660
31161512
31162364
31163212
31164064
31164912
31165760
31166612
31167460
31168312
31169160
31170012
31170860
31171712
31172560
31173412
31174260
31175112
31175960
31176812
31177660
31178512
31179360
31180212
31181060
31181912
31182760
31183612
31184460
31185312
31186160
31187012
31187860
31188712
31189560
31190412
31191260
31192112
31192964
31193812
31194660
31195512
31196360
31197212
31198060
31198912
31199764
31200612
31201464
31202316
31203160
31204012
31204860
31205712
31206564
31207412
31208260
31209112
31209960
31210812
31211660
31212512
31213360
31214212
31215060
31215912
31216760
31217612
31218460
31219312
31220160
31221012
31221860
31222712
31223560
31224412
31225260
31226112
31226960
31227812
31228660
31229512
31230360
31231212
31232060
31232912
31233760
31234612
31235460
31236312
31237160
31238012
31238860
31239712
31240564
31241412
31242260
31243112
31243960
31244812
31245660
31246512
31247368
32146880
32147268
32147704
32148144
32148580
32149012
32149440
32149880
32150308
32150748
32151180
32151624
32152056
32152736
32153588
32154436
32155288
32156136
32156988
32157836
32158688
32159536
32160388
32161236
32162088
32162936
32163788
32164636
32165488
32166336
32167188
32168036
32168888
32169736
32170588
32171436
32172288
32173136
32173988
32174836
32175688
32176536
32177388
32178236
32179088
32179936
32180788
32181636
32182488
32183336
32184188
32185036
32185888
32186736
32187588
32188436
32189288
32190136
32190988
32191836
32192688
32193544
32194388
32195236
32196088
32196936
32197788
32198636
32199488
32200336
32201188
32202036
32202888
32203736
32204588
32205436
32206288
32207136
32207988
32208836
32209688
32210536
32211388
32212236
32213088
32213936
32214788
32215636
32216488
32217336
32218188
32219036
32219888
32220736
32221588
32222436
32223288
32224136
32224988
32225836
32226688
32227536
32228388
32229236
32230088
32230936
32231788
32232636
32233492
32234336
32235188
32236036
32236888
32237736
32238588
32239436
32240288
32241136
32241988
32242836
32243688
32244536
32245388
32246236
33145764
33146156
33146588
33147032
33147464
33147896
33148332
33148764
33149200
33149632
33150068
33150500
33150940
33151624
33152476
33153324
33154176
33155024
33155876
33156724
33157576
33158424
33159276
33160124
33160976
33161824
33162676
33163524
33164376
33165224
33166076
33166924
33167776
33168624
33169476
33170324
33171176
33172024
33172876
33173724
33174576
33175424
33176276
33177124
33177976
33178824
33179676
33180524
33181376
33182224
33183076
33183924
33184780
33185624
33186476
33187324
33188176
33189024
33189876
33190724
33191576
33192424
33193276
33194124
33194976
33195824
33196676
33197524
33198376
33199224
33200076
33200924
33201776
33202624
33203476
33204324
33205176
33206024
33206876
33207724
33208576
33209424
33210276
33211124
33211976
33212824
33213676
33214524
33215376
33216224
33217076
33217924
33218776
33219624
33220476
33221324
33222176
33223024
33223876
33224724
33225576
33226424
33227276
33228124
33228976
33229832
33230676
33231524
33232376
33233224
33234076
33234924
33235776
33236624
33237476
33238324
33239176
33240024
33240876
33241724
33242576
33243424
33244276
33245124
34144648
34145032
34145472
34145908
34146348
34146776
34147208
34147644
34148076
34148512
34148944
34149392
34149824
34150504
34151352
34152204
34153052
34153904
34154752
34155604
34156452
34157304
34158152
34159004
34159852
34160704
34161552
34162404
34163252
34164104
34164952
34165804
34166652
34167504
34168352
34169204
34170052
34170904
34171752
34172604
34173452
34174304
34175152
34176008
34176852
34177704
34178552
34179404
34180252
34181104
34181952
34182804
34183652
34184504
34185352
34186204
34187052
34187904
34188752
34189604
34190452
34191304
34192152
34193004
34193852
34194704
34195552
34196404
34197252
34198104
34198952
34199804
34200652
34201504
34202352
34203204
34204052
34204904
34205752
34206604
34207452
34208304
34209152
34210004
34210852
34211704
34212552
34213404
34214252
34215104
34215956
34216804
34217652
34218504
34219352
34220204
34221052
34221904
34222752
34223604
34224452
34225304
34226152
34227004
34227852
34228704
34229552
34230404
34231252
34232104
34232952
34233804
34234652
34235504
34236352
34237204
34238052
34238904
34239752
34240604
34241452
34242304
34243152
34244004
35143532
35143928
35144360
35144804
35145236
35145668
35146104
35146536
35146976
35147408
35147844
35148284
35148716
35149396
35150248
35151096
35151948
35152796
35153648
35154496
35155348
35156196
35157048
35157896
35158748
35159596
35160448
35161296
35162148
35162996
35163848
35164696
35165548
35166396
35167252
35168096
35168948
35169796
35170648
35171496
35172348
35173196
35174048
35174896
35175748
35176596
35177448
35178296
35179148
35179996
35180848
35181696
35182548
35183396
35184248
35185096
35185948
35186796
35187648
35188496
35189348
35190196
35191048
35191896
35192748
35193596
35194448
35195296
35196148
35196996
35197848
35198696
35199548
35200396
35201248
35202096
35202948
35203796
35204648
35205496
35206348
35207196
35208048
35208896
35209748
35210596
35211448
35212304
35213148
35213996
35214848
35215696
35216548
35217396
35218248
35219096
35219948
35220796
35221648
35222496
35223348
35224196
35225048
35225896
35226748
35227596
35228448
35229296
35230148
35230996
35231848
35232696
35233548
35234396
35235248
35236096
35236948
35237796
35238648
35239496
35240348
35241196
35242048
35242896
36142416
36142800
36143240
36143680
36144112
36144548
36144980
36145416
36145848
36146284
36146716
36147148
36147596
36148272
36149120
36149972
36150820
36151672
36152520
36153372
36154220
36155072
36155920
36156772
36157620
36158480
36159320
36160172
36161020
36161872
36162720
36163572
36164420
36165272
36166120
36166972
36167820
36168672
36169520
36170372
36171220
36172072
36172920
36173772
36174620
36175472
36176320
36177172
36178020
36178872
36179720
36180572
36181420
36182272
36183120
36183972
36184820
36185672
36186520
36187372
36188220
36189072
36189920
36190772
36191620
36192472
36193320
36194172
36195020
36195872
36196720
36197572
36198420
36199272
36200120
36200972
36201820
36202672
36203528
36204372
36205220
36206072
36206920
36207772
36208620
36209472
36210320
36211172
36212020
36212872
36213720
36214572
36215420
36216272
36217120
36217972
36218820
36219672
36220520
36221372
36222220
36223072
36223920
36224772
36225620
36226472
36227320
36228172
36229020
36229872
36230720
36231572
36232420
36233272
36234120
36234972
36235820
36236672
36237520
36238372
36239220
36240072
36240920
36241772
37141300
37141692
37142124
37142572
37143000
37143432
37143872
37144304
37144740
37145172
37145608
37146040
37146476
37147164
37148012
37148864
37149716
37150564
37151412
37152264
37153112
37153964
37154812
37155664
37156512
37157364
37158212
37159064
37159912
37160764
37161612
37162464
37163312
37164164
37165012
37165864
37166712
37167564
37168412
37169264
37170112
37170964
37171812
37172664
37173512
37174364
37175212
37176064
37176912
37177764
37178612
37179464
37180312
37181164
37182012
37182864
37183712
37184564
37185412
37186264
37187112
37187964
37188812
37189664
37190512
37191364
37192212
37193064
37193912
37194768
37195612
37196464
37197312
37198164
37199012
37199864
37200712
37201564
37202412
37203264
37204112
37204964
37205812
37206664
37207512
37208364
37209212
37210064
37210912
37211764
37212612
37213464
37214312
37215164
37216012
37216864
37217712
37218564
37219412
37220264
37221112
37221964
37222812
37223664
37224512
37225364
37226212
37227064
37227912
37228764
37229612
37230464
37231312
37232164
37233012
37233864
37234712
37235564
37236412
37237264
37238112
37238964
37239820
37240664
38140184
38140572
38141020
38141452
38141884
38142324
38142756
38143196
38143628
38144068
38144508
38144936
38145376
38146044
38146892
38147744
38148592
38149444
38150292
38151144
38151992
38152844
38153692
38154544
38155392
38156244
38157092
38157944
38158792
38159644
38160492
38161344
38162192
38163044
38163892
38164744
38165592
38166444
38167292
38168144
38168992
38169844
38170692
38171544
38172392
38173244
38174092
38174944
38175792
38176644
38177492
38178344
38179192
38180044
38180892
38181744
38182592
38183444
38184292
38185144
38186000
38186844
38187692
38188544
38189392
38190244
38191092
38191944
38192792
38193644
38194492
38195344
38196192
38197044
38197892
38198744
38199592
38200444
38201292
38202144
38202992
38203844
38204692
38205544
38206392
38207244
38208092
38208944
38209792
38210644
38211492
38212344
38213192
38214044
38214892
38215744
38216592
38217444
38218292
38219144
38219992
38220844
38221692
38222544
38223392
38224244
38225092
38225944
38226792
38227644
38228492
38229344
38230192
38231048
38231892
38232744
38233592
38234444
38235292
38236144
38236992
38237844
38238692
38239544
39139068
39139464
39139896
39140336
39140776
39141208
39141648
39142080
39142520
39142948
39143380
39143828
39144260
39144932
39145784
39146636
39147484
39148336
39149184
39150032
39150884
39151736
39152584
39153432
39154284
39155132
39155984
39156832
39157684
39158532
39159384
39160232
39161084
39161932
39162784
39163632
39164484
39165332
39166184
39167032
39167884
39168732
39169584
39170432
39171284
39172132
39172984
39173832
39174684
39175532
39176384
39177236
39178084
39178936
39179784
39180632
39181484
39182336
39183184
39184032
39184884
39185736
39186584
39187432
39188284
39189132
39189984
39190832
39191684
39192536
39193384
39194232
39195084
39195932
39196784
39197636
39198484
39199332
39200184
39201032
39201884
39202732
39203584
39204432
39205284
39206132
39206984
39207832
39208684
39209532
39210384
39211232
39212084
39212936
39213784
39214632
39215484
39216336
39217184
39218036
39218884
39219732
39220584
39221432
39222292
39223132
39223984
39224832
39225684
39226536
39227384
39228232
39229084
39229932
39230784
39231636
39232484
39233332
39234184
39235032
39235884
39236732
39237584
39238436
40137952
40138340
40138780
40139220
40139652
40140092
40140524
40140964
40141392
40141828
40142260
40142688
40143136
40143812
40144660
40145512
40146360
40147212
40148060
40148912
40149760
40150612
40151460
40152312
40153160
40154012
40154860
40155712
40156560
40157412
40158260
40159112
40159960
40160812
40161660
40162512
40163360
40164212
40165060
40165912
40166760
40167612
40168468
40169312
40170160
40171012
40171860
40172712
40173560
40174412
40175260
40176112
40176960
40177812
40178660
40179512
40180360
40181212
40182060
40182912
40183760
40184612
40185460
40186312
40187160
40188012
40188860
40189712
40190560
40191412
40192260
40193112
40193960
40194812
40195660
40196512
40197360
40198212
40199060
40199912
40200760
40201612
40202460
40203312
40204160
40205012
40205860
40206712
40207560
40208412
40209260
40210112
40210960
40211812
40212660
40213516
40214360
40215212
40216060
40216912
40217760
40218612
40219460
40220312
40221160
40222012
40222860
40223712
40224560
40225412
40226260
40227112
40227960
40228812
40229660
40230512
40231360
40232212
40233060
40233912
40234760
40235612
40236460
40237312
41136836
41137228
41137656
41138096
41138532
41138964
41139400
41139832
41140268
41140700
41141128
41141568
41142004
41142692
41143540
41144392
41145240
41146092
41146940
41147792
41148640
41149492
41150340
41151192
41152040
41152892
41153740
41154592
41155440
41156292
41157140
41157992
41158840
41159696
41160540
41161392
41162240
41163092
41163940
41164792
41165640
41166492
41167340
41168192
41169040
41169892
41170740
41171592
41172440
41173292
41174140
41174992
41175840
41176692
41177540
41178392
41179240
41180092
41180940
41181792
41182640
41183492
41184340
41185192
41186040
41186892
41187740
41188592
41189440
41190292
41191140
41191992
41192840
41193692
41194540
41195392
41196240
41197092
41197940
41198792
41199640
41200492
41201340
41202192
41203040
41203892
41204748
41205592
41206440
41207292
41208140
41208992
41209840
41210692
41211540
41212392
41213240
41214092
41214940
41215792
41216640
41217492
41218340
41219192
41220040
41220892
41221740
41222592
41223440
41224292
41225140
41225992
41226840
41227692
41228540
41229392
41230240
41231092
41231940
41232792
41233640
41234492
41235340
41236192
42135720
42136108
42136540
42136984
42137416
42137852
42138280
42138716
42139148
42139580
42140016
42140448
42140892
42141576
42142428
42143276
42144128
42144976
42145828
42146676
42147528
42148376
42149228
42150076
42150932
42151776
42152628
42153476
42154328
42155176
42156028
42156876
42157728
42158576
42159428
42160276
42161128
42161976
42162828
42163676
42164528
42165376
42166228
42167076
42167928
42168776
42169628
42170476
42171328
42172176
42173028
42173876
42174728
42175576
42176428
42177276
42178128
42178976
42179828
42180676
42181528
42182376
42183228
42184076
42184928
42185776
42186628
42187476
42188328
42189176
42190028
42190876
42191728
42192576
42193428
42194276
42195128
42195984
42196828
42197676
42198528
42199376
42200228
42201076
42201928
42202776
42203628
42204476
42205328
42206176
42207028
42207876
42208728
42209576
42210428
42211276
42212128
42212976
42213828
42214676
42215528
42216376
42217228
42218076
42218928
42219776
42220628
42221476
42222328
42223176
42224028
42224876
42225728
42226576
42227428
42228276
42229128
42229976
42230828
42231676
42232528
42233376
42234228
42235076
43134604
43134996
43135428
43135868
43136308
43136740
43137176
43137608
43138036
43138472
43138904
43139348
43139780
43140460
43141312
43142164
43143012
43143860
43144712
43145560
43146412
43147260
43148112
43148960
43149812
43150660
43151512
43152360
43153212
43154060
43154912
43155760
43156612
43157460
43158312
43159160
43160012
43160860
43161712
43162560
43163412
43164260
43165112
43165960
43166812
43167660
43168512
43169360
43170212
43171060
43171912
43172760
43173612
43174460
43175312
43176160
43177012
43177860
43178712
43179560
43180412
43181260
43182112
43182960
43183812
43184660
43185512
43186360
43187216
43188060
43188912
43189760
43190612
43191460
43192312
43193160
43194012
43194860
43195712
43196560
43197412
43198260
43199112
43199960
43200812
43201660
43202512
43203360
43204212
43205060
43205912
43206760
43207612
43208460
43209312
43210160
43211012
43211860
43212712
43213560
43214412
43215260
43216112
43216960
43217812
43218660
43219512
43220360
43221212
43222060
43222912
43223760
43224612
43225460
43226312
43227160
43228012
43228860
43229712
43230560
43231412
43232268
43233112
43233960
44133488
44133876
44134308
44134756
44135188
44135624
44136056
44136492
44136924
44137356
44137792
44138232
44138672
44139344
44140196
44141044
44141896
44142744
44143596
44144444
44145296
44146144
44146996
44147844
44148696
44149548
44150396
44151244
44152096
44152944
44153796
44154644
44155496
44156344
44157196
44158044
44158896
44159744
44160596
44161444
44162296
44163144
44163996
44164844
44165696
44166548
44167396
44168244
44169096
44169944
44170796
44171644
44172496
44173344
44174196
44175044
44175896
44176744
44177596
44178452
44179296
44180144
44180996
44181848
44182696
44183544
44184396
44185244
44186096
44186944
44187796
44188644
44189496
44190344
44191196
44192044
44192896
44193744
44194596
44195444
44196296
44197144
44197996
44198844
44199696
44200544
44201396
44202244
44203096
44203944
44204796
44205644
44206496
44207344
44208196
44209044
44209896
44210744
44211596
44212444
44213296
44214148
44214996
44215844
44216696
44217548
44218396
44219244
44220096
44220944
44221796
44222644
44223504
44224344
44225196
44226044
44226896
44227744
44228596
44229444
44230296
44231144
44231996
44232844
45132372
45132760
45133200
45133636
45134076
45134504
45134944
45135376
45135804
45136244
45136672
45137120
45137548
45138232
45139080
45139932
45140780
45141632
45142480
45143332
45144180
45145032
45145880
45146732
45147580
45148432
45149280
45150132
45150980
45151832
45152680
45153532
45154380
45155232
45156080
45156932
45157780
45158632
45159480
45160332
45161180
45162032
45162880
45163732
45164580
45165432
45166280
45167132
45167980
45168832
45169684
45170532
45171380
45172232
45173080
45173932
45174780
45175632
45176480
45177332
45178180
45179032
45179880
45180732
45181580
45182432
45183280
45184132
45184980
45185832
45186680
45187532
45188380
45189232
45190080
45190932
45191780
45192632
45193480
45194332
45195180
45196032
45196880
45197732
45198580
45199432
45200280
45201132
45201980
45202832
45203680
45204532
45205380
45206232
45207080
45207932
45208780
45209632
45210480
45211332
45212180
45213032
45213880
45214736
45215580
45216432
45217280
45218132
45218980
45219832
45220680
45221532
45222380
45223232
45224080
45224932
45225780
45226632
45227480
45228332
45229180
45230032
45230880
45231732
46131256
46131644
46132072
46132516
46132948
46133384
46133816
46134244
46134684
46135112
46135548
46135980
46136428
46137112
46137964
46138812
46139664
46140512
46141364
46142212
46143064
46143912
46144764
46145612
46146464
46147312
46148164
46149012
46149864
46150712
46151564
46152412
46153264
46154112
46154964
46155812
46156664
46157512
46158364
46159212
46160064
46160916
46161764
46162612
46163464
46164312
46165164
46166012
46166864
46167712
46168564
46169412
46170264
46171112
46171964
46172812
46173664
46174512
46175364
46176212
46177064
46177912
46178764
46179612
46180464
46181312
46182164
46183012
46183864
46184712
46185564
46186412
46187264
46188112
46188964
46189812
46190664
46191512
46192364
46193212
46194064
46194912
46195764
46196612
46197464
46198312
46199164
46200012
46200864
46201712
46202564
46203412
46204264
46205112
46205968
46206812
46207664
46208512
46209364
46210212
46211064
46211912
46212764
46213612
46214464
46215312
46216164
46217012
46217864
46218712
46219564
46220412
46221264
46222112
46222964
46223812
46224664
46225512
46226364
46227212
46228064
46228912
46229764
46230612
47130140
47130528
47130968
47131404
47131844
47132276
47132712
47133148
47133580
47134016
47134448
47134896
47135328
47136000
47136848
47137700
47138548
47139400
47140248
47141100
47141948
47142800
47143648
47144500
47145348
47146200
47147048
47147900
47148748
47149600
47150448
47151300
47152148
47153000
47153848
47154700
47155548
47156400
47157256
47158100
47158948
47159800
47160648
47161500
47162348
47163200
47164048
47164900
47165748
47166600
47167448
47168300
47169148
47170000
47170848
47171700
47172548
47173400
47174248
47175100
47175948
47176800
47177648
47178500
47179348
47180200
47181048
47181900
47182748
47183600
47184448
47185300
47186148
47187000
47187848
47188700
47189548
47190400
47191248
47192100
47192948
47193800
47194648
47195500
47196348
47197204
47198048
47198900
47199748
47200600
47201448
47202300
47203148
47204000
47204848
47205700
47206548
47207400
47208248
47209100
47209948
47210800
47211648
47212500
47213348
47214200
47215048
47215900
47216748
47217600
47218448
47219300
47220148
47221000
47221848
47222700
47223548
47224400
47225248
47226100
47226948
47227800
47228648
47229500
48129032
48129416
48129848
48130292
48130724
48131160
48131588
48132020
48132456
48132888
48133324
48133756
48134200
48134888
48135736
48136588
48137436
48138288
48139136
48139988
48140836
48141688
48142536
48143388
48144236
48145088
48145936
48146788
48147636
48148492
48149336
48150188
48151036
48151888
48152736
48153588
48154436
48155288
48156136
48156988
48157836
48158688
48159536
48160388
48161236
48162088
48162936
48163788
48164636
48165488
48166336
48167188
48168036
48168888
48169736
48170588
48171436
48172288
48173136
48173988
48174836
48175688
48176536
48177388
48178236
48179088
48179936
48180788
48181636
48182488
48183336
48184188
48185036
48185888
48186736
48187588
48188436
48189288
48190136
48190988
48191836
48192688
48193544
48194388
48195236
48196088
48196936
48197788
48198636
48199488
48200336
48201188
48202036
48202888
48203736
48204588
48205436
48206288
48207136
48207988
48208836
48209688
48210536
48211388
48212236
48213088
48213936
48214788
48215636
48216488
48217336
48218188
48219036
48219888
48220736
48221588
48222436
48223288
48224136
48224988
48225836
48226688
48227536
48228388
49127912
49128300
49128748
49129180
49129620
49130052
49130488
49130924
49131360
49131800
49132240
49132680
49133112
49133772
49134620
49135472
49136320
49137172
49138020
49138872
49139728
49140572
49141420
49142272
49143120
49143972
49144820
49145672
49146520
49147372
49148220
49149072
49149920
49150772
49151620
49152472
49153320
49154172
49155020
49155872
49156720
49157572
49158420
49159272
49160120
49160972
49161820
49162672
49163520
49164372
49165220
49166072
49166920
49167772
49168620
49169472
49170320
49171172
49172020
49172872
49173720
49174572
49175420
49176272
49177120
49177972
49178820
49179672
49180520
49181372
49182220
49183072
49183920
49184776
49185620
49186472
49187320
49188172
49189020
49189872
49190720
49191572
49192420
49193272
49194120
49194972
49195820
49196672
49197520
49198372
49199220
49200072
49200920
49201772
49202620
49203472
49204320
49205172
49206020
49206872
49207720
49208572
49209420
49210272
49211120
49211972
49212820
49213672
49214520
49215372
49216220
49217072
49217920
49218772
49219620
49220472
49221320
49222172
49223020
49223872
49224724
49225572
49226420
49227272
50126792
50127188
50127620
50128068
50128500
50128936
50129368
50129800
50130240
50130672
50131108
50131552
50131992
50132660
50133508
50134360
50135208
50136060
50136908
50137760
50138608
50139460
50140308
50141160
50142008
50142860
50143708
50144560
50145408
50146260
50147108
50147960
50148808
50149660
50150508
50151360
50152208
50153060
50153908
50154760
50155608
50156460
50157308
50158160
50159008
50159860
50160708
50161560
50162408
50163260
50164108
50164960
50165808
50166660
50167508
50168360
50169208
50170060
50170908
50171760
50172608
50173460
50174308
50175160
50176016
50176860
50177708
50178560
50179408
50180260
50181108
50181960
50182808
50183660
50184508
50185360
50186208
50187060
50187908
50188760
50189608
50190460
50191308
50192160
50193008
50193860
50194708
50195560
50196408
50197260
50198108
50198960
50199808
50200660
50201508
50202360
50203208
50204060
50204908
50205760
50206608
50207460
50208308
50209160
50210008
50210860
50211708
50212560
50213408
50214260
50215108
50215960
50216808
50217660
50218508
50219360
50220208
50221064
50221908
50222760
50223608
50224460
50225308
50226160
51125676
51126068
51126516
51126948
51127388
51127820
51128252
51128692
51129124
51129564
51130004
51130444
51130876
51131536
51132388
51133236
51134088
51134936
51135788
51136636
51137488
51138336
51139188
51140036
51140888
51141736
51142588
51143436
51144288
51145136
51145988
51146836
51147688
51148536
51149388
51150236
51151084
51151936
51152788
51153636
51154484
51155336
51156188
51157036
51157888
51158736
51159584
51160436
51161288
51162136
51162988
51163836
51164688
51165536
51166388
51167244
51168088
51168936
51169788
51170636
51171484
51172336
51173184
51174036
51174884
51175736
51176588
51177436
51178288
51179136
51179988
51180836
51181684
51182536
51183384
51184236
51185084
51185936
51186788
51187636
51188484
51189336
51190184
51191036
51191884
51192736
51193588
51194436
51195288
51196136
51196984
51197836
51198684
51199536
51200388
51201236
51202088
51202936
51203784
51204636
51205488
51206336
51207188
51208036
51208888
51209736
51210584
51211436
51212284
51213136
51213988
51214836
51215688
51216536
51217388
51218236
51219088
51219936
51220788
51221636
51222484
51223336
51224184
51225036
52124560
52124956
52125388
52125832
52126264
52126696
52127136
52127568
52128008
52128436
52128872
52129312
52129744
52130428
52131276
52132128
52132976
52133828
52134676
52135528
52136376
52137228
52138076
52138928
52139776
52140628
52141476
52142328
52143176
52144028
52144876
52145728
52146576
52147428
52148276
52149128
52149976
52150828
52151676
52152528
52153376
52154228
52155076
52155928
52156776
52157628
52158484
52159328
52160176
52161028
52161876
52162728
52163576
52164428
52165276
52166128
52166976
52167828
52168676
52169528
52170376
52171228
52172076
52172928
52173776
52174628
52175476
52176328
52177176
52178028
52178876
52179728
52180576
52181428
52182276
52183128
52183976
52184828
52185676
52186528
52187376
52188228
52189076
52189928
52190776
52191628
52192476
52193328
52194176
52195028
52195876
52196728
52197576
52198428
52199276
52200128
52200976
52201828
52202676
52203532
52204376
52205228
52206076
52206928
52207776
52208628
52209476
52210328
52211176
52212028
52212876
52213728
52214576
52215428
52216276
52217128
52217976
52218828
52219676
52220528
52221376
52222228
52223076
52223928
53123448
53123836
53124272
53124712
53125148
53125580
53126008
53126444
53126876
53127312
53127740
53128172
53128616
53129304
53130156
53131004
53131852
53132704
53133552
53134404
53135252
53136104
53136952
53137804
53138652
53139504
53140352
53141204
53142056
53142904
53143752
53144604
53145452
53146304
53147156
53148004
53148852
53149712
53150552
53151404
53152252
53153104
53153952
53154804
53155652
53156504
53157352
53158204
53159052
53159904
53160752
53161604
53162456
53163304
53164152
53165004
53165852
53166704
53167552
53168404
53169256
53170104
53170952
53171804
53172652
53173504
53174356
53175204
53176052
53176904
53177752
53178604
53179456
53180304
53181152
53182004
53182852
53183704
53184552
53185404
53186252
53187104
53187952
53188804
53189652
53190504
53191352
53192204
53193052
53193904
53194760
53195604
53196452
53197304
53198152
53199004
53199852
53200704
53201552
53202404
53203256
53204104
53204952
53205804
53206656
53207504
53208356
53209204
53210052
53210904
53211752
53212604
53213452
53214304
53215152
53216004
53216852
53217704
53218556
53219404
53220252
53221104
53221952
53222804
54122328
54122724
54123152
54123600
54124032
54124460
54124900
54125328
54125764
54126196
54126632
54127064
54127496
54128192
54129044
54129892
54130744
54131592
54132444
54133292
54134144
54134992
54135844
54136692
54137544
54138392
54139244
54140092
54140948
54141792
54142644
54143492
54144344
54145192
54146044
54146892
54147744
54148592
54149444
54150292
54151144
54151992
54152844
54153692
54154544
54155392
54156244
54157092
54157944
54158792
54159644
54160492
54161344
54162192
54163044
54163892
54164744
54165592
54166444
54167292
54168144
54168992
54169844
54170692
54171544
54172392
54173244
54174092
54174944
54175792
54176644
54177492
54178344
54179192
54180044
54180892
54181744
54182592
54183444
54184292
54185144
54186000
54186844
54187692
54188544
54189392
54190244
54191092
54191944
54192792
54193644
54194492
54195344
54196192
54197044
54197892
54198744
54199592
54200444
54201292
54202144
54202992
54203844
54204692
54205544
54206392
54207244
54208092
54208944
54209792
54210644
54211492
54212344
54213192
54214044
54214892
54215744
54216592
54217444
54218292
54219144
54219992
54220844
54221692
55121212
55121604
55122040
55122480
55122908
55123348
55123776
55124216
55124648
55125084
55125516
55125948
55126392
55127072
55127920
55128772
55129620
55130472
55131320
55132176
55133020
55133872
55134720
55135572
55136420
55137272
55138120
55138972
55139820
55140672
55141520
55142372
55143220
55144072
55144920
55145772
55146620
55147472
55148320
55149172
55150020
55150872
55151720
55152572
55153420
55154272
55155120
55155972
55156820
55157672
55158520
55159372
55160220
55161072
55161920
55162772
55163620
55164472
55165320
55166172
55167020
55167872
55168720
55169572
55170420
55171272
55172120
55172972
55173820
55174672
55175520
55176372
55177228
55178072
55178920
55179772
55180620
55181472
55182320
55183172
55184020
55184872
55185720
55186572
55187420
55188272
55189120
55189972
55190820
55191672
55192520
55193372
55194220
55195072
55195920
55196772
55197620
55198472
55199320
55200172
55201020
55201872
55202720
55203572
55204420
55205272
55206120
55206972
55207820
55208672
55209520
55210372
55211220
55212072
55212920
55213772
55214620
55215472
55216320
55217172
55218020
55218872
55219720
55220572
56120100
56120492
56120924
56121372
56121800
56122232
56122672
56123100
56123540
56123972
56124404
56124840
56125280
56125964
56126816
56127664
56128520
56129364
56130216
56131064
56131912
56132764
56133612
56134464
56135316
56136164
56137016
56137864
56138712
56139564
56140412
56141264
56142112
56142964
56143812
56144664
56145512
56146364
56147216
56148064
56148916
56149764
56150616
56151464
56152312
56153164
56154016
56154864
56155712
56156564
56157412
56158264
56159116
56159964
56160816
56161664
56162516
56163364
56164212
56165064
56165916
56166764
56167616
56168468
56169316
56170164
56171012
56171864
56172712
56173564
56174416
56175264
56176116
56176964
56177816
56178664
56179512
56180364
56181212
56182064
56182912
56183764
56184612
56185464
56186312
56187164
56188016
56188864
56189712
56190564
56191412
56192264
56193116
56193964
56194812
56195664
56196516
56197364
56198216
56199064
56199912
56200764
56201612
56202464
56203316
56204164
56205012
56205864
56206712
56207564
56208416
56209264
56210116
56210964
56211816
56212664
56213520
56214364
56215212
56216064
56216916
56217764
56218612
56219464
57118984
57119376
57119820
57120256
57120684
57121124
57121556
57121992
57122424
57122864
57123296
57123736
57124176
57124844
57125692
57126544
57127392
57128244
57129092
57129944
57130792
57131644
57132492
57133344
57134192
57135044
57135892
57136744
57137592
57138444
57139292
57140144
57140992
57141844
57142692
57143544
57144392
57145244
57146092
57146944
57147792
57148644
57149492
57150344
57151192
57152044
57152892
57153744
57154592
57155444
57156292
57157144
57157992
57158844
57159700
57160544
57161392
57162244
57163092
57163944
57164792
57165644
57166492
57167344
57168192
57169044
57169892
57170744
57171592
57172444
57173292
57174144
57174992
57175844
57176692
57177544
57178392
57179244
57180092
57180944
57181792
57182644
57183492
57184344
57185192
57186044
57186892
57187744
57188592
57189444
57190292
57191144
57191992
57192844
57193692
57194544
57195392
57196244
57197092
57197944
57198792
57199644
57200492
57201344
57202192
57203044
57203892
57204748
57205592
57206444
57207292
57208144
57208992
57209844
57210692
57211544
57212392
57213244
57214092
57214944
57215792
57216644
57217492
57218344
58117868
58118264
58118696
58119136
58119572
58120008
58120444
58120876
58121312
58121744
58122176
58122624
58123056
58123736
58124584
58125432
58126284
58127136
58127984
58128832
58129684
58130532
58131384
58132232
58133084
58133936
58134784
58135632
58136484
58137332
58138184
58139036
58139884
58140732
58141584
58142436
58143284
58144132
58144984
58145836
58146684
58147532
58148384
58149236
58150084
58150932
58151784
58152632
58153484
58154332
58155184
58156040
58156884
58157732
58158584
58159432
58160284
58161132
58161984
58162832
58163684
58164532
58165384
58166232
58167084
58167932
58168784
58169632
58170484
58171336
58172184
58173032
58173884
58174732
58175584
58176432
58177284
58178132
58178984
58179832
58180684
58181532
58182384
58183232
58184084
58184932
58185784
58186632
58187484
58188332
58189184
58190036
58190884
58191732
58192584
58193436
58194284
58195132
58195988
58196832
58197684
58198532
58199384
58200232
58201084
58201932
58202784
58203632
58204484
58205336
58206184
58207032
58207884
58208732
58209584
58210432
58211284
58212136
58212984
58213832
58214684
58215532
58216384
58217236
59116752
59117140
59117580
59118020
59118452
59118892
59119324
59119764
59120196
59120628
59121076
59121508
59121944
59122612
59123460
59124312
59125160
59126012
59126860
59127712
59128560
59129412
59130260
59131112
59131960
59132812
59133660
59134512
59135360
59136212
59137060
59137912
59138760
59139612
59140460
59141312
59142164
59143012
59143860
59144712
59145560
59146412
59147260
59148112
59148960
59149812
59150660
59151512
59152360
59153212
59154060
59154912
59155760
59156612
59157460
59158312
59159160
59160012
59160860
59161712
59162560
59163412
59164260
59165112
59165960
59166812
59167660
59168512
59169360
59170212
59171060
59171912
59172760
59173612
59174460
59175312
59176160
59177012
59177860
59178712
59179560
59180412
59181260
59182112
59182960
59183812
59184660
59185512
59186360
59187216
59188060
59188912
59189760
59190612
59191460
59192312
59193160
59194012
59194860
59195712
59196560
59197412
59198260
59199112
59199960
59200812
59201660
59202512
59203360
59204212
59205060
59205912
59206760
59207612
59208460
59209312
59210160
59211012
59211860
59212712
59213560
59214412
59215260
59216112
60115636
60116032
60116472
60116908
60117344
60117780
60118216
60118652
60119092
60119524
60119964
60120404
60120836
60121496
60122348
60123196
60124048
60124896
60125748
60126596
60127448
60128296
60129148
60129996
60130848
60131696
60132548
60133396
60134248
60135096
60135948
60136796
60137648
60138504
60139348
60140196
60141048
60141896
60142748
60143596
60144448
60145296
60146148
60146996
60147848
60148696
60149548
60150396
60151248
60152096
60152948
60153796
60154648
60155496
60156348
60157196
60158048
60158896
60159748
60160596
60161448
60162296
60163148
60163996
60164848
60165696
60166548
60167396
60168248
60169096
60169948
60170796
60171648
60172496
60173348
60174196
60175048
60175896
60176748
60177596
60178452
60179296
60180148
60180996
60181848
60182696
60183548
60184396
60185248
60186096
60186948
60187796
60188648
60189496
60190348
60191196
60192048
60192896
60193748
60194596
60195448
60196296
60197148
60197996
60198848
60199696
60200548
60201396
60202248
60203096
60203948
60204796
60205648
60206496
60207348
60208196
60209048
60209896
60210748
60211596
60212448
60213296
60214148
60214996
61114524
61114912
61115344
61115792
61116228
61116664
61117100
61117540
61117972
61118404
61118852
61119284
61119724
61120384
61121232
61122084
61122932
61123784
61124632
61125484
61126332
61127184
61128032
61128884
61129740
61130584
61131432
61132284
61133132
61133984
61134832
61135684
61136532
61137384
61138232
61139084
61139932
61140784
61141632
61142484
61143332
61144184
61145032
61145884
61146732
61147584
61148432
61149284
61150132
61150984
61151832
61152684
61153532
61154384
61155232
61156084
61156932
61157784
61158632
61159484
61160332
61161184
61162032
61162884
61163732
61164584
61165432
61166284
61167132
61167984
61168832
61169684
61170532
61171384
61172232
61173084
61173932
61174784
61175632
61176484
61177332
61178184
61179032
61179884
61180732
61181584
61182432
61183284
61184132
61184984
61185832
61186684
61187532
61188384
61189232
61190084
61190932
61191784
61192632
61193484
61194332
61195184
61196032
61196884
61197732
61198584
61199432
61200284
61201132
61201984
61202832
61203684
61204532
61205384
61206232
61207084
61207932
61208784
61209632
61210484
61211332
61212184
61213032
61213884
62113404
62113800
62114240
62114672
62115112
62115544
62115984
62116416
62116848
62117284
62117724
62118164
62118596
62119264
62120116
62120972
62121816
62122664
62123516
62124364
62125212
62126064
62126912
62127764
62128616
62129464
62130316
62131164
62132012
62132864
62133716
62134564
62135416
62136264
62137116
62137964
62138812
62139664
62140516
62141364
62142216
62143064
62143916
62144764
62145612
62146464
62147316
62148164
62149012
62149864
62150712
62151564
62152416
62153264
62154112
62154964
62155816
62156664
62157516
62158364
62159216
62160064
62160916
62161764
62162612
62163464
62164316
62165164
62166012
62166864
62167712
62168564
62169416
62170264
62171112
62171964
62172816
62173664
62174516
62175364
62176216
62177064
62177916
62178764
62179616
62180464
62181312
62182164
62183016
62183864
62184712
62185564
62186412
62187264
62188116
62188964
62189816
62190664
62191512
62192364
62193212
62194064
62194912
62195764
62196616
62197464
62198312
62199164
62200016
62200864
62201716
62202564
62203416
62204264
62205112
62205972
62206812
62207664
62208512
62209364
62210212
62211064
62211912
62212764
63112292
63112680
63113112
63113560
63113992
63114428
63114860
63115300
63115732
63116164
63116612
63117044
63117484
63118148
63119000
63119848
63120700
63121548
63122400
63123248
63124100
63124948
63125800
63126648
63127500
63128348
63129200
63130048
63130900
63131748
63132600
63133448
63134300
63135148
63136000
63136848
63137700
63138548
63139400
63140248
63141100
63141948
63142800
63143648
63144500
63145348
63146200
63147048
63147900
63148748
63149600
63150448
63151300
63152148
63153000
63153848
63154700
63155548
63156400
63157256
63158100
63158948
63159800
63160648
63161500
63162348
63163200
63164048
63164900
63165748
63166600
63167448
63168300
63169148
63170000
63170848
63171700
63172548
63173400
63174248
63175100
63175948
63176800
63177648
63178500
63179348
63180200
63181048
63181900
63182748
63183600
63184448
63185300
63186148
63187000
63187848
63188700
63189548
63190400
63191248
63192100
63192948
63193800
63194648
63195500
63196348
63197204
63198048
63198900
63199748
63200600
63201448
63202300
63203148
63204000
63204848
63205700
63206548
63207400
63208248
63209100
63209948
63210800
63211648
64111176
64111564
64112000
64112440
64112876
64113308
64113744
64114176
64114604
64115044
64115472
64115912
64116348
64117036
64117884
64118736
64119584
64120432
64121284
64122136
64122984
64123832
64124684
64125536
64126384
64127232
64128084
64128932
64129784
64130632
64131484
64132332
64133184
64134036
64134884
64135732
64136584
64137432
64138284
64139132
64139984
64140836
64141684
64142536
64143384
64144232
64145084
64145932
64146784
64147636
64148492
64149336
64150184
64151032
64151884
64152732
64153584
64154432
64155284
64156132
64156984
64157832
64158684
64159532
64160384
64161232
64162084
64162932
64163784
64164632
64165484
64166332
64167184
64168032
64168884
64169736
64170584
64171432
64172284
64173132
64173984
64174832
64175684
64176536
64177384
64178232
64179084
64179932
64180784
64181632
64182484
64183332
64184184
64185036
64185884
64186736
64187584
64188436
64189284
64190136
64190984
64191832
64192684
64193536
64194384
64195232
64196084
64196936
64197784
64198632
64199484
64200332
64201184
64202036
64202884
64203732
64204584
64205432
64206284
64207132
64207984
64208836
64209684
64210536
65110060
65110452
65110884
65111332
65111764
65112204
65112636
65113068
65113508
65113940
65114388
65114824
65115260
65115920
65116768
65117620
65118468
65119320
65120172
65121020
65121868
65122720
65123568
65124420
65125268
65126120
65126968
65127820
65128668
65129520
65130372
65131220
65132068
65132920
65133768
65134620
65135472
65136320
65137168
65138020
65138872
65139728
65140572
65141420
65142272
65143120
65143968
65144820
65145668
65146520
65147372
65148220
65149068
65149920
65150772
65151620
65152468
65153320
65154168
65155020
65155868
65156720
65157568
65158420
65159272
65160120
65160972
65161820
65162668
65163520
65164368
65165220
65166072
65166920
65167768
65168620
65169472
65170320
65171172
65172020
65172872
65173720
65174572
65175420
65176268
65177120
65177968
65178820
65179668
65180520
65181368
65182220
65183072
65183920
65184776
65185620
65186468
65187320
65188172
65189020
65189872
65190720
65191572
65192420
65193268
65194120
65194968
65195820
65196668
65197520
65198372
65199220
65200072
65200920
65201772
65202620
65203472
65204320
65205172
65206020
65206868
65207720
65208568
65209420
66108948
66109336
66109780
66110212
66110648
66111080
66111516
66111948
66112380
66112816
66113244
66113692
66114120
66114804
66115652
66116504
66117352
66118204
66119056
66119904
66120752
66121604
66122452
66123304
66124152
66125004
66125852
66126704
66127552
66128404
66129252
66130104
66130960
66131804
66132652
66133504
66134352
66135204
66136052
66136904
66137752
66138604
66139452
66140304
66141156
66142004
66142852
66143704
66144552
66145404
66146252
66147104
66147952
66148804
66149652
66150504
66151352
66152204
66153052
66153904
66154752
66155604
66156452
66157304
66158156
66159004
66159852
66160704
66161552
66162404
66163252
66164104
66164952
66165804
66166656
66167504
66168352
66169204
66170052
66170904
66171752
66172604
66173452
66174304
66175152
66176012
66176852
66177704
66178552
66179404
66180252
66181104
66181952
66182804
66183652
66184504
66185352
66186204
66187052
66187904
66188752
66189604
66190452
66191304
66192156
66193004
66193856
66194704
66195552
66196404
66197252
66198104
66198952
66199804
66200656
66201504
66202352
66203204
66204052
66204904
66205752
66206604
66207452
66208304
67107828
67108224
67108656
67109104
67109536
67109972
67110404
67110836
67111276
67111708
67112144
67112584
67113024
67113696
67114544
67115396
67116244
67117092
67117944
67118796
67119644
67120492
67121344
67122196
67123044
67123892
67124744
67125592
67126444
67127292
67128144
67128996
67129844
67130692
67131544
67132396
67133244
67134096
67134944
67135796
67136644
67137492
67138344
67139196
67140044
67140892
67141744
67142592
67143444
67144296
67145144
67145996
67146844
67147692
67148544
67149396
67150244
67151092
67151944
67152792
67153644
67154492
67155344
67156196
67157044
67157896
67158744
67159596
67160444
67161296
67162144
67162996
67163844
67164696
67165544
67166392
67167252
67168092
67168944
67169792
67170644
67171492
67172344
67173192
67174044
67174896
67175744
67176596
67177444
67178296
67179144
67179996
67180844
67181696
67182544
67183396
67184244
67185096
67185944
67186792
67187644
67188496
67189344
67190196
67191044
67191896
67192744
67193596
67194444
67195292
67196144
67196992
67197844
67198696
67199544
67200396
67201244
67202092
67202944
67203796
67204644
67205496
67206344
67207196
68106716
68107104
68107548
68107980
68108420
68108848
68109280
68109716
68110148
68110584
68111016
68111464
68111896
68112572
68113428
68114272
68115124
68115972
68116824
68117672
68118524
68119372
68120224
68121072
68121924
68122772
68123624
68124472
68125324
68126172
68127024
68127872
68128724
68129572
68130424
68131272
68132124
68132972
68133824
68134672
68135524
68136372
68137224
68138072
68138924
68139772
68140624
68141472
68142324
68143172
68144024
68144872
68145724
68146572
68147424
68148272
68149124
68149972
68150824
68151672
68152524
68153372
68154224
68155072
68155924
68156772
68157624
68158480
68159324
68160172
68161024
68161872
68162724
68163572
68164424
68165272
68166124
68166972
68167824
68168672
68169524
68170372
68171224
68172072
68172924
68173772
68174624
68175472
68176324
68177172
68178024
68178872
68179724
68180572
68181424
68182272
68183124
68183972
68184824
68185672
68186524
68187372
68188224
68189072
68189924
68190772
68191624
68192472
68193324
68194172
68195024
68195872
68196724
68197572
68198424
68199272
68200124
68200972
68201824
68202672
68203528
68204372
68205224
68206072
69105600
69105992
69106424
69106872
69107308
69107744
69108176
69108608
69109048
69109480
69109928
69110360
69110800
69111464
69112312
69113164
69114012
69114864
69115712
69116564
69117412
69118264
69119112
69119964
69120812
69121664
69122512
69123364
69124212
69125064
69125912
69126764
69127612
69128464
69129312
69130164
69131012
69131864
69132712
69133564
69134412
69135264
69136112
69136964
69137812
69138664
69139512
69140364
69141212
69142064
69142912
69143764
69144612
69145464
69146312
69147164
69148012
69148864
69149716
69150564
69151412
69152264
69153112
69153964
69154812
69155664
69156512
69157364
69158212
69159064
69159912
69160764
69161612
69162464
69163312
69164164
69165012
69165864
69166712
69167564
69168412
69169264
69170112
69170964
69171812
69172664
69173512
69174364
69175212
69176064
69176912
69177764
69178612
69179464
69180312
69181164
69182012
69182864
69183712
69184564
69185412
69186264
69187112
69187964
69188812
69189664
69190512
69191364
69192212
69193064
69193912
69194768
69195612
69196464
69197312
69198164
69199012
69199864
69200712
69201564
69202412
69203264
69204112
69204964
70104484
70104872
70105320
70105752
70106192
70106624
70107056
70107496
70107928
70108368
70108808
70109244
70109676
70110344
70111192
70112044
70112892
70113744
70114592
70115444
70116292
70117144
70117992
70118844
70119692
70120544
70121392
70122244
70123092
70123944
70124792
70125644
70126492
70127344
70128192
70129044
70129892
70130744
70131592
70132444
70133292
70134144
70134992
70135844
70136692
70137544
70138392
70139244
70140092
70140948
70141792
70142644
70143492
70144344
70145192
70146044
70146892
70147744
70148592
70149444
70150292
70151144
70151992
70152844
70153692
70154544
70155392
70156244
70157092
70157944
70158792
70159644
70160492
70161344
70162192
70163044
70163892
70164744
70165592
70166444
70167292
70168144
70168992
70169844
70170692
70171544
70172392
70173244
70174092
70174944
70175792
70176644
70177492
70178344
70179192
70180044
70180892
70181744
70182592
70183444
70184292
70185144
70186000
70186844
70187692
70188544
70189392
70190244
70191092
70191944
70192792
70193644
70194492
70195344
70196192
70197044
70197892
70198744
70199592
70200444
70201292
70202144
70202992
70203844
71103368
71103764
71104200
71104644
71105076
71105508
71105948
71106380
71106820
71107252
71107700
71108132
71108564
71109232
71110084
71110932
71111784
71112632
71113484
71114336
71115184
71116032
71116884
71117732
71118584
71119432
71120284
71121132
71121984
71122832
71123684
71124532
71125384
71126232
71127084
71127932
71128784
71129632
71130484
71131336
71132184
71133032
71133884
71134732
71135584
71136432
71137292
71138132
71138984
71139832
71140684
71141532
71142384
71143232
71144084
71144932
71145784
71146632
71147484
71148332
71149184
71150032
71150884
71151732
71152584
71153432
71154284
71155132
71155984
71156832
71157684
71158536
71159384
71160232
71161084
71161936
71162784
71163632
71164484
71165332
71166184
71167036
71167884
71168732
71169584
71170432
71171284
71172132
71172984
71173832
71174684
71175536
71176384
71177236
71178084
71178932
71179784
71180632
71181484
71182332
71183184
71184036
71184884
71185732
71186584
71187432
71188284
71189132
71189984
71190832
71191684
71192532
71193384
71194232
71195084
71195932
71196784
71197632
71198484
71199332
71200184
71201032
71201884
71202732
72102256
72102644
72103080
72103516
72103956
72104388
72104816
72105252
72105684
72106120
72106552
72106980
72107428
72108112
72108964
72109812
72110664
72111512
72112364
72113212
72114064
72114912
72115764
72116612
72117464
72118312
72119164
72120012
72120864
72121712
72122564
72123412
72124264
72125112
72125964
72126812
72127664
72128520
72129364
72130212
72131064
72131912
72132764
72133612
72134464
72135312
72136164
72137012
72137864
72138712
72139564
72140412
72141264
72142112
72142964
72143812
72144664
72145512
72146364
72147212
72148064
72148912
72149764
72150612
72151464
72152312
72153164
72154012
72154864
72155712
72156564
72157412
72158264
72159112
72159964
72160812
72161664
72162512
72163364
72164212
72165064
72165912
72166764
72167612
72168468
72169312
72170164
72171012
72171864
72172712
72173564
72174412
72175264
72176112
72176964
72177812
72178664
72179512
72180364
72181212
72182064
72182912
72183764
72184612
72185464
72186312
72187164
72188012
72188864
72189712
72190564
72191412
72192264
72193112
72193964
72194812
72195664
72196512
72197364
72198212
72199064
72199912
72200764
72201612
73101140
73101532
73101968
73102412
73102848
73103280
73103720
73104152
73104588
73105020
73105468
73105900
73106336
73107004
73107852
73108704
73109552
73110404
73111252
73112104
73112952
73113804
73114652
73115504
73116352
73117204
73118052
73118904
73119760
73120604
73121452
73122304
73123152
73124004
73124852
73125704
73126552
73127404
73128252
73129104
73129952
73130804
73131652
73132504
73133352
73134204
73135052
73135904
73136752
73137604
73138452
73139304
73140152
73141004
73141852
73142704
73143552
73144404
73145252
73146104
73146952
73147804
73148652
73149504
73150352
73151204
73152052
73152904
73153752
73154604
73155452
73156304
73157152
73158004
73158852
73159704
73160552
73161404
73162252
73163104
73163952
73164808
73165652
73166504
73167352
73168204
73169052
73169904
73170752
73171604
73172452
73173304
73174152
73175004
73175852
73176704
73177552
73178404
73179252
73180104
73180952
73181804
73182652
73183504
73184352
73185204
73186052
73186904
73187752
73188604
73189452
73190304
73191152
73192004
73192852
73193704
73194552
73195404
73196252
73197104
73197952
73198804
73199652
73200504
74100024
74100412
74100860
74101292
74101724
74102160
74102592
74103032
74103464
74103900
74104336
74104776
74105212
74105884
74106732
74107584
74108432
74109284
74110132
74110988
74111832
74112684
74113532
74114384
74115232
74116084
74116932
74117784
74118632
74119484
74120332
74121184
74122032
74122884
74123732
74124584
74125432
74126284
74127132
74127984
74128832
74129684
74130532
74131384
74132232
74133084
74133932
74134784
74135632
74136484
74137332
74138184
74139032
74139884
74140732
74141584
74142432
74143284
74144132
74144984
74145832
74146684
74147532
74148384
74149232
74150084
74150932
74151784
74152632
74153484
74154332
74155184
74156040
74156884
74157732
74158584
74159432
74160284
74161132
74161984
74162832
74163684
74164532
74165384
74166232
74167084
74167932
74168784
74169632
74170484
74171332
74172184
74173032
74173884
74174732
74175584
74176432
74177284
74178132
74178984
74179832
74180684
74181532
74182384
74183232
74184084
74184932
74185784
74186632
74187484
74188332
74189184
74190032
74190884
74191732
74192584
74193432
74194284
74195132
74195988
74196832
74197684
74198532
74199384
75098912
75099308
75099740
75100188
75100620
75101052
75101492
75101924
75102364
75102800
75103244
75103680
75104112
75104776
75105628
75106476
75107332
75108176
75109028
75109876
75110728
75111576
75112428
75113276
75114128
75114976
75115828
75116676
75117528
75118376
75119228
75120076
75120928
75121776
75122628
75123476
75124328
75125176
75126028
75126876
75127728
75128576
75129428
75130276
75131128
75131976
75132828
75133676
75134528
75135376
75136228
75137076
75137928
75138776
75139628
75140476
75141328
75142176
75143028
75143876
75144728
75145576
75146428
75147284
75148128
75148976
75149828
75150676
75151528
75152376
75153228
75154076
75154928
75155776
75156628
75157476
75158328
75159176
75160028
75160876
75161728
75162576
75163428
75164276
75165128
75165976
75166828
75167676
75168528
75169376
75170228
75171076
75171928
75172776
75173628
75174476
75175328
75176176
75177028
75177876
75178728
75179576
75180428
75181276
75182128
75182976
75183828
75184676
75185528
75186376
75187228
75188076
75188928
75189776
75190628
75191476
75192332
75193176
75194028
75194876
75195728
75196576
75197428
75198276
76097796
76098184
76098632
76099064
76099496
76099932
76100364
76100804
76101236
76101676
76102116
76102548
76102988
76103652
76104504
76105352
76106204
76107052
76107904
76108752
76109604
76110452
76111304
76112152
76113004
76113852
76114704
76115552
76116404
76117252
76118104
76118952
76119804
76120652
76121504
76122352
76123204
76124052
76124904
76125752
76126604
76127452
76128304
76129152
76130004
76130852
76131704
76132552
76133404
76134252
76135104
76135952
76136804
76137652
76138508
76139352
76140204
76141052
76141904
76142752
76143604
76144452
76145304
76146152
76147004
76147852
76148704
76149552
76150404
76151252
76152104
76152952
76153804
76154652
76155504
76156352
76157204
76158052
76158904
76159752
76160604
76161452
76162304
76163152
76164004
76164852
76165704
76166552
76167404
76168252
76169104
76169952
76170804
76171652
76172504
76173352
76174204
76175052
76175904
76176752
76177604
76178452
76179304
76180152
76181004
76181852
76182704
76183560
76184404
76185252
76186104
76186952
76187804
76188652
76189504
76190352
76191204
76192052
76192904
76193752
76194604
76195452
76196304
76197152
7