=~=~=~=~=~=~=~=~=~=~=~= PuTTY log 2022.11.24 22:47:04 =~=~=~=~=~=~=~=~=~=~=~=
38236
60599088
60599936
60600788
590588
60591436
60592288
60593136
60593988
60594836
60595688
60596536
60597388
60598236
60599088
60599936
60600788
590588
60591436
60592288
60593136
60593988
60594836
60595688
60596536
60597388
60598236
60599088
60599936
60600788
TEST START
164132
164428
164756
165092
165424
165752
166088
166420
166740
167076
167404
167736
168072
168400
168732
169068
169740
170420
171100
171780
172460
173140
173820
174500
175180
175860
176540
177220
177900
178580
179260
179940
180620
181300
181980
182660
183340
184020
184700
185380
186060
186740
187420
188100
188780
189460
190140
190820
191508
192180
192860
193548
194220
194900
195580
196260
196940
197620
198300
198980
199660
200340
201020
201700
202380
203060
203740
204420
205100
205780
206460
207140
207820
208500
209180
209860
210540
211220
211900
212580
213260
213940
214620
215300
215980
216660
217340
218020
218700
219380
220060
220740
221420
222100
222780
223460
224140
224820
225500
226180
226860
227540
228220
228900
229580
230260
230940
231620
232300
232980
233660
234340
235020
235700
236380
237060
237740
238420
239100
239780
240460
241140
241820
242500
243180
243860
244540
245220
245900
246580
247260
247940
248620
249300
249980
250660
251340
252020
252700
253380
254060
254740
255420
256100
256780
257460
258140
258820
259500
260180
260860
261540
262220
262900
263580
1163000
1163348
1163736
1164112
1164500
1164876
1165260
1165644
1166028
1166412
1166796
1167172
1167564
1167940
1168488
1169252
1170016
1170780
1171548
1172312
1173076
1173840
1174608
1175372
1176136
1176900
1177668
1178432
1179196
1179960
1180728
1181492
1182256
1183020
1183788
1184552
1185316
1186080
1186844
1187612
1188376
1189140
1189908
1190672
1191436
1192200
1192972
1193732
1194496
1195260
1196024
1196792
1197556
1198320
1199088
1199852
1200616
1201380
1202148
1202912
1203676
1204440
1205208
1205972
1206736
1207500
1208268
1209032
1209796
1210560
1211328
1212092
1212856
1213620
1214388
1215152
1215916
1216680
1217448
1218212
1218976
1219740
1220504
1221272
1222036
1222800
1223568
1224332
1225096
1225860
1226628
1227392
1228156
1228920
1229688
1230452
1231216
1231980
1232748
1233512
1234276
1235040
1235808
1236572
1237336
1238100
1238868
1239632
1240396
1241160
1241928
1242692
1243456
1244220
1244984
1245752
1246516
1247280
1248048
1248812
1249576
1250340
1251108
1251872
1252636
1253400
1254168
1254932
1255696
1256468
1257228
1257992
1258756
1259528
1260288
1261052
1261816
1262580
2161872
2162212
2162596
2162980
2163364
2163748
2164132
2164508
2164896
2165272
2165660
2166040
2166424
2166808
2167348
2168116
2168880
2169644
2170408
2171176
2171940
2172704
2173468
2174236
2175000
2175764
2176528
2177296
2178064
2178824
2179592
2180356
2181124
2181884
2182648
2183416
2184180
2184944
2185708
2186476
2187240
2188004
2188772
2189536
2190300
2191064
2191828
2192596
2193360
2194124
2194888
2195656
2196420
2197184
2197952
2198716
2199480
2200244
2201008
2201776
2202540
2203304
2204072
2204836
2205600
2206364
2207128
2207896
2208660
2209424
2210188
2210956
2211720
2212484
2213248
2214016
2214780
2215544
2216312
2217076
2217840
2218604
2219368
2220136
2220900
2221664
2222432
2223196
2223960
2224724
2225488
2226256
2227020
2227784
2228548
2229316
2230080
2230844
2231608
2232376
2233140
2233904
2234668
2235436
2236200
2236964
2237728
2238496
2239260
2240024
2240792
2241556
2242320
2243084
2243848
2244620
2245380
2246144
2246912
2247676
2248440
2249204
2249968
2250736
2251500
2252264
2253028
2253796
2254560
2255324
2256088
2256856
2257620
2258384
2259148
2259916
2260680
2261444
3160744
3161084
3161476
3161856
3162248
3162624
3163012
3163396
3163780
3164160
3164548
3164928
3165320
3165704
3166228
3166988
3167752
3168516
3169288
3170048
3170812
3171576
3172344
3173108
3173872
3174636
3175404
3176168
3176932
3177696
3178464
3179228
3179992
3180756
3181524
3182288
3183052
3183816
3184580
3185348
3186112
3186876
3187644
3188408
3189172
3189936
3190704
3191468
3192232
3192996
3193764
3194528
3195292
3196056
3196820
3197588
3198352
3199116
3199880
3200648
3201412
3202176
3202940
3203708
3204472
3205236
3206004
3206768
3207532
3208296
3209064
3209828
3210592
3211356
3212124
3212888
3213652
3214416
3215180
3215948
3216712
3217476
3218244
3219008
3219772
3220536
3221304
3222068
3222832
3223596
3224364
3225128
3225892
3226656
3227420
3228188
3228952
3229716
3230484
3231248
3232012
3232784
3233544
3234308
3235072
3235836
3236604
3237368
3238132
3238896
3239664
3240428
3241192
3241956
3242724
3243488
3244252
3245016
3245784
3246548
3247312
3248076
3248840
3249608
3250372
3251136
3251900
3252668
3253432
3254196
3254960
3255728
3256492
3257256
3258020
3258788
3259552
3260316
4159612
4159956
4160340
4160724
4161108
4161480
4161872
4162248
4162636
4163012
4163396
4163780
4164164
4164540
4165092
4165856
4166624
4167388
4168152
4168916
4169684
4170448
4171212
4171976
4172740
4173508
4174272
4175036
4175800
4176568
4177332
4178096
4178864
4179628
4180392
4181156
4181924
4182688
4183452
4184216
4184984
4185748
4186512
4187276
4188040
4188808
4189572
4190336
4191104
4191868
4192632
4193396
4194160
4194928
4195692
4196456
4197224
4197988
4198752
4199516
4200284
4201048
4201812
4202576
4203344
4204108
4204872
4205636
4206400
4207168
4207932
4208696
4209464
4210228
4210992
4211756
4212520
4213288
4214052
4214816
4215584
4216348
4217112
4217876
4218644
4219408
4220172
4220944
4221704
4222468
4223232
4223996
4224764
4225528
4226292
4227056
4227824
4228588
4229352
4230116
4230884
4231648
4232412
4233176
4233940
4234708
4235472
4236236
4237004
4237768
4238532
4239296
4240064
4240828
4241592
4242356
4243124
4243888
4244652
4245416
4246180
4246948
4247712
4248476
4249244
4250008
4250772
4251536
4252304
4253068
4253832
4254596
4255364
4256128
4256892
4257656
4258424
4259188
5158484
5158824
5159216
5159596
5159988
5160364
5160748
5161132
5161516
5161896
5162284
5162660
5163052
5163428
5163964
5164728
5165492
5166256
5167024
5167788
5168552
5169316
5170080
5170848
5171612
5172376
5173144
5173908
5174672
5175436
5176204
5176968
5177732
5178496
5179264
5180028
5180792
5181556
5182324
5183088
5183852
5184616
5185384
5186148
5186912
5187676
5188444
5189208
5189972
5190736
5191504
5192268
5193032
5193796
5194564
5195328
5196092
5196856
5197624
5198388
5199152
5199916
5200684
5201448
5202212
5202976
5203744
5204508
5205272
5206040
5206804
5207568
5208332
5209104
5209864
5210628
5211392
5212156
5212924
5213688
5214452
5215216
5215984
5216748
5217512
5218276
5219044
5219808
5220572
5221336
5222104
5222868
5223632
5224396
5225164
5225928
5226692
5227456
5228224
5228988
5229752
5230516
5231284
5232048
5232812
5233576
5234344
5235108
5235872
5236636
5237404
5238168
5238932
5239696
5240464
5241228
5241992
5242756
5243524
5244288
5245052
5245816
5246584
5247348
5248112
5248876
5249644
5250408
5251172
5251936
5252704
5253468
5254232
5254996
5255764
5256528
5257292
5258056
6