=~=~=~=~=~=~=~=~=~=~=~= PuTTY log 2022.11.24 23:23:49 =~=~=~=~=~=~=~=~=~=~=~=


566161104324162036
566162972
566163908
566164844
566165776
566166712
566167648
566168588
566169516
566170452
566171388
566172324
566173256
566174192
566175128
566176064
566176996
566177932
566178868
566179804
566180736
566181672
566182608
5661835CS¢j
566185412
566186348
566187284
566188216
8
80
204
380
556
736
920
1104
1324
1552
1784
2004
2240
2468
2688
2920
3156
3384
3608
3836
4068
4408
4916
5428
5936
6448
6956
7468
7976
8488
8996
9508
10016
10612
11208
11804
12396
12992
13588
14184
14776
15380
15968
16564
17156
17752
18348
18944
19536
20132
20728
21324
21916
22512
23108
23704
24296
24892
25488
26084
26676
27272
27868
28464
29056
29652
30248
30844
31436
32032
32628
33224
33816
34412
35008
35604
36196
36792
37388
37984
38576
39172
39768
40364
40956
41552
42148
42744
43336
43932
44528
45124
45716
46312
46908
47504
48096
48692
49288
49884
50476
51072
51668
52264
52856
53452
54048
54644
55236
55832
56428
57024
57616
58212
58808
59408
59996
60592
61188
61784
62376
62972
63568
64164
64756
65352
65948
66544
67136
67732
68328
68924
69516
70112
70708
71304
71896
72492
73088
73684
74276
74872
75468
76064
76656
77252
77848
78444
79036
79632
80228
80824
81416
82012
82608
83204
83796
84392
84988
85584
86176
86772
87368
87964
88556
89152
89748
90344
90936
91532
92128
92724
93316
93912
94508
95104
95696
96292
96888
97484
98076
98672
99268
99864
100456
101136
101816
102496
103176
103856
104536
105216
105896
106576
107256
107936
108616
109296
109976
110656
111336
112016
112696
113376
114056
114736
115416
116096
116776
117456
118136
118816
119496
120176
120856
121536
122216
122900
123576
124256
124944
125616
126296
126984
127656
128336
129016
129696
130376
131056
131736
132416
133096
133776
134456
135136
135816
136496
137176
137856
138536
139216
139896
140576
141256
141936
142616
143296
143976
144656
145336
146016
146696
147376
148056
148736
149416
150096
150776
151456
152136
152816
153496
154176
154856
155536
156216
156896
157576
158256
158936
159616
160296
160976
161656
162336
163016
163696
164376
165056
165736
166416
167096
167776
168456
169136
169816
170496
171176
171856
172536
173216
173896
174576
175256
175936
176616
177296
177976
178656
179336
180016
180696
181376
182056
182736
183416
184096
184776
185456
186136
186816
187496
188176
188856
189536
190216
190896
191576
192256
192936
193616
194296
194976
195656
196336
197016
197696
198376
199056
199736
200416
201096
201776
202456
203136
203816
204496
205176
205856
206536
207216
207896
208576
209256
209940
210616
211296
211984
212656
213336
214024
214696
215376
216056
216736
217416
218096
218776
219456
220136
220816
221496
222176
222856
223536
224216
224896
225576
226256
226936
227616
228296
228976
229656
230336
231016
231696
232376
233056
233736
234416
235096
235776
236456
237136
237816
238496
239176
239856
240536
241216
241896
242576
243256
243936
244616
245296
245976
246656
247336
248016
248696
249376
250056
250736
251416
252096
252776
253456
254136
254816
255496
256176
256856
257536
258216
258896
259576
260256
260936
261616
262296
262976
263656
264336
265016
265696
266376
267056
267736
268416
269096
269776
270456
271136
271816
272496
273176
273856
274536
275216
275896
276576
277256
277936
278616
279296
279976
280656
281336
282016
282696
283376
284056
284736
285416
286096
286776
287456
288136
288816
289496
290176
290856
291536
292216
292896
293576
294256
294936
295616
296296
296980
297656
298336
299024
299696
300376
301064
301736
302416
303096
303776
304456
305136
305816
306496
307176
307856
308536
309216
309896
310576
311256
311936
312616
313296
313976
314656
315336
316016
316696
317376
318056
318736
319416
320096
320776
321456
322136
322816
323496
324176
324856
325536
326216
326896
327576
328256
328936
329616
330296
330976
331656
332336
333016
333696
334376
335056
335736
336416
337096
337776
338456
339136
339816
340496
341176
341856
342536
343216
343896
344576
345256
345936
346616
347296
347976
348656
349336
350016
350696
351376
352056
352736
353416
354096
354776
355456
356136
356816
357496
358176
358856
359536
360216
360896
361576
362256
362936
363616
364296
364976
365656
366336
367016
367696
368376
369056
369736
370416
371096
371776
372456
373136
373816
374496
375176
375856
376536
377216
377896
378576
379256
379936
380616
381296
381976
382656
383336
384020
384696
385376
386064
386736
387416
388104
388776
389456
390136
390816
391496
392176
392856
393536
394216
394896
395576
396256
396936
397616
398296
398976
399656
400336
401016
401696
402376
403056
403736
404416
405096
405776
406456
407136
407816
408496
409176
409856
410536
411216
411896
412576
413256
413936
414616
415296
415976
416656
417336
418016
418696
419376
420056
420736
421416
422096
422776
423456
424136
424816
425496
426176
426856
427536
428216
428896
429576
430256
430936
431616
432296
432976
433656
434336
435016
435696
436376
437056
437736
438416
439096
439776
440456
441136
441816
442496
443176
443856
444536
445216
445896
446576
447256
447936
448616
449296
449976
450656
451336
452016
452696
453376
454056
454736
455416
456096
456776
457456
458136
458816
459496
460176
460856
461536
462216
462896
463576
464256
464936
465616
466296
466976
467656
468336
469016
469696
470376
471060
471736
472416
473104
473776
474456
475144
475816
476496
477176
477856
478536
479216
479896
480576
481256
481936
482616
483296
483976
484656
485336
486016
486696
487376
488056
488736
489416
490096
490776
491456
492136
492816
493496
494176
494856
495536
496216
496896
497576
498256
498936
499616
500296
500976
501656
502336
503016
503696
504376
505056
505736
506416
507096
507776
508456
509136
509816
510496
511176
511856
512536
513216
513896
514576
515256
515936
516616
517296
517976
518656
519336
520016
520696
521376
522056
522736
523416
524096
524776
525456
526136
526816
527496
528176
528856
529536
530216
530896
531576
532256
532936
533616
534296
534976
535656
536336
537016
537696
538376
539056
539736
540416
541096
541776
542456
543136
543816
544496
545176
545856
546536
547216
547896
548576
549256
549936
550616
551296
551976
552656
553336
554016
554696
555376
556056
556736
557416
558100
558776
559456
560144
560816
561496
562184
562856
563536
564216
564896
565576
566256
566936
567616
568296
568976
569656
570336
571016
571696
572376
573056
573736
574416
575096
575776
576456
577136
577816
578496
579176
579856
580536
581216
581896
582576
583256
583936
584616
585296
585976
586656
587336
588016
588696
589376
590056
590736
591416
592096
592776
593456
594136
594816
595496
596176
596856
597536
598216
598896
599576
600256
600936
601616
602296
602976
603656
604336
605016
605696
606376
607056
607736
608416
609096
609776
610456
611136
611816
612496
613176
613856
614536
615216
615896
616576
617256
617936
618616
619296
619976
620656
621336
622016
622696
623376
624056
624736
625416
626096
626776
627456
628136
628816
629496
630176
630856
631536
632216
632896
633576
634256
634936
635616
636296
636976
637656
638336
639016
639696
640376
641056
641736
642416
643096
643776
644456
645140
645816
646496
647184
647856
648536
649224
649896
650576
651256
651936
652616
653296
653976
654656
655336
656016
656696
657376
658056
658736
659416
660096
660776
661456
662136
662816
663496
664176
664856
665536
666216
666896
667576
668256
668936
669616
670296
670976
671656
672336
673016
673696
674376
675056
675736
676416
677096
677776
678456
679136
679816
680496
681176
681856
682536
683216
683896
684576
685256
685936
686616
687296
687976
688656
689336
690016
690696
691376
692056
692736
693416
694096
694776
695456
696136
696816
697496
698176
698856
699536
700216
700896
701576
702256
702936
703616
704296
704976
705656
706336
707016
707696
708376
709056
709736
710416
711096
711776
712456
713136
713816
714496
715176
715856
716536
717216
717896
718576
719256
719936
720616
721296
721976
722656
723336
724016
724696
725376
726056
726736
727416
728096
728776
729456
730136
730816
731496
732180
732856
733536
734224
734896
735576
736264
736936
737616
738296
738976
739656
740336
741016
741696
742376
743056
743736
744416
745096
745776
746456
747136
747816
748496
749176
749856
750536
751216
751896
752576
753256
753936
754616
755296
755976
756656
757336
758016
758696
759376
760056
760736
761416
762096
762776
763456
764136
764816
765496
766176
766856
767536
768216
768896
769576
770256
770936
771616
772296
772976
773656
774336
775016
775696
776376
777056
777736
778416
779096
779776
780456
781136
781816
782496
783176
783856
784536
785216
785896
786576
787256
787936
788616
789296
789976
790656
791336
792016
792696
793376
794056
794736
795416
796096
796776
797456
798136
798816
799496
800176
800856
801536
802216
802896
803576
804256
804936
805616
806296
806976
807656
808336
809016
809696
810376
811056
811736
812416
813096
813776
814456
815136
815816
816496
817176
817856
818536
819220
819896
820576
821264
821936
822616
823304
823976
824656
825336
826016
826696
827376
828056
828736
829416
830096
830776
831456
832136
832816
833496
834176
834856
835536
836216
836896
837576
838256
838936
839616
840296
840976
841656
842336
843016
843696
844376
845056
845736
846416
847096
847776
848456
849136
849816
850496
851176
851856
852536
853216
853896
854576
855256
855936
856616
857296
857976
858656
859336
860016
860696
861376
862056
862736
863416
864096
864776
865456
866136
866816
867496
868176
868856
869536
870216
870896
871576
872256
872936
873616
874296
874976
875656
876336
877016
877696
878376
879056
879736
880416
881096
881776
882456
883136
883816
884496
885176
885856
886536
887216
887896
888576
889256
889936
890616
891296
891976
892656
893336
894016
894696
895376
896056
896736
897416
898096
898776
899456
900136
900816
901496
902176
902856
903536
904216
904896
905576
906260
906936
907616
908304
908976
909656
910344
911016
911696
912376
913056
913736
914416
915096
915776
916456
917136
917816
918496
919176
919856
920536
921216
921896
922576
923256
923936
924616
925296
925976
926656
927336
928016
928696
929376
930056
930736
931416
932096
932776
933456
934136
934816
935496
936176
936856
937536
938216
938896
939576
940256
940936
941616
942296
942976
943656
944336
945016
945696
946376
947056
947736
948416
949096
949776
950456
951136
951816
952496
953176
953856
954536
955216
955896
956576
957256
957936
958616
959296
959976
960656
961336
962016
962696
963376
964056
964736
965416
966096
966776
967456
968136
968816
969496
970176
970856
971536
972216
972896
973576
974256
974936
975616
976296
976976
977656
978336
979016
979696
980376
981056
981736
982416
983096
983776
984456
985136
985816
986496
987176
987856
988536
989216
989896
990576
991256
991936
992616
993300
993976
994656
995344
996016
996696
997384
998056
998736
999416
1000096
1000864
1001628
1002392
1003156
1003924
1004688
1005452
1006216
1006984
1007748
1008512
1009276
1010044
1010808
1011572
1012336
1013104
1013868
1014632
1015396
1016164
1016928
1017692
1018456
1019224
1019988
1020752
1021516
1022284
1023048
1023812
1024576
1025344
1026108
1026872
1027636
1028404
1029168
1029932
1030696
1031464
1032228
1032992
1033756
1034524
1035288
1036052
1036816
1037584
1038352
1039112
1039876
1040644
1041412
1042172
1042936
1043704
1044468
1045232
1045996
1046764
1047528
1048292
1049056
1049824
1050588
1051352
1052116
1052884
1053648
1054412
1055176
1055944
1056708
1057472
1058236
1059004
1059768
1060532
1061296
1062064
1062828
1063592
1064356
1065124
1065888
1066652
1067416
1068184
1068948
1069712
1070476
1071244
1072008
1072772
1073536
1074304
1075068
1075832
1076596
1077364
1078128
1078892
1079656
1080424
1081188
1081952
1082716
1083484
1084248
1085012
1085776
1086544
1087308
1088072
1088836
1089604
1090368
1091132
1091896
1092664
1093428
1094192
1094956
1095724
1096488
1097252
1098016
1098784
1099548
1100312
1101076
1101844
1102608
1103372
1104136
1104908
1105668
1106432
1107196
1107964
1108728
1109492
1110256
1111024
1111788
1112552
1113316
1114084
1114848
1115612
1116376
1117144
1117908
1118672
1119436
1120204
1120968
1121732
1122496
1123264
1124028
1124792
1125556
1126324
1127088
1127852
1128616
1129384
1130148
1130912
1131676
1132444
1133208
1133972
1134736
1135504
1136268
1137032
1137796
1138564
1139328
1140092
1140856
1141624
1142388
1143152
1143916
1144684
1145448
1146212
1146976
1147744
1148508
1149272
1150036
1150804
1151568
1152332
1153096
1153864
1154628
1155392
1156156
1156924
1157688
1158452
1159216
1159984
1160748
1161512
1162276
1163044
1163808
1164572
1165336
1166104
1166868
1167632
1168404
1169164
1169928
1170692
1171464
1172224
1172988
1173752
1174516
1175284
1176048
1176812
1177576
1178344
1179108
1179872
1180636
1181404
1182168
1182932
1183696
1184464
1185228
1185992
1186756
1187524
1188288
1189052
1189816
1190584
1191348
1192112
1192876
1193644
1194408
1195172
1195936
1196704
1197468
1198232
1198996
1199764
1200528
1201292
1202056
1202824
1203588
1204352
1205116
1205884
1206648
1207412
1208176
1208944
1209708
1210472
1211236
1212004
1212768
1213532
1214296
1215064
1215828
1216592
1217356
1218124
1218888
1219652
1220416
1221184
1221948
1222712
1223476
1224244
1225008
1225772
1226536
1227304
1228068
1228832
1229596
1230364
1231128
1231892
1232656
1233424
1234188
1234960
1235716
1236484
1237248
1238012
1238776
1239544
1240308
1241072
1241836
1242604
1243368
1244132
1244896
1245664
1246428
1247192
1247956
1248724
1249488
1250252
1251016
1251784
1252548
1253312
1254076
1254844
1255608
1256372
1257136
1257904
1258668
1259432
1260196
1260964
1261728
1262492
1263256
1264024
1264788
1265552
1266316
1267084
1267848
1268612
1269376
1270144
1270908
1271672
1272436
1273204
1273968
1274732
1275496
1276264
1277028
1277792
1278556
1279324
1280088
1280852
1281616
1282384
1283148
1283912
1284676
1285444
1286208
1286972
1287736
1288504
1289268
1290032
1290796
1291564
1292328
1293092
1293856
1294624
1295388
1296152
1296916
1297684
1298452
1299212
1299976
1300744
1301512
1302272
1303036
1303804
1304568
1305332
1306096
1306864
1307628
1308392
1309156
1309924
1310688
1311452
1312216
1312984
1313748
1314512
1315276
1316044
1316808
1317572
1318336
1319104
1319868
1320632
1321396
1322164
1322928
1323692
1324456
1325224
1325988
1326752
1327516
1328284
1329048
1329812
1330576
1331344
1332108
1332872
1333636
1334404
1335168
1335932
1336696
1337464
1338228
1338992
1339756
1340524
1341288
1342052
1342816
1343584
1344348
1345112
1345876
1346644
1347408
1348172
1348936
1349704
1350468
1351232
1351996
1352764
1353528
1354292
1355056
1355824
1356588
1357352
1358116
1358884
1359648
1360412
1361176
1361944
1362708
1363472
1364236
1365008
1365768
1366532
1367296
1368064
1368828
1369592
1370356
1371124
1371888
1372652
1373416
1374184
1374948
1375712
1376476
1377244
1378008
1378772
1379536
1380304
1381068
1381832
1382596
1383364
1384128
1384892
1385656
1386424
1387188
1387952
1388716
1389484
1390248
1391012
1391776
1392544
1393308
1394072
1394836
1395604
1396368
1397132
1397896
1398664
1399428
1400192
1400956
1401724
1402488
1403252
1404016
1404784
1405548
1406312
1407076
1407844
1408608
1409372
1410136
1410904
1411668
1412432
1413196
1413964
1414728
1415492
1416256
1417024
1417788
1418552
1419316
1420084
1420848
1421612
1422376
1423144
1423908
1424672
1425436
1426204
1426968
1427732
1428500
1429264
1430028
1430792
1431564
1432324
1433088
1433852
1434616
1435384
1436148
1436912
1437676
1438444
1439208
1439972
1440736
1441504
1442268
1443032
1443796
1444564
1445328
1446092
1446856
1447624
1448388
1449152
1449916
1450684
1451448
1452212
1452976
1453744
1454508
1455272
1456036
1456804
1457568
1458332
1459096
1459864
1460628
1461392
1462156
1462924
1463688
1464452
1465216
1465984
1466748
1467512
1468276
1469044
1469808
1470572
1471336
1472104
1472868
1473632
1474396
1475164
1475928
1476692
1477456
1478224
1478988
1479752
1480516
1481284
1482048
1482812
1483576
1484344
1485108
1485872
1486636
1487404
1488168
1488932
1489696
1490464
1491228
1491992
1492756
1493524
1494288
1495060
1495816
1496584
1497348
1498120
1498876
1499644
1500408
1501172
1501936
1502704
1503468
1504232
1504996
1505764
1506528
1507292
1508056
1508824
1509588
1510352
1511116
1511884
1512648
1513412
1514176
1514944
1515708
1516472
1517236
1518004
1518768
1519532
1520296
1521064
1521828
1522592
1523356
1524124
1524888
1525652
1526416
1527184
1527948
1528712
1529476
1530244
1531008
1531772
1532536
1533304
1534068
1534832
1535596
1536364
1537128
1537892
1538656
1539424
1540188
1540952
1541716
1542484
1543248
1544012
1544776
1545544
1546308
1547072
1547836
1548604
1549368
1550132
1550896
1551664
1552428
1553192
1553956
1554724
1555488
1556252
1557016
1557784
1558548
1559312
1560076
1560844
1561612
1562372
1563136
1563904
1564668
1565432
1566196
1566964
1567728
1568492
1569256
1570024
1570788
1571552
1572316
1573084
1573848
1574612
1575376
1576144
1576908
1577672
1578436
1579204
1579968
1580732
1581496
1582264
1583028
1583792
1584556
1585324
1586088
1586852
1587616
1588384
1589148
1589912
1590676
1591444
1592208
1592972
1593736
1594504
1595268
1596032
1596796
1597564
1598328
1599092
1599856
1600624
1601388
1602152
1602916
1603684
1604448
1605212
1605976
1606744
1607508
1608272
1609036
1609804
1610568
1611332
1612096
1612864
1613628
1614392
1615156
1615924
1616688
1617452
1618216
1618984
1619748
1620512
1621276
1622044
1622808
1623572
1624336
1625108
1625868
1626632
1627396
1628168
1628928
1629692
1630456
1631224
1631988
1632752
1633516
1634284
1635048
1635812
1636576
1637344
1638108
1638872
1639636
1640404
1641168
1641932
1642696
1643464
1644228
1644992
1645756
1646524
1647288
1648052
1648816
1649584
1650348
1651112
1651876
1652644
1653408
1654172
1654936
1655704
1656468
1657232
1657996
1658764
1659528
1660292
1661056
1661824
1662588
1663352
1664116
1664884
1665648
1666412
1667176
1667944
1668708
1669472
1670236
1671004
1671768
1672532
1673296
1674064
1674828
1675592
1676356
1677124
1677888
1678652
1679416
1680184
1680948
1681712
1682476
1683244
1684008
1684772
1685536
1686304
1687068
1687832
1688596
1689364
1690128
1690892
1691664
1692424
1693188
1693952
1694716
1695484
1696248
1697012
1697776
1698544
1699308
1700072
1700836
1701604
1702368
1703132
1703896
1704664
1705428
1706192
1706956
1707724
1708488
1709252
1710016
1710784
1711548
1712312
1713076
1713844
1714608
1715372
1716136
1716904
1717668
1718432
1719196
1719964
1720728
1721492
1722256
1723024
1723788
1724552
1725316
1726084
1726848
1727612
1728376
1729144
1729908
1730672
1731436
1732204
1732968
1733732
1734496
1735264
1736028
1736792
1737556
1738324
1739088
1739852
1740616
1741384
1742148
1742912
1743676
1744444
1745208
1745972
1746736
1747504
1748268
1749032
1749796
1750564
1751328
1752092
1752856
1753624
1754388
1755156
1755916
1756684
1757448
1758220
1758976
1759744
1760508
1761272
1762036
1762804
1763568
1764332
1765096
1765864
1766628
1767392
1768156
1768924
1769688
1770452
1771216
1771984
1772748
1773512
1774276
1775044
1775808
1776572
1777336
1778104
1778868
1779632
1780396
1781164
1781928
1782692
1783456
1784224
1784988
1785752
1786516
1787284
1788048
1788812
1789576
1790344
1791108
1791872
1792636
1793404
1794168
1794932
1795696
1796464
1797228
1797992
1798756
1799524
1800288
1801052
1801816
1802584
1803348
1804112
1804876
1805644
1806408
1807172
1807936
1808704
1809468
1810232
1810996
1811764
1812528
1813292
1814056
1814824
1815588
1816352
1817116
1817884
1818648
1819412
1820176
1820944
1821712
1822472
1823236
1824004
1824772
1825532
1826296
1827064
1827828
1828592
1829356
1830124
1830888
1831652
1832416
1833184
1833948
1834712
1835476
1836244
1837008
1837772
1838536
1839304
1840068
1840832
1841596
1842364
1843128
1843892
1844656
1845424
1846188
1846952
1847716
1848484
1849248
1850012
1850776
1851544
1852308
1853072
1853836
1854604
1855368
1856132
1856896
1857664
1858428
1859192
1859956
1860724
1861488
1862252
1863016
1863784
1864548
1865312
1866076
1866844
1867608
1868372
1869136
1869904
1870668
1871432
1872196
1872964
1873728
1874492
1875256
1876024
1876788
1877552
1878316
1879084
1879848
1880612
1881376
1882144
1882908
1883672
1884436
1885204
1885968
1886732
1887496
1888268
1889028
1889792
1890556
1891324
1892088
1892852
1893616
1894384
1895148
1895912
1896676
1897444
1898208
1898972
1899736
1900504
1901268
1902032
1902796
1903564
1904328
1905092
1905856
1906624
1907388
1908152
1908916
1909684
1910448
1911212
1911976
1912744
1913508
1914272
1915036
1915804
1916568
1917332
1918096
1918864
1919628
1920392
1921156
1921924
1922688
1923452
1924216
1924984
1925748
1926512
1927276
1928044
1928808
1929572
1930336
1931104
1931868
1932632
1933396
1934164
1934928
1935692
1936456
1937224
1937988
1938752
1939516
1940284
1941048
1941812
1942576
1943344
1944108
1944872
1945636
1946404
1947168
1947932
1948696
1949464
1950228
1950992
1951764
1952524
1953288
1954052
1954824
1955584
1956348
1957112
1957876
1958644
1959408
1960172
1960936
1961704
1962468
1963232
1963996
1964764
1965528
1966292
1967056
1967824
1968588
1969352
1970116
1970884
1971648
1972412
1973176
1973944
1974708
1975472
1976236
1977004
1977768
1978532
1979296
1980064
1980828
1981592
1982356
1983124
1983888
1984652
1985416
1986184
1986948
1987712
1988476
1989244
1990008
1990772
1991536
1992304
1993068
1993832
1994596
1995364
1996128
1996892
1997656
1998424
1999188
1999952
2000716
2001484
2002248
2003012
2003776
2004544
2005308
2006072
2006836
2007604
2008368
2009132
2009896
2010664
2011428
2012192
2012956
2013724
2014488
2015252
2016016
2016784
2017548
2018320
2019076
2019844
2020608
2021372
2022136
2022904
2023668
2024432
2025196
2025964
2026728
2027492
2028256
2029024
2029788
2030552
2031316
2032084
2032848
2033612
2034376
2035144
2035908
2036672
2037436
2038204
2038968
2039732
2040496
2041264
2042028
2042792
2043556
2044324
2045088
2045852
2046616
2047384
2048148
2048912
2049676
2050444
2051208
2051972
2052736
2053504
2054268
2055032
2055796
2056564
2057328
2058092
2058856
2059624
2060388
2061152
2061916
2062684
2063448
2064212
2064976
2065744
2066508
2067272
2068036
2068804
2069568
2070332
2071096
2071864
2072628
2073392
2074156
2074924
2075688
2076452
2077216
2077984
2078748
2079512
2080276
2081044
2081812
2082572
2083336
2084104
2084872
2085632
2086396
2087164
2087928
2088692
2089456
2090224
2090988
2091752
2092516
2093284
2094048
2094812
2095576
2096344
2097108
2097872
2098636
2099404
2100168
2100932
2101696
2102464
2103228
2103992
2104756
2105524
2106288
2107052
2107816
2108584
2109348
2110112
2110876
2111644
2112408
2113172
2113936
2114704
2115468
2116232
2116996
2117764
2118528
2119292
2120056
2120824
2121588
2122352
2123116
2123884
2124648
2125412
2126176
2126944
2127708
2128472
2129236
2130004
2130768
2131532
2132296
2133064
2133828
2134592
2135356
2136124
2136888
2137652
2138416
2139184
2139948
2140712
2141476
2142244
2143008
2143772
2144536
2145304
2146068
2146832
2147596
2148368
2149128
2149892
2150656
2151424
2152188
2152952
2153716
2154484
2155248
2156012
2156776
2157544
2158308
2159072
2159836
2160604
2161368
2162132
2162896
2163664
2164428
2165192
2165956
2166724
2167488
2168252
2169016
2169784
2170548
2171312
2172076
2172844
2173608
2174372
2175136
2175904
2176668
2177432
2178196
2178964
2179728
2180492
2181256
2182024
2182788
2183552
2184316
2185084
2185848
2186612
2187376
2188144
2188908
2189672
2190436
2191204
2191968
2192732
2193496
2194264
2195028
2195792
2196556
2197324
2198088
2198852
2199616
2200384
2201148
2201912
2202676
2203444
2204208
2204972
2205736
2206504
2207268
2208032
2208796
2209564
2210328
2211092
2211860
2212624
2213388
2214152
2214924
2215684
2216448
2217212
2217976
2218744
2219508
2220272
2221036
2221804
2222568
2223332
2224096
2224864
2225628
2226392
2227156
2227924
2228688
2229452
2230216
2230984
2231748
2232512
2233276
2234044
2234808
2235572
2236336
2237104
2237868
2238632
2239396
2240164
2240928
2241692
2242456
2243224
2243988
2244752
2245516
2246284
2247048
2247812
2248576
2249344
2250108
2250872
2251636
2252404
2253168
2253932
2254696
2255464
2256228
2256992
2257756
2258524
2259288
2260052
2260816
2261584
2262348
2263112
2263876
2264644
2265408
2266172
2266936
2267704
2268468
2269232
2269996
2270764
2271528
2272292
2273056
2273824
2274588
2275352
2276116
2276884
2277648
2278420
2279176
2279944
2280708
2281480
2282236
2283004
2283768
2284532
2285296
2286064
2286828
2287592
2288356
2289124
2289888
2290652
2291416
2292184
2292948
2293712
2294476
2295244
2296008
2296772
2297536
2298304
2299068
2299832
2300596
2301364
2302128
2302892
2303656
2304424
2305188
2305952
2306716
2307484
2308248
2309012
2309776
2310544
2311308
2312072
2312836
2313604
2314368
2315132
2315896
2316664
2317428
2318192
2318956
2319724
2320488
2321252
2322016
2322784
2323548
2324312
2325076
2325844
2326608
2327372
2328136
2328904
2329668
2330432
2331196
2331964
2332728
2333492
2334256
2335024
2335788
2336552
2337316
2338084
2338848
2339612
2340376
2341144
2341908
2342672
2343436
2344204
2344972
2345732
2346496
2347264
2348028
2348792
2349556
2350324
2351088
2351852
2352616
2353384
2354148
2354912
2355676
2356444
2357208
2357972
2358736
2359504
2360268
2361032
2361796
2362564
2363328
2364092
2364856
2365624
2366388
2367152
2367916
2368684
2369448
2370212
2370976
2371744
2372508
2373272
2374036
2374804
2375568
2376332
2377096
2377864
2378628
2379392
2380156
2380924
2381688
2382452
2383216
2383984
2384748
2385512
2386276
2387044
2387808
2388572
2389336
2390104
2390868
2391632
2392396
2393164
2393928
2394692
2395456
2396224
2396988
2397752
2398516
2399284
2400048
2400812
2401576
2402344
2403108
2403872
2404636
2405404
2406168
2406932
2407696
2408468
2409228
2409992
2410756
2411528
2412288
2413052
2413816
2414584
2415348
2416112
2416876
2417644
2418408
2419172
2419936
2420704
2421468
2422232
2422996
2423764
2424528
2425292
2426056
2426824
2427588
2428352
2429116
2429884
2430648
2431412
2432176
2432944
2433708
2434472
2435236
2436004
2436768
2437532
2438296
2439064
2439828
2440592
2441356
2442124
2442888
2443652
2444416
2445184
2445948
2446712
2447476
2448244
2449008
2449772
2450536
2451304
2452068
2452832
2453596
2454364
2455128
2455892
2456656
2457424
2458188
2458952
2459716
2460484
2461248
2462012
2462776
2463544
2464308
2465072
2465836
2466604
2467368
2468132
2468896
2469664
2470428
2471192
2471956
2472724
2473488
2474252
2475024
2475784
2476548
2477312
2478076
2478844
2479608
2480372
2481136
2481904
2482668
2483432
2484196
2484964
2485728
2486492
2487256
2488024
2488788
2489552
2490316
2491084
2491848
2492612
2493376
2494144
2494908
2495672
2496436
2497204
2497968
2498732
2499496
2500264
2501028
2501792
2502556
2503324
2504088
2504852
2505616
2506384
2507148
2507912
2508676
2509444
2510208
2510972
2511736
2512504
2513268
2514032
2514796
2515564
2516328
2517092
2517856
2518624
2519388
2520152
2520916
2521684
2522448
2523212
2523976
2524744
2525508
2526272
2527036
2527804
2528568
2529332
2530096
2530864
2531628
2532392
2533156
2533924
2534688
2535452
2536216
2536984
2537748
2538516
2539276
2540044
2540808
2541580
2542336
2543104
2543868
2544632
2545396
2546164
2546928
2547692
2548456
2549224
2549988
2550752
2551516
2552284
2553048
2553812
2554576
2555344
2556108
2556872
2557636
2558404
2559168
2559932
2560696
2561464
2562228
2562992
2563756
2564524
2565288
2566052
2566816
2567584
2568348
2569112
2569876
2570644
2571408
2572172
2572936
2573704
2574468
2575232
2575996
2576764
2577528
2578292
2579056
2579824
2580588
2581352
2582116
2582884
2583648
2584412
2585176
2585944
2586708
2587472
2588236
2589004
2589768
2590532
2591296
2592064
2592828
2593592
2594356
2595124
2595888
2596652
2597416
2598184
2598948
2599712
2600476
2601244
2602008
2602772
2603536
2604304
2605072
2605832
2606596
2607364
2608132
2608892
2609656
2610424
2611188
2611952
2612716
2613484
2614248
2615012
2615776
2616544
2617308
2618072
2618836
2619604
2620368
2621132
2621896
2622664
2623428
2624192
2624956
2625724
2626488
2627252
2628016
2628784
2629548
2630312
2631076
2631844
2632608
2633372
2634136
2634904
2635668
2636432
2637196
2637964
2638728
2639492
2640256
2641024
2641788
2642552
2643316
2644084
2644848
2645612
2646376
2647144
2647908
2648672
2649436
2650204
2650968
2651732
2652496
2653264
2654028
2654792
2655556
2656324
2657088
2657852
2658616
2659384
2660148
2660912
2661676
2662444
2663208
2663972
2664736
2665504
2666268
2667032
2667796
2668564
2669328
2670092
2670856
2671628
2672388
2673152
2673916
2674684
2675448
2676212
2676976
2677744
2678508
2679272
2680036
2680804
2681568
2682332
2683096
2683864
2684628
2685392
2686156
2686924
2687688
2688452
2689216
2689984
2690748
2691512
2692276
2693044
2693808
2694572
2695336
2696104
2696868
2697632
2698396
2699164
2699928
2700692
2701456
2702224
2702988
2703752
2704516
2705284
2706048
2706812
2707576
2708344
2709108
2709872
2710636
2711404
2712168
2712932
2713696
2714464
2715228
2715992
2716756
2717524
2718288
2719052
2719816
2720584
2721348
2722112
2722876
2723644
2724408
2725172
2725936
2726704
2727468
2728232
2728996
2729764
2730528
2731292
2732056
2732824
2733588
2734352
2735124
2735884
2736648
2737412
2738184
2738944
2739708
2740472
2741236
2742004
2742768
2743532
2744296
2745064
2745828
2746592
2747356
2748124
2748888
2749652
2750416
2751184
2751948
2752712
2753476
2754244
2755008
2755772
2756536
2757304
2758068
2758832
2759596
2760364
2761128
2761892
2762656
2763424
2764188
2764952
2765716
2766484
2767248
2768012
2768776
2769544
2770308
2771072
2771836
2772604
2773368
2774132
2774896
2775664
2776428
2777192
2777956
2778724
2779488
2780252
2781016
2781784
2782548
2783312
2784076
2784844
2785608
2786372
2787136
2787904
2788668
2789432
2790196
2790964
2791728
2792492
2793256
2794024
2794788
2795552
2796316
2797084
2797848
2798612
2799376
2800144
2800908
2801680
2802436
2803204
2803968
2804732
2805496
2806264
2807028
2807792
2808556
2809324
2810088
2810852
2811616
2812384
2813148
2813912
2814676
2815444
2816208
2816972
2817736
2818504
2819268
2820032
2820796
2821564
2822328
2823092
2823856
2824624
2825388
2826152
2826916
2827684
2828448
2829212
2829976
2830744
2831508
2832272
2833036
2833804
2834568
2835332
2836096
2836864
2837628
2838392
2839156
2839924
2840688
2841452
2842216
2842984
2843748
2844512
2845276
2846044
2846808
2847572
2848336
2849104
2849868
2850632
2851396
2852164
2852928
2853692
2854456
2855224
2855988
2856752
2857516
2858284
2859048
2859812
2860576
2861344
2862108
2862872
2863636
2864404
2865172
2865932
2866696
2867464
2868232
2868992
2869756
2870524
2871288
2872052
2872816
2873584
2874348
2875112
2875876
2876644
2877408
2878172
2878936
2879704
2880468
2881232
2881996
2882764
2883528
2884292
2885056
2885824
2886588
2887352
2888116
2888884
2889648
2890412
2891176
2891944
2892708
2893472
2894236
2895004
2895768
2896532
2897296
2898064
2898828
2899592
2900356
2901124
2901888
2902652
2903416
2904184
2904948
2905712
2906476
2907244
2908008
2908772
2909536
2910304
2911068
2911832
2912596
2913364
2914128
2914892
2915656
2916424
2917188
2917952
2918716
2919484
2920248
2921012
2921776
2922544
2923308
2924072
2924836
2925604
2926368
2927132
2927896
2928664
2929428
2930192
2930956
2931728
2932488
2933252
2934016
2934784
2935548
2936312
2937076
2937844
2938608
2939372
2940136
2940904
2941668
2942432
2943196
2943964
2944728
2945492
2946256
2947024
2947788
2948552
2949316
2950084
2950848
2951612
2952376
2953144
2953908
2954672
2955436
2956204
2956968
2957732
2958496
2959264
2960028
2960792
2961556
2962324
2963088
2963852
2964616
2965384
2966148
2966912
2967676
2968444
2969208
2969972
2970736
2971504
2972268
2973032
2973796
2974564
2975328
2976092
2976856
2977624
2978388
2979152
2979916
2980684
2981448
2982212
2982976
2983744
2984508
2985272
2986036
2986804
2987568
2988332
2989096
2989864
2990628
2991392
2992156
2992924
2993688
2994452
2995220
2995984
2996748
2997512
2998284
2999044
2999808
3000572
3001336
3002104
3002868
3003632
3004396
3005164
3005928
3006692
3007456
3008224
3008988
3009752
3010516
3011284
3012048
3012812
3013576
3014344
3015108
3015872
3016636
3017404
3018168
3018932
3019696
3020464
3021228
3021992
3022756
3023524
3024288
3025052
3025816
3026584
3027348
3028112
3028876
3029644
3030408
3031172
3031936
3032704
3033468
3034232
3034996
3035764
3036528
3037292
3038056
3038824
3039588
3040352
3041116
3041884
3042648
3043412
3044176
3044944
3045708
3046472
3047236
3048004
3048768
3049532
3050296
3051064
3051828
3052592
3053356
3054124
3054888
3055652
3056416
3057184
3057948
3058712
3059476
3060244
3061008
3061780
3062536
3063304
3064068
3064840
3065596
3066364
3067128
3067892
3068656
3069424
3070188
3070952
3071716
3072484
3073248
3074012
3074776
3075544
3076308
3077072
3077836
3078604
3079368
3080132
3080896
3081664
3082428
3083192
3083956
3084724
3085488
3086252
3087016
3087784
3088548
3089312
3090076
3090844
3091608
3092372
3093136
3093904
3094668
3095432
3096196
3096964
3097728
3098492
3099256
3100024
3100788
3101552
3102316
3103084
3103848
3104612
3105376
3106144
3106908
3107672
3108436
3109204
3109968
3110732
3111496
3112264
3113028
3113792
3114556
3115324
3116088
3116852
3117616
3118384
3119148
3119912
3120676
3121444
3122208
3122972
3123736
3124504
3125268
3126032
3126796
3127564
3128332
3129092
3129856
3130624
3131388
3132152
3132916
3133684
3134448
3135212
3135976
3136744
3137508
3138272
3139036
3139804
3140568
3141332
3142096
3142864
3143628
3144392
3145156
3145924
3146688
3147452
3148216
3148984
3149748
3150512
3151276
3152044
3152808
3153572
3154336
3155104
3155868
3156632
3157396
3158164
3158928
3159692
3160456
3161224
3161988
3162752
3163516
3164284
3165048
3165812
3166576
3167344
3168108
3168872
3169636
3170404
3171168
3171932
3172696
3173464
3174228
3174992
3175756
3176524
3177288
3178052
3178816
3179584
3180348
3181112
3181876
3182644
3183408
3184172
3184936
3185704
3186468
3187232
3187996
3188764
3189528
3190292
3191056
3191828
3192588
3193352
3194116
3194888
3195648
3196412
3197176
3197944
3198708
3199472
3200236
3201004
3201768
3202532
3203296
3204064
3204828
3205592
3206356
3207124
3207888
3208652
3209416
3210184
3210948
3211712
3212476
3213244
3214008
3214772
3215536
3216304
3217068
3217832
3218596
3219364
3220128
3220892
3221656
3222424
3223188
3223952
3224716
3225484
3226248
3227012
3227776
3228544
3229308
3230072
3230836
3231604
3232368
3233132
3233896
3234664
3235428
3236192
3236956
3237724
3238488
3239252
3240016
3240784
3241548
3242312
3243076
3243844
3244608
3245372
3246136
3246904
3247668
3248432
3249196
3249964
3250728
3251492
3252256
3253024
3253788
3254552
3255316
3256084
3256848
3257612
3258384
3259144
3259908
3260672
3261436
3262204
3262968
3263732
3264496
3265264
3266028
3266792
3267556
3268324
3269088
3269852
3270616
3271384
3272148
3272912
3273676
3274444
3275208
3275972
3276736
3277504
3278268
3279032
3279796
3280564
3281328
3282092
3282856
3283624
3284388
3285152
3285916
3286684
3287448
3288212
3288976
3289744
3290508
3291272
3292036
3292804
3293568
3294332
3295096
3295864
3296628
3297392
3298156
3298924
3299688
3300452
3301216
3301984
3302748
3303512
3304276
3305044
3305808
3306572
3307336
3308104
3308868
3309632
3310396
3311164
3311928
3312692
3313456
3314224
3314988
3315752
3316516
3317284
3318048
3318812
3319576
3320344
3321108
3321876
3322636
3323404
3324168
3324940
3325696
3326464
3327228
3327992
3328756
3329524
3330288
3331052
3331816
3332584
3333348
3334112
3334876
3335644
3336408
3337172
3337936
3338704
3339468
3340232
3340996
3341764
3342528
3343292
3344056
3344824
3345588
3346352
3347116
3347884
3348648
3349412
3350176
3350944
3351708
3352472
3353236
3354004
3354768
3355532
3356296
3357064
3357828
3358592
3359356
3360124
3360888
3361652
3362416
3363184
3363948
3364712
3365476
3366244
3367008
3367772
3368536
3369304
3370068
3370832
3371596
3372364
3373128
3373892
3374656
3375424
3376188
3376952
3377716
3378484
3379248
3380012
3380776
3381544
3382308
3383072
3383836
3384604
3385368
3386132
3386896
3387664
3388432
3389192
3389956
3390724
3391492
3392252
3393016
3393784
3394548
3395312
3396076
3396844
3397608
3398372
3399136
3399904
3400668
3401432
3402196
3402964
3403728
3404492
3405256
3406024
3406788
3407552
3408316
3409084
3409848
3410612
3411376
3412144
3412908
3413672
3414436
3415204
3415968
3416732
3417496
3418264
3419028
3419792
3420556
3421324
3422088
3422852
3423616
3424384
3425148
3425912
3426676
3427444
3428208
3428972
3429736
3430504
3431268
3432032
3432796
3433564
3434328
3435092
3435856
3436624
3437388
3438152
3438916
3439684
3440448
3441212
3441976
3442744
3443508
3444272
3445036
3445804
3446568
3447332
3448096
3448864
3449628
3450392
3451156
3451924
3452688
3453452
3454216
3454988
3455748
3456512
3457276
3458044
3458808
3459572
3460336
3461104
3461868
3462632
3463396
3464164
3464928
3465692
3466456
3467224
3467988
3468752
3469516
3470284
3471048
3471812
3472576
3473344
3474108
3474872
3475636
3476404
3477168
3477932
3478696
3479464
3480228
3480992
3481756
3482524
3483288
3484052
3484816
3485584
3486348
3487112
3487876
3488644
3489408
3490172
3490936
3491704
3492468
3493232
3493996
3494764
3495528
3496292
3497056
3497824
3498588
3499352
3500116
3500884
3501648
3502412
3503176
3503944
3504708
3505472
3506236
3507004
3507768
3508532
3509296
3510064
3510828
3511592
3512356
3513124
3513888
3514652
3515416
3516184
3516948
3517712
3518484
3519244
3520008
3520772
3521544
3522304
3523068
3523832
3524596
3525364
3526128
3526892
3527656
3528424
3529188
3529952
3530716
3531484
3532248
3533012
3533776
3534544
3535308
3536072
3536836
3537604
3538368
3539132
3539896
3540664
3541428
3542192
3542956
3543724
3544488
3545252
3546016
3546784
3547548
3548312
3549076
3549844
3550608
3551372
3552136
3552904
3553668
3554432
3555196
3555964
3556728
3557492
3558256
3559024
3559788
3560552
3561316
3562084
3562848
3563612
3564376
3565144
3565908
3566672
3567436
3568204
3568968
3569732
3570496
3571264
3572028
3572792
3573556
3574324
3575088
3575852
3576616
3577384
3578148
3578912
3579676
3580444
3581208
3581972
3582736
3583504
3584268
3585040
3585796
3586564
3587328
3588092
3588856
3589624
3590388
3591152
3591916
3592684
3593448
3594212
3594976
3595744
3596508
3597272
3598036
3598804
3599568
3600332
3601096
3601864
3602628
3603392
3604156
3604924
3605688
3606452
3607216
3607984
3608748
3609512
3610276
3611044
3611808
3612572
3613336
3614104
3614868
3615632
3616396
3617164
3617928
3618692
3619456
3620224
3620988
3621752
3622516
3623284
3624048
3624812
3625576
3626344
3627108
3627872
3628636
3629404
3630168
3630932
3631696
3632464
3633228
3633992
3634756
3635524
3636288
3637052
3637816
3638584
3639348
3640112
3640876
3641644
3642408
3643172
3643936
3644704
3645468
3646232
3646996
3647764
3648532
3649292
3650056
3650824
3651592
3652352
3653116
3653884
3654648
3655412
3656176
3656944
3657708
3658472
3659236
3660004
3660768
3661532
3662296
3663064
3663828
3664592
3665356
3666124
3666888
3667652
3668416
3669184
3669948
3670712
3671476
3672244
3673008
3673772
3674536
3675304
3676068
3676832
3677596
3678364
3679128
3679892
3680656
3681424
3682188
3682952
3683716
3684484
3685248
3686012
3686776
3687544
3688308
3689072
3689836
3690604
3691368
3692132
3692896
3693664
3694428
3695192
3695956
3696724
3697488
3698252
3699016
3699784
3700548
3701312
3702076
3702844
3703608
3704372
3705136
3705904
3706668
3707432
3708196
3708964
3709728
3710492
3711256
3712024
3712788
3713552
3714316
3715088
3715848
3716612
3717376
3718144
3718908
3719672
3720436
3721204
3721968
3722732
3723496
3724264
3725028
3725792
3726556
3727324
3728088
3728852
3729616
3730384
3731148
3731912
3732676
3733444
3734208
3734972
3735736
3736504
3737268
3738032
3738796
3739564
3740328
3741092
3741856
3742624
3743388
3744152
3744916
3745684
3746448
3747212
3747976
3748744
3749508
3750272
3751036
3751804
3752568
3753332
3754096
3754864
3755628
3756392
3757156
3757924
3758688
3759452
3760216
3760984
3761748
3762512
3763276
3764044
3764808
3765572
3766336
3767104
3767868
3768632
3769396
3770164
3770928
3771692
3772456
3773224
3773988
3774752
3775516
3776284
3777048
3777812
3778580
3779344
3780108
3780872
3781644
3782404
3783168
3783932
3784696
3785464
3786228
3786992
3787756
3788524
3789288
3790052
3790816
3791584
3792348
3793112
3793876
3794644
3795408
3796172
3796936
3797704
3798468
3799232
3799996
3800764
3801528
3802292
3803056
3803824
3804588
3805352
3806116
3806884
3807648
3808412
3809176
3809944
3810708
3811472
3812236
3813004
3813768
3814532
3815296
3816064
3816828
3817592
3818356
3819124
3819888
3820652
3821416
3822184
3822948
3823712
3824476
3825244
3826008
3826772
3827536
3828304
3829068
3829832
3830596
3831364
3832128
3832892
3833656
3834424
3835188
3835952
3836716
3837484
3838248
3839012
3839776
3840544
3841308
3842072
3842836
3843604
3844368
3845140
3845896
3846664
3847428
3848200
3848956
3849724
3850488
3851252
3852016
3852784
3853548
3854312
3855076
3855844
3856608
3857372
3858136
3858904
3859668
3860432
3861196
3861964
3862728
3863492
3864256
3865024
3865788
3866552
3867316
3868084
3868848
3869612
3870376
3871144
3871908
3872672
3873436
3874204
3874968
3875732
3876496
3877264
3878028
3878792
3879556
3880324
3881088
3881852
3882616
3883384
3884148
3884912
3885676
3886444
3887208
3887972
3888736
3889504
3890268
3891032
3891796
3892564
3893328
3894092
3894856
3895624
3896388
3897152
3897916
3898684
3899448
3900212
3900976
3901744
3902508
3903272
3904036
3904804
3905568
3906332
3907096
3907864
3908628
3909392
3910156
3910924
3911692
3912452
3913216
3913984
3914748
3915512
3916276
3917044
3917808
3918572
3919336
3920104
3920868
3921632
3922396
3923164
3923928
3924692
3925456
3926224
3926988
3927752
3928516
3929284
3930048
3930812
3931576
3932344
3933108
3933872
3934636
3935404
3936168
3936932
3937696
3938464
3939228
3939992
3940756
3941524
3942288
3943052
3943816
3944584
3945348
3946112
3946876
3947644
3948408
3949172
3949936
3950704
3951468
3952232
3952996
3953764
3954528
3955292
3956056
3956824
3957588
3958352
3959116
3959884
3960648
3961412
3962176
3962944
3963708
3964472
3965236
3966004
3966768
3967532
3968296
3969064
3969828
3970592
3971356
3972124
3972888
3973652
3974416
3975188
3975948
3976712
3977476
3978248
3979008
3979772
3980536
3981304
3982068
3982832
3983596
3984364
3985128
3985892
3986656
3987424
3988188
3988952
3989716
3990484
3991248
3992012
3992776
3993544
3994308
3995072
3995836
3996604
3997368
3998132
3998896
3999664
4000428
4001192
4001956
4002724
4003488
4004252
4005016
4005784
4006548
4007312
4008076
4008844
4009608
4010372
4011136
4011904
4012668
4013432
4014196
4014964
4015728
4016492
4017256
4018024
4018788
4019552
4020316
4021084
4021848
4022612
4023376
4024144
4024908
4025672
4026436
4027204
4027968
4028732
4029496
4030264
4031028
4031792
4032556
4033324
4034088
4034852
4035616
4036384
4037148
4037912
4038676
4039444
4040208
4040972
4041744
4042504
4043268
4044032
4044796
4045564
4046328
4047092
4047856
4048624
4049388
4050152
4050916
4051684
4052448
4053212
4053976
4054744
4055508
4056272
4057036
4057804
4058568
4059332
4060096
4060864
4061628
4062392
4063156
4063924
4064688
4065452
4066216
4066984
4067748
4068512
4069276
4070044
4070808
4071572
4072336
4073104
4073868
4074632
4075396
4076164
4076928
4077692
4078456
4079224
4079988
4080752
4081516
4082284
4083048
4083812
4084576
4085344
4086108
4086872
4087636
4088404
4089168
4089932
4090696
4091464
4092228
4092992
4093756
4094524
4095288
4096052
4096816
4097584
4098348
4099112
4099876
4100644
4101408
4102172
4102936
4103704
4104468
4105236
4105996
4106764
4107528
4108300
4109056
4109824
4110588
4111352
4112116
4112884
4113648
4114412
4115176
4115944
4116708
4117472
4118236
4119004
4119768
4120532
4121296
4122064
4122828
4123592
4124356
4125124
4125888
4126652
4127416
4128184
4128948
4129712
4130476
4131244
4132008
4132772
4133536
4134304
4135068
4135832
4136596
4137364
4138128
4138892
4139656
4140424
4141188
4141952
4142716
4143484
4144248
4145012
4145776
4146544
4147308
4148072
4148836
4149604
4150368
4151132
4151896
4152664
4153428
4154192
4154956
4155724
4156488
4157252
4158016
4158784
4159548
4160312
4161076
4161844
4162608
4163372
4164136
4164904
4165668
4166432
4167196
4167964
4168728
4169492
4170256
4171024
4171792
4172552
4173316
4174084
4174852
4175612
4176376
4177144
4177908
4178672
4179436
4180204
4180968
4181732
4182496
4183264
4184028
4184792
4185556
4186324
4187088
4187852
4188616
4189384
4190148
4190912
4191676
4192444
4193208
4193972
4194736
4195504
4196268
4197032
4197796
4198564
4199328
4200092
4200856
4201624
4202388
4203152
4203916
4204684
4205448
4206212
4206976
4207744
4208508
4209272
4210036
4210804
4211568
4212332
4213096
4213864
4214628
4215392
4216156
4216924
4217688
4218452
4219216
4219984
4220748
4221512
4222276
4223044
4223808
4224572
4225336
4226104
4226868
4227632
4228396
4229164
4229928
4230692
4231456
4232224
4232988
4233752
4234516
4235284
4236048
4236812
4237576
4238348
4239108
4239872
4240636
4241404
4242168
4242932
4243696
4244464
4245228
4245992
4246756
4247524
4248288
4249052
4249816
4250584
4251348
4252112
4252876
4253644
4254408
4255172
4255936
4256704
4257468
4258232
4258996
4259764
4260528
4261292
4262056
4262824
4263588
4264352
4265116
4265884
4266648
4267412
4268176
4268944
4269708
4270472
4271236
4272004
4272768
4273532
4274296
4275064
4275828
4276592
4277356
4278124
4278888
4279652
4280416
4281184
4281948
4282712
4283476
4284244
4285008
4285772
4286536
4287304
4288068
4288832
4289596
4290364
4291128
4291892
4292656
4293424
4294188
4294952
4295716
4296484
4297248
4298012
4298776
4299544
4300308
4301072
4301844
4302604
4303368
4304132
4304904
4305664
4306428
4307192
4307956
4308724
4309488
4310252
4311016
4311784
4312548
4313312
4314076
4314844
4315608
4316372
4317136
4317904
4318668
4319432
4320196
4320964
4321728
4322492
4323256
4324024
4324788
4325552
4326316
4327084
4327848
4328612
4329376
4330144
4330908
4331672
4332436
4333204
4333968
4334732
4335496
4336264
4337028
4337792
4338556
4339324
4340088
4340852
4341616
4342384
4343148
4343912
4344676
4345444
4346208
4346972
4347736
4348504
4349268
4350032
4350796
4351564
4352328
4353092
4353856
4354624
4355388
4356152
4356916
4357684
4358448
4359212
4359976
4360744
4361508
4362272
4363036
4363804
4364568
4365332
4366096
4366864
4367628
4368400
4369156
4369924
4370688
4371452
4372216
4372984
4373748
4374512
4375276
4376044
4376808
4377572
4378336
4379104
4379868
4380632
4381396
4382164
4382928
4383692
4384456
4385224
4385988
4386752
4387516
4388284
4389048
4389812
4390576
4391344
4392108
4392872
4393636
4394404
4395168
4395932
4396696
4397464
4398228
4398992
4399756
4400524
4401288
4402052
4402816
4403584
4404348
4405112
4405876
4406644
4407408
4408172
4408936
4409704
4410468
4411232
4411996
4412764
4413528
4414292
4415056
4415824
4416588
4417352
4418116
4418884
4419648
4420412
4421176
4421944
4422708
4423472
4424236
4425004
4425768
4426532
4427296
4428064
4428828
4429592
4430356
4431124
4431892
4432652
4433416
4434184
4434952
4435712
4436476
4437244
4438008
4438772
4439536
4440304
4441068
4441832
4442596
4443364
4444128
4444892
4445656
4446424
4447188
4447952
4448716
4449484
4450248
4451012
4451776
4452544
4453308
4454072
4454836
4455604
4456368
4457132
4457896
4458664
4459428
4460192
4460956
4461724
4462488
4463252
4464016
4464784
4465548
4466312
4467076
4467844
4468608
4469372
4470136
4470904
4471668
4472432
4473196
4473964
4474728
4475492
4476256
4477024
4477788
4478552
4479316
4480084
4480848
4481612
4482376
4483144
4483908
4484672
4485436
4486204
4486968
4487732
4488496
4489264
4490028
4490792
4491556
4492324
4493088
4493852
4494616
4495384
4496148
4496912
4497676
4498448
4499208
4499972
4500736
4501504
4502268
4503032
4503796
4504564
4505328
4506092
4506856
4507624
4508388
4509152
4509916
4510684
4511448
4512212
4512976
4513744
4514508
4515272
4516036
4516804
4517568
4518332
4519096
4519864
4520628
4521392
4522156
4522924
4523688
4524452
4525216
4525984
4526748
4527512
4528276
4529044
4529808
4530572
4531336
4532104
4532868
4533632
4534396
4535164
4535928
4536692
4537456
4538224
4538988
4539752
4540516
4541284
4542048
4542812
4543576
4544344
4545108
4545872
4546636
4547404
4548168
4548932
4549696
4550464
4551228
4551992
4552756
4553524
4554288
4555052
4555816
4556584
4557348
4558112
4558876
4559644
4560408
4561172
4561940
4562704
4563468
4564232
4565004
4565764
4566528
4567292
4568056
4568824
4569588
4570352
4571116
4571884
4572648
4573412
4574176
4574944
4575708
4576472
4577236
4578004
4578768
4579532
4580296
4581064
4581828
4582592
4583356
4584124
4584888
4585652
4586416
4587184
4587948
4588712
4589476
4590244
4591008
4591772
4592536
4593304
4594068
4594832
4595596
4596364
4597128
4597892
4598656
4599424
4600188
4600952
4601716
4602484
4603248
4604012
4604776
4605544
4606308
4607072
4607836
4608604
4609368
4610132
4610896
4611664
4612428
4613192
4613956
4614724
4615488
4616252
4617016
4617784
4618548
4619312
4620076
4620844
4621608
4622372
4623136
4623904
4624668
4625432
4626196
4626964
4627728
4628500
4629256
4630024
4630788
4631560
4632316
4633084
4633848
4634612
4635376
4636144
4636908
4637672
4638436
4639204
4639968
4640732
4641496
4642264
4643028
4643792
4644556
4645324
4646088
4646852
4647616
4648384
4649148
4649912
4650676
4651444
4652208
4652972
4653736
4654504
4655268
4656032
4656796
4657564
4658328
4659092
4659856
4660624
4661388
4662152
4662916
4663684
4664448
4665212
4665976
4666744
4667508
4668272
4669036
4669804
4670568
4671332
4672096
4672864
4673628
4674392
4675156
4675924
4676688
4677452
4678216
4678984
4679748
4680512
4681276
4682044
4682808
4683572
4684336
4685104
4685868
4686632
4687396
4688164
4688928
4689692
4690456
4691224
4691988
4692752
4693516
4694284
4695052
4695812
4696576
4697344
4698108
4698872
4699636
4700404
4701168
4701932
4702696
4703464
4704228
4704992
4705756
4706524
4707288
4708052
4708816
4709584
4710348
4711112
4711876
4712644
4713408
4714172
4714936
4715704
4716468
4717232
4717996
4718764
4719528
4720292
4721056
4721824
4722588
4723352
4724116
4724884
4725648
4726412
4727176
4727944
4728708
4729472
4730236
4731004
4731768
4732532
4733296
4734064
4734828
4735592
4736356
4737124
4737888
4738652
4739416
4740184
4740948
4741712
4742476
4743244
4744008
4744772
4745536
4746304
4747068
4747832
4748596
4749364
4750128
4750892
4751656
4752424
4753188
4753952
4754716
4755484
4756248
4757012
4757776
4758548
4759308
4760072
4760836
4761608
4762368
4763132
4763896
4764664
4765428
4766192
4766956
4767724
4768488
4769252
4770016
4770784
4771548
4772312
4773076
4773844
4774608
4775372
4776136
4776904
4777668
4778432
4779196
4779964
4780728
4781492
4782256
4783024
4783788
4784552
4785316
4786084
4786848
4787612
4788376
4789144
4789908
4790672
4791436
4792204
4792968
4793732
4794496
4795264
4796028
4796792
4797556
4798324
4799088
4799852
4800616
4801384
4802148
4802912
4803676
4804444
4805208
4805972
4806736
4807504
4808268
4809032
4809796
4810564
4811328
4812092
4812856
4813624
4814388
4815152
4815916
4816684
4817448
4818212
4818976
4819744
4820508
4821272
4822036
4822804
4823568
4824332
4825104
4825864
4826628
4827392
4828156
4828924
4829688
4830452
4831216
4831984
4832748
4833512
4834276
4835044
4835808
4836572
4837336
4838104
4838868
4839632
4840396
4841164
4841928
4842692
4843456
4844224
4844988
4845752
4846516
4847284
4848048
4848812
4849576
4850344
4851108
4851872
4852636
4853404
4854168
4854932
4855696
4856464
4857228
4857992
4858756
4859524
4860288
4861052
4861816
4862584
4863348
4864112
4864876
4865644
4866408
4867172
4867936
4868704
4869468
4870232
4870996
4871764
4872528
4873292
4874056
4874824
4875588
4876352
4877116
4877884
4878648
4879412
4880176
4880944
4881708
4882472
4883236
4884004
4884768
4885532
4886296
4887064
4887828
4888596
4889356
4890124
4890888
4891660
4892416
4893184
4893948
4894712
4895476
4896244
4897008
4897772
4898536
4899304
4900068
4900832
4901596
4902364
4903128
4903892
4904656
4905424
4906188
4906952
4907716
4908484
4909248
4910012
4910776
4911544
4912308
4913072
4913836
4914604
4915368
4916132
4916896
4917664
4918428
4919192
4919956
4920724
4921488
4922252
4923016
4923784
4924548
4925312
4926076
4926844
4927608
4928372
4929136
4929904
4930668
4931432
4932196
4932964
4933728
4934492
4935256
4936024
4936788
4937552
4938316
4939084
4939848
4940612
4941376
4942144
4942908
4943672
4944436
4945204
4945968
4946732
4947496
4948264
4949028
4949792
4950556
4951324
4952088
4952852
4953616
4954384
4955152
4955912
4956676
4957444
4958212
4958972
4959736
4960504
4961268
4962032
4962796
4963564
4964328
4965092
4965856
4966624
4967388
4968152
4968916
4969684
4970448
4971212
4971976
4972744
4973508
4974272
4975036
4975804
4976568
4977332
4978096
4978864
4979628
4980392
4981156
4981924
4982688
4983452
4984216
4984984
4985748
4986512
4987276
4988044
4988808
4989572
4990336
4991104
4991868
4992632
4993396
4994164
4994928
4995692
4996456
4997224
4997988
4998752
4999516
5000284
5001048
5001812
5002576
5003344
5004108
5004872
5005636
5006404
5007168
5007932
5008696
5009464
5010228
5010992
5011756
5012524
5013288
5014052
5014816
5015584
5016348
5017112
5017876
5018644
5019408
5020172
5020936
5021708
5022468
5023232
5023996
5024764
5025528
5026292
5027056
5027824
5028588
5029352
5030116
5030884
5031648
5032412
5033176
5033944
5034708
5035472
5036236
5037004
5037768
5038532
5039296
5040064
5040828
5041592
5042356
5043124
5043888
5044652
5045416
5046184
5046948
5047712
5048476
5049244
5050008
5050772
5051536
5052304
5053068
5053832
5054596
5055364
5056128
5056892
5057656
5058424
5059188
5059952
5060716
5061484
5062248
5063012
5063776
5064544
5065308
5066072
5066836
5067604
5068368
5069132
5069896
5070664
5071428
5072192
5072956
5073724
5074488
5075252
5076016
5076784
5077548
5078312
5079076
5079844
5080608
5081372
5082136
5082904
5083668
5084432
5085204
5085964
5086728
5087492
5088264
5089024
5089788
5090552
5091316
5092084
5092848
5093612
5094376
5095144
5095908
5096672
5097436
5098204
5098968
5099732
5100496
5101264
5102028
5102792
5103556
5104324
5105088
5105852
5106616
5107384
5108148
5108912
5109676
5110444
5111208
5111972
5112736
5113504
5114268
5115032
5115796
5116564
5117328
5118092
5118856
5119624
5120388
5121152
5121916
5122684
5123448
5124212
5124976
5125744
5126508
5127272
5128036
5128804
5129568
5130332
5131096
5131864
5132628
5133392
5134156
5134924
5135688
5136452
5137216
5137984
5138748
5139512
5140276
5141044
5141808
5142572
5143336
5144104
5144868
5145632
5146396
5147164
5147928
5148692
5149456
5150224
5150988
5151760
5152516
5153284
5154048
5154812
5155576
5156344
5157108
5157872
5158636
5159404
5160168
5160932
5161696
5162464
5163228
5163992
5164756
5165524
5166288
5167052
5167816
5168584
5169348
5170112
5170876
5171644
5172408
5173172
5173936
5174704
5175468
5176232
5176996
5177764
5178528
5179292
5180056
5180824
5181588
5182352
5183116
5183884
5184648
5185412
5186176
5186944
5187708
5188472
5189236
5190004
5190768
5191532
5192296
5193064
5193828
5194592
5195356
5196124
5196888
5197652
5198416
5199184
5199948
5200712
5201476
5202244
5203008
5203772
5204536
5205304
5206068
5206832
5207596
5208364
5209128
5209892
5210656
5211424
5212188
5212952
5213716
5214484
5215252
5216012
5216776
5217544
5218312
5219072
5219836
5220604
5221368
5222132
5222896
5223664
5224428
5225192
5225956
5226724
5227488
5228252
5229016
5229784
5230548
5231312
5232076
5232844
5233608
5234372
5235136
5235904
5236668
5237432
5238196
5238964
5239728
5240492
5241256
5242024
5242788
5243552
5244316
5245084
5245848
5246612
5247376
5248144
5248908
5249672
5250436
5251204
5251968
5252732
5253496
5254264
5255028
5255792
5256556
5257324
5258088
5258852
5259616
5260384
5261148
5261912
5262676
5263444
5264208
5264972
5265736
5266504
5267268
5268032
5268796
5269564
5270328
5271092
5271856
5272624
5273388
5274152
5274916
5275684
5276448
5277212
5277976
5278744
5279508
5280272
5281036
5281808
5282568
5283332
5284096
5284864
5285628
5286392
5287156
5287924
5288688
5289452
5290216
5290984
5291748
5292512
5293276
5294044
5294808
5295572
5296336
5297104
5297868
5298632
5299396
5300164
5300928
5301692
5302456
5303224
5303988
5304752
5305516
5306284
5307048
5307812
5308576
5309344
5310108
5310872
5311636
5312404
5313168
5313932
5314696
5315464
5316228
5316992
5317756
5318524
5319288
5320052
5320816
5321584
5322348
5323112
5323876
5324644
5325408
5326172
5326936
5327704
5328468
5329232
5329996
5330764
5331528
5332292
5333056
5333824
5334588
5335352
5336116
5336884
5337648
5338412
5339176
5339944
5340708
5341472
5342236
5343004
5343768
5344532
5345300
5346064
5346828
5347592
5348364
5349124
5349888
5350652
5351416
5352184
5352948
5353712
5354476
5355244
5356008
5356772
5357536
5358304
5359068
5359832
5360596
5361364
5362128
5362892
5363656
5364424
5365188
5365952
5366716
5367484
5368248
5369012
5369776
5370544
5371308
5372072
5372836
5373604
5374368
5375132
5375896
5376664
5377428
5378192
5378956
5379724
5380488
5381252
5382016
5382784
5383548
5384312
5385076
5385844
5386608
5387372
5388136
5388904
5389668
5390432
5391196
5391964
5392728
5393492
5394256
5395024
5395788
5396552
5397316
5398084
5398848
5399612
5400376
5401144
5401908
5402672
5403436
5404204
5404968
5405732
5406496
5407264
5408028
5408792
5409556
5410324
5411088
5411860
5412616
5413384
5414148
5414920
5415676
5416444
5417208
5417972
5418736
5419504
5420268
5421032
5421796
5422564
5423328
5424092
5424856
5425624
5426388
5427152
5427916
5428684
5429448
5430212
5430976
5431744
5432508
5433272
5434036
5434804
5435568
5436332
5437096
5437864
5438628
5439392
5440156
5440924
5441688
5442452
5443216
5443984
5444748
5445512
5446276
5447044
5447808
5448572
5449336
5450104
5450868
5451632
5452396
5453164
5453928
5454692
5455456
5456224
5456988
5457752
5458516
5459284
5460048
5460812
5461576
5462344
5463108
5463872
5464636
5465404
5466168
5466932
5467696
5468464
5469228
5469992
5470756
5471524
5472288
5473052
5473816
5474584
5475348
5476112
5476876
5477644
5478412
5479172
5479936
5480704
5481468
5482232
5482996
5483764
5484528
5485292
5486056
5486824
5487588
5488352
5489116
5489884
5490648
5491412
5492176
5492944
5493708
5494472
5495236
5496004
5496768
5497532
5498296
5499064
5499828
5500592
5501356
5502124
5502888
5503652
5504416
5505184
5505948
5506712
5507476
5508244
5509008
5509772
5510536
5511304
5512068
5512832
5513596
5514364
5515128
5515892
5516656
5517424
5518188
5518952
5519716
5520484
5521248
5522012
5522776
5523544
5524308
5525072
5525836
5526604
5527368
5528132
5528896
5529664
5530428
5531192
5531956
5532724
5533488
5534252
5535016
5535784
5536548
5537312
5538076
5538844
5539608
5540372
5541136
5541908
5542668
5543432
5544196
5544968
5545728
5546492
5547256
5548024
5548788
5549552
5550316
5551084
5551848
5552612
5553376
5554144
5554908
5555672
5556436
5557204
5557968
5558732
5559496
5560264
5561028
5561792
5562556
5563324
5564088
5564852
5565616
5566384
5567148
5567912
5568676
5569444
5570208
5570972
5571736
5572504
5573268
5574032
5574796
5575564
5576328
5577092
5577856
5578624
5579388
5580152
5580916
5581684
5582448
5583212
5583976
5584744
5585508
5586272
5587036
5587804
5588568
5589332
5590096
5590864
5591628
5592392
5593156
5593924
5594688
5595452
5596216
5596984
5597748
5598512
5599276
5600044
5600808
5601572
5602336
5603104
5603868
5604632
5605396
5606164
5606928
5607692
5608464
5609224
5609988
5610752
5611516
5612284
5613048
5613812
5614576
5615344
5616108
5616872
5617636
5618404
5619168
5619932
5620696
5621464
5622228
5622992
5623756
5624524
5625288
5626052
5626816
5627584
5628348
5629112
5629876
5630644
5631408
5632172
5632936
5633704
5634468
5635232
5635996
5636764
5637528
5638292
5639056
5639824
5640588
5641352
5642116
5642884
5643648
5644412
5645176
5645944
5646708
5647472
5648236
5649004
5649768
5650532
5651296
5652064
5652828
5653592
5654356
5655124
5655888
5656652
5657416
5658184
5658948
5659712
5660476
5661244
5662008
5662772
5663536
5664304
5665068
5665832
5666596
5667364
5668128
5668892
5669656
5670424
5671188
5671956
5672716
5673484
5674248
5675020
5675776
5676544
5677308
5678072
5678836
5679604
5680368
5681132
5681896
5682664
5683428
5684192
5684956
5685724
5686488
5687252
5688016
5688784
5689548
5690312
5691076
5691844
5692608
5693372
5694136
5694904
5695668
5696432
5697196
5697964
5698728
5699492
5700256
5701024
5701788
5702552
5703316
5704084
5704848
5705612
5706376
5707144
5707908
5708672
5709436
5710204
5710968
5711732
5712496
5713264
5714028
5714792
5715556
5716324
5717088
5717852
5718616
5719384
5720148
5720912
5721676
5722444
5723208
5723972
5724736
5725504
5726268
5727032
5727796
5728564
5729328
5730092
5730856
5731624
5732388
5733152
5733916
5734684
5735448
5736212
5736976
5737744
5738512
5739272
5740036
5740804
5741572
5742332
5743096
5743864
5744628
5745392
5746156
5746924
5747688
5748452
5749216
5749984
5750748
5751512
5752276
5753044
5753808
5754572
5755336
5756104
5756868
5757632
5758396
5759164
5759928
5760692
5761456
5762224
5762988
5763752
5764516
5765284
5766048
5766812
5767576
5768344
5769108
5769872
5770636
5771404
5772168
5772932
5773696
5774464
5775228
5775992
5776756
5777524
5778288
5779052
5779816
5780584
5781348
5782112
5782876
5783644
5784408
5785172
5785936
5786704
5787468
5788232
5788996
5789764
5790528
5791292
5792056
5792824
5793588
5794352
5795116
5795884
5796648
5797412
5798176
5798944
5799708
5800472
5801236
5802004
5802768
5803532
5804296
5805068
5805828
5806592
5807356
5808124
5808888
5809652
5810416
5811184
5811948
5812712
5813476
5814244
5815008
5815772
5816536
5817304
5818068
5818832
5819596
5820364
5821128
5821892
5822656
5823424
5824188
5824952
5825716
5826484
5827248
5828012
5828776
5829544
5830308
5831072
5831836
5832604
5833368
5834132
5834896
5835664
5836428
5837192
5837956
5838724
5839488
5840252
5841016
5841784
5842548
5843312
5844076
5844844
5845608
5846372
5847136
5847904
5848668
5849432
5850196
5850964
5851728
5852492
5853256
5854024
5854788
5855552
5856316
5857084
5857848
5858612
5859376
5860144
5860908
5861672
5862436
5863204
5863968
5864732
5865496
5866264
5867028
5867792
5868564
5869324
5870088
5870852
5871624
5872384
5873148
5873912
5874676
5875444
5876208
5876972
5877736
5878504
5879268
5880032
5880796
5881564
5882328
5883092
5883856
5884624
5885388
5886152
5886916
5887684
5888448
5889212
5889976
5890744
5891508
5892272
5893036
5893804
5894568
5895332
5896096
5896864
5897628
5898392
5899156
5899924
5900688
5901452
5902216
5902984
5903748
5904512
5905276
5906044
5906808
5907572
5908336
5909104
5909868
5910632
5911396
5912164
5912928
5913692
5914456
5915224
5915988
5916752
5917516
5918284
5919048
5919812
5920576
5921344
5922108
5922872
5923636
5924404
5925168
5925932
5926696
5927464
5928228
5928992
5929756
5930524
5931288
5932052
5932816
5933584
5934348
5935120
5935876
5936644
5937408
5938172
5938936
5939704
5940468
5941232
5941996
5942764
5943528
5944292
5945056
5945824
5946588
5947352
5948116
5948884
5949648
5950412
5951176
5951944
5952708
5953472
5954236
5955004
5955768
5956532
5957296
5958064
5958828
5959592
5960356
5961124
5961888
5962652
5963416
5964184
5964948
5965712
5966476
5967244
5968008
5968772
5969536
5970304
5971068
5971832
5972596
5973364
5974128
5974892
5975656
5976424
5977188
5977952
5978716
5979484
5980248
5981012
5981776
5982544
5983308
5984072
5984836
5985604
5986368
5987132
5987896
5988664
5989428
5990192
5990956
5991724
5992488
5993252
5994016
5994784
5995548
5996312
5997076
5997844
5998612
5999372
6000136
6000904
6001672
6002432
6003196
6003964
6004728
6005492
6006256
6007024
6007788
6008552
6009316
6010084
6010848
6011612
6012376
6013144
6013908
6014672
6015436
6016204
6016968
6017732
6018496
6019264
6020028
6020792
6021556
6022324
6023088
6023852
6024616
6025384
6026148
6026912
6027676
6028444
6029208
6029972
6030736
6031504
6032268
6033032
6033796
6034564
6035328
6036092
6036856
6037624
6038388
6039152
6039916
6040684
6041448
6042212
6042976
6043744
6044508
6045272
6046036
6046804
6047568
6048332
6049096
6049864
6050628
6051392
6052156
6052924
6053688
6054452
6055216
6055984
6056748
6057512
6058276
6059044
6059808
6060572
6061336
6062104
6062868
6063632
6064396
6065168
6065928
6066692
6067456
6068224
6068988
6069752
6070516
6071284
6072048
6072812
6073576
6074344
6075108
6075872
6076636
6077404
6078168
6078932
6079696
6080464
6081228
6081992
6082756
6083524
6084288
6085052
6085816
6086584
6087348
6088112
6088876
6089644
6090408
6091172
6091936
6092704
6093468
6094232
6094996
6095764
6096528
6097292
6098056
6098824
6099588
6100352
6101116
6101884
6102648
6103412
6104176
6104944
6105708
6106472
6107236
6108004
6108768
6109532
6110296
6111064
6111828
6112592
6113356
6114124
6114888
6115652
6116416
6117184
6117948
6118712
6119476
6120244
6121008
6121772
6122536
6123304
6124068
6124832
6125596
6126364
6127128
6127892
6128660
6129424
6130188
6130952
6131724
6132484
6133248
6134012
6134776
6135544
6136308
6137072
6137836
6138604
6139368
6140132
6140896
6141664
6142428
6143192
6143956
6144724
6145488
6146252
6147016
6147784
6148548
6149312
6150076
6150844
6151608
6152372
6153136
6153904
6154668
6155432
6156196
6156964
6157728
6158492
6159256
6160024
6160788
6161552
6162316
6163084
6163848
6164612
6165376
6166144
6166908
6167672
6168436
6169204
6169968
6170732
6171496
6172264
6173028
6173792
6174556
6175324
6176088
6176852
6177616
6178384
6179148
6179912
6180676
6181444
6182208
6182972
6183736
6184504
6185268
6186032
6186796
6187564
6188328
6189092
6189856
6190624
6191388
6192152
6192916
6193684
6194448
6195220
6195976
6196744
6197508
6198280
6199036
6199804
6200568
6201332
6202096
6202864
6203628
6204392
6205156
6205924
6206688
6207452
6208216
6208984
6209748
6210512
6211276
6212044
6212808
6213572
6214336
6215104
6215868
6216632
6217396
6218164
6218928
6219692
6220456
6221224
6221988
6222752
6223516
6224284
6225048
6225812
6226576
6227344
6228108
6228872
6229636
6230404
6231168
6231932
6232696
6233464
6234228
6234992
6235756
6236524
6237288
6238052
6238816
6239584
6240348
6241112
6241876
6242644
6243408
6244172
6244936
6245704
6246468
6247232
6247996
6248764
6249528
6250292
6251056
6251824
6252588
6253352
6254116
6254884
6255648
6256412
6257176
6257944
6258708
6259472
6260236
6261004
6261772
6262532
6263296
6264064
6264828
6265592
6266356
6267124
6267888
6268652
6269416
6270184
6270948
6271712
6272476
6273244
6274008
6274772
6275536
6276304
6277068
6277832
6278596
6279364
6280128
6280892
6281656
6282424
6283188
6283952
6284716
6285484
6286248
6287012
6287776
6288544
6289308
6290072
6290836
6291604
6292368
6293132
6293896
6294664
6295428
6296192
6296956
6297724
6298488
6299252
6300016
6300784
6301548
6302312
6303076
6303844
6304608
6305372
6306136
6306904
6307668
6308432
6309196
6309964
6310728
6311492
6312256
6313024
6313788
6314552
6315316
6316084
6316848
6317612
6318376
6319144
6319908
6320672
6321436
6322204
6322968
6323732
6324496
6325268
6326028
6326792
6327556
6328328
6329088
6329852
6330616
6331384
6332148
6332912
6333676
6334444
6335208
6335972
6336736
6337504
6338268
6339032
6339796
6340564
6341328
6342092
6342856
6343624
6344388
6345152
6345916
6346684
6347448
6348212
6348976
6349744
6350508
6351272
6352036
6352804
6353568
6354332
6355096
6355864
6356628
6357392
6358156
6358924
6359688
6360452
6361216
6361984
6362748
6363512
6364276
6365044
6365808
6366572
6367336
6368104
6368868
6369632
6370396
6371164
6371928
6372692
6373456
6374224
6374988
6375752
6376516
6377284
6378048
6378812
6379576
6380344
6381108
6381872
6382636
6383404
6384168
6384932
6385696
6386464
6387228
6387992
6388756
6389524
6390288
6391052
6391824
6392584
6393348
6394112
6394876
6395644
6396408
6397172
6397936
6398704
6399468
6400232
6400996
6401764
6402528
6403292
6404056
6404824
6405588
6406352
6407116
6407884
6408648
6409412
6410176
6410944
6411708
6412472
6413236
6414004
6414768
6415532
6416296
6417064
6417828
6418592
6419356
6420124
6420888
6421652
6422416
6423184
6423948
6424712
6425476
6426244
6427008
6427772
6428536
6429304
6430068
6430832
6431596
6432364
6433128
6433892
6434656
6435424
6436188
6436952
6437716
6438484
6439248
6440012
6440776
6441544
6442308
6443072
6443836
6444604
6445368
6446132
6446896
6447664
6448428
6449192
6449956
6450724
6451488
6452252
6453016
6453784
6454548
6455316
6456076
6456844
6457608
6458380
6459136
6459904
6460668
6461432
6462196
6462964
6463728
6464492
6465256
6466024
6466788
6467552
6468316
6469084
6469848
6470612
6471376
6472144
6472908
6473672
6474436
6475204
6475968
6476732
6477496
6478264
6479028
6479792
6480556
6481324
6482088
6482852
6483616
6484384
6485148
6485912
6486676
6487444
6488208
6488972
6489736
6490504
6491268
6492032
6492796
6493564
6494328
6495092
6495856
6496624
6497388
6498152
6498916
6499684
6500448
6501212
6501976
6502744
6503508
6504272
6505036
6505804
6506568
6507332
6508096
6508864
6509628
6510392
6511156
6511924
6512688
6513452
6514216
6514984
6515748
6516512
6517276
6518044
6518808
6519572
6520336
6521104
6521872
6522632
6523396
6524164
6524932
6525692
6526456
6527224
6527988
6528752
6529516
6530284
6531048
6531812
6532576
6533344
6534108
6534872
6535636
6536404
6537168
6537932
6538696
6539464
6540228
6540992
6541756
6542524
6543288
6544052
6544816
6545584
6546348
6547112
6547876
6548644
6549408
6550172
6550936
6551704
6552468
6553232
6553996
6554764
6555528
6556292
6557056
6557824
6558588
6559352
6560116
6560884
6561648
6562412
6563176
6563944
6564708
6565472
6566236
6567004
6567768
6568532
6569296
6570064
6570828
6571592
6572356
6573124
6573888
6574652
6575416
6576184
6576948
6577712
6578476
6579244
6580008
6580772
6581536
6582304
6583068
6583832
6584596
6585364
6586128
6586892
6587656
6588428
6589188
6589952
6590716
6591484
6592248
6593012
6593776
6594544
6595308
6596072
6596836
6597604
6598368
6599132
6599896
6600664
6601428
6602192
6602956
6603724
6604488
6605252
6606016
6606784
6607548
6608312
6609076
6609844
6610608
6611372
6612136
6612904
6613668
6614432
6615196
6615964
6616728
6617492
6618256
6619024
6619788
6620552
6621316
6622084
6622848
6623612
6624376
6625144
6625908
6626672
6627436
6628204
6628968
6629732
6630496
6631264
6632028
6632792
6633556
6634324
6635088
6635852
6636616
6637384
6638148
6638912
6639676
6640444
6641208
6641972
6642736
6643504
6644268
6645032
6645796
6646564
6647328
6648092
6648856
6649624
6650388
6651152
6651924
6652684
6653448
6654212
6654984
6655744
6656508
6657272
6658036
6658804
6659568
6660332
6661096
6661864
6662628
6663392
6664156
6664924
6665688
6666452
6667216
6667984
6668748
6669512
6670276
6671044
6671808
6672572
6673336
6674104
6674868
6675632
6676396
6677164
6677928
6678692
6679456
6680224
6680988
6681752
6682516
6683284
6684048
6684812
6685576
6686344
6687108
6687872
6688636
6689404
6690168
6690932
6691696
6692464
6693228
6693992
6694756
6695524
6696288
6697052
6697816
6698584
6699348
6700112
6700876
6701644
6702408
6703172
6703936
6704704
6705468
6706232
6706996
6707764
6708528
6709292
6710056
6710824
6711588
6712352
6713116
6713884
6714648
6715412
6716176
6716944
6717708
6718480
6719236
6720004
6720768
6721532
6722296
6723064
6723828
6724592
6725356
6726124
6726888
6727652
6728416
6729184
6729948
6730712
6731476
6732244
6733008
6733772
6734536
6735304
6736068
6736832
6737596
6738364
6739128
6739892
6740656
6741424
6742188
6742952
6743716
6744484
6745248
6746012
6746776
6747544
6748308
6749072
6749836
6750604
6751368
6752132
6752896
6753664
6754428
6755192
6755956
6756724
6757488
6758252
6759016
6759784
6760548
6761312
6762076
6762844
6763608
6764372
6765136
6765904
6766668
6767432
6768196
6768964
6769728
6770492
6771256
6772024
6772788
6773552
6774316
6775084
6775848
6776612
6777376
6778144
6778908
6779672
6780436
6781204
6781972
6782732
6783496
6784264
6785032
6785792
6786556
6787324
6788088
6788852
6789616
6790384
6791148
6791912
6792676
6793444
6794208
6794972
6795736
6796504
6797268
6798032
6798796
6799564
6800328
6801092
6801856
6802624
6803388
6804152
6804916
6805684
6806448
6807212
6807976
6808744
6809508
6810272
6811036
6811804
6812568
6813332
6814096
6814864
6815628
6816392
6817156
6817924
6818688
6819452
6820216
6820984
6821748
6822512
6823276
6824044
6824808
6825572
6826336
6827104
6827868
6828632
6829396
6830164
6830928
6831692
6832456
6833224
6833988
6834752
6835516
6836284
6837048
6837812
6838576
6839344
6840108
6840872
6841636
6842404
6843168
6843932
6844696
6845464
6846228
6846992
6847756
6848528
6849288
6850052
6850816
6851584
6852348
6853112
6853876
6854644
6855408
6856172
6856936
6857704
6858468
6859232
6859996
6860764
6861528
6862292
6863056
6863824
6864588
6865352
6866116
6866884
6867648
6868412
6869176
6869944
6870708
6871472
6872236
6873004
6873768
6874532
6875296
6876064
6876828
6877592
6878356
6879124
6879888
6880652
6881416
6882184
6882948
6883712
6884476
6885244
6886008
6886772
6887536
6888304
6889068
6889832
6890596
6891364
6892128
6892892
6893656
6894424
6895188
6895952
6896716
6897484
6898248
6899012
6899776
6900544
6901308
6902072
6902836
6903604
6904368
6905132
6905896
6906664
6907428
6908192
6908956
6909724
6910488
6911252
6912020
6912784
6913548
6914312
6915084
6915844
6916608
6917372
6918136
6918904
6919668
6920432
6921196
6921964
6922728
6923492
6924256
6925024
6925788
6926552
6927316
6928084
6928848
6929612
6930376
6931144
6931908
6932672
6933436
6934204
6934968
6935732
6936496
6937264
6938028
6938792
6939556
6940324
6941088
6941852
6942616
6943384
6944148
6944912
6945676
6946444
6947208
6947972
6948736
6949504
6950268
6951032
6951796
6952564
6953328
6954092
6954856
6955624
6956388
6957152
6957916
6958684
6959448
6960212
6960976
6961744
6962508
6963272
6964036
6964804
6965568
6966332
6967096
6967864
6968628
6969392
6970156
6970924
6971688
6972452
6973216
6973984
6974748
6975512
6976276
6977044
6977808
6978580
6979336
6980104
6980868
6981640
6982396
6983164
6983928
6984692
6985456
6986224
6986988
6987752
6988516
6989284
6990048
6990812
6991576
6992344
6993108
6993872
6994636
6995404
6996168
6996932
6997696
6998464
6999228
6999992
7000756
7001524
7002288
7003052
7003816
7004584
7005348
7006112
7006876
7007644
7008408
7009172
7009936
7010704
7011468
7012232
7012996
7013764
7014528
7015292
7016056
7016824
7017588
7018352
7019116
7019884
7020648
7021412
7022176
7022944
7023708
7024472
7025236
7026004
7026768
7027532
7028296
7029064
7029828
7030592
7031356
7032124
7032888
7033652
7034416
7035184
7035948
7036712
7037476
7038244
7039008
7039772
7040536
7041304
7042068
7042832
7043596
7044364
7045132
7045892
7046656
7047424
7048188
7048952
7049716
7050484
7051248
7052012
7052776
7053544
7054308
7055072
7055836
7056604
7057368
7058132
7058896
7059664
7060428
7061192
7061956
7062724
7063488
7064252
7065016
7065784
7066548
7067312
7068076
7068844
7069608
7070372
7071136
7071904
7072668
7073432
7074196
7074964
7075728
7076492
7077256
7078024
7078788
7079552
7080316
7081084
7081848
7082612
7083376
7084144
7084908
7085672
7086436
7087204
7087968
7088732
7089496
7090264
7091028
7091792
7092556
7093324
7094088
7094852
7095616
7096384
7097148
7097912
7098676
7099444
7100208
7100972
7101736
7102504
7103268
7104032
7104796
7105564
7106328
7107092
7107856
7108628
7109388
7110152
7110916
7111688
7112448
7113212
7113976
7114744
7115508
7116272
7117036
7117804
7118568
7119332
7120096
7120864
7121628
7122392
7123156
7123924
7124688
7125452
7126216
7126984
7127748
7128512
7129276
7130044
7130808
7131572
7132336
7133104
7133868
7134632
7135396
7136164
7136928
7137692
7138456
7139224
7139988
7140752
7141516
7142284
7143048
7143812
7144576
7145344
7146108
7146872
7147636
7148404
7149168
7149932
7150696
7151464
7152228
7152992
7153756
7154524
7155288
7156052
7156816
7157584
7158348
7159112
7159876
7160644
7161408
7162172
7162936
7163704
7164468
7165232
7165996
7166764
7167528
7168292
7169056
7169824
7170588
7171352
7172116
7172884
7173648
7174412
7175184
7175944
7176708
7177472
7178236
7179004
7179768
7180532
7181296
7182064
7182828
7183592
7184356
7185124
7185888
7186652
7187416
7188184
7188948
7189712
7190476
7191244
7192008
7192772
7193536
7194304
7195068
7195832
7196596
7197364
7198128
7198892
7199656
7200424
72