=~=~=~=~=~=~=~=~=~=~=~= PuTTY log 2022.11.30 08:48:48 =~=~=~=~=~=~=~=~=~=~=~=
90811258
90811313
90811470
90811638
90811752
90811882
90811968
90812058
90812147
90812245
90812329
90812409
90812496
90812619
90812705
90812789
90812877
90812964
90813047
90813132
90813215
90813298
90813373
90813458
90813622
90813705
90813781
90813870
90813949
90814109
90814183
90814267
90814360
90814444
90814584
90814667
90814751
90814836
90814913
90815006
90815079
90815173
90815258
90815341
90815425
90815584
90815660
90815747
90815833
90815917
90815998
90816085
90816164
90816252
90816340
90816424
90816584
90816666
90816750
90816834
90816918
90817004
90817086
90817170
90817256
90817339
90817500
90817622
90817707
90817793
90817877
90817961
90818045
90818130
90818214
90818301
90818386
90818469
90818617
90818702
90818789
90818874
90818957
90819044
90819129
90819211
90819295
90819381
90819466
90819584
90819669
90819755
90819840
90819925
90820010
90820111
90820195
90820280
90820364
90820447
90820584
90820670
90820754
90820838
90820921
90821025
90821113
90821199
90821284
90821366
90821451
90821584
90821665
90821751
90821834
90821918
90822004
90822086
90822171
90822255
90822342
90822427
90822599
90822684
90822767
90822851
90822935
90823020
90823104
90823187
90823272
90823356
90823440
90823584
90823666
90823750
90823836
90823919
90824006
90824089
90824174
90824257
90824339
90824425
90824583
90824666
90824749
90824833
90824917
90825004
90825086
90825171
90825254
90825338
90825422
90825583
90825665
90825749
90825834
90825917
90826003
90826086
90826199
90826276
90826368
90826450
90826583
90826665
90826749
90826833
90826918
90827003
90827086
90827171
90827254
90827338
90827422
90827583
90827665
90827749
90827833
90827917
90828005
90828088
90828170
90828254
90828338
90828422
90828583
90828665
90828749
90828833
90828917
90829003
90829085
90829169
90829254
90829338
90829422
90829583
90829666
90829749
90829833
90829918
90830004
90830085
90830170
90830326
90830413
90830496
90830615
90830699
90830783
90830868
90830952
90831036
90831121
90831204
90831290
90831372
90831456
90831615
90831698
90831791
90831873
90831957
90832041
90832125
90832209
90832290
90832374
90832457
90832614
90832699
90832783
90832867
90832960
90833042
90833126
90833210
90833295
90833379
90833462
90833589
90833670
90833754
90833839
90833923
90834008
90834091
90834175
90834259
90834344
90834428
90834583
90834665
90834749
90834834
90834918
90835003
90835086
90835170
90835254
90835340
90835497
90835616
90835700
90835784
90835868
90835952
90836036
90836121
90836205
90836292
90836377
90836462
90836583
90836666
90836752
90836836
90836920
90837006
90837087
90837172
90837256
90837341
90837424
90837583
90837665
90837749
90837833
90837917
90838003
90838087
90838170
90838254
90838354
90838438
90838583
90838665
90838750
90838834
90838918
90839004
90839086
90839170
90839255
90839410
90839496
90839616
90839700
90839783
90839868
90839952
90840037
90840120
90840204
90840288
90840373
90840456
90840615
90840699
90840783
90840869
90840951
90841036
90841120
90841204
90841288
90841373
90841456
90841615
90841707
90841789
90841873
90841957
90842041
90842125
90842211
90842294
90842378
90842462
90842584
90842665
90842749
90842833
90842918
90843003
90843086
90843170
90843254
90843338
90843422
90843584
90843665
90843749
90843833
90843918
90844004
90844086
90844170
90844254
90844365
90844446
90844583
90844666
90844749
90844833
90844919
90845003
90845086
90845170
90845255
90845339
90845422
90845584
90845665
90845749
90845834
90845918
90846004
90846086
90846171
90846255
90846338
90846423
90846584
90846665
90846749
90846834
90846917
90847004
90847086
90847170
90847292
90847374
90847458
90847584
90847666
90847750
90847834
90847918
90848004
90848086
90848170
90848254
90848338
90848422
90848584
90848665
90848749
90848833
90848918
90849004
90849086
90849170
90849254
90849338
90849422
90849589
90849674
90849758
90849842
90849926
90850010
90850094
90850178
90850263
90850348
90850432
90850584
90850665
90850749
90850833
90850918
90851004
90851086
90851170
90851255
90851339
90851423
90851583
90851665
90851750
90851834
90851917
90852004
90852086
90852170
90852254
90852338
90852422
90852583
90852665
90852750
90852834
90852918
90853004
90853087
90853170
90853291
90853376
90853460
90853626
90853708
90853792
90853876
90853961
90854044
90854129
90854213
90854297
90854381
90854466
90854583
90854665
90854749
90854834
90854918
90855003
90855086
90855170
90855254
90855339
90855423
90855583
90855665
90855749
90855834
90855917
90856003
90856086
90856170
90856254
90856338
90856422
90856584
90856665
90856749
90856833
90856917
90857003
90857086
90857171
90857254
90857338
90857422
90857584
90857665
90857749
90857833
90857918
90858004
90858086
90858170
90858254
90858338
90858423
90858583
90858665
90858750
90858834
90858918
90859004
90859086
90859170
90859254
90859338
90859422
90859584
90859665
90859749
90859834
90859919
90860003
90860086
90860170
90860254
90860338
90860423
90860584
90860665
90860749
90860834
90860918
90861004
90861086
90861170
90861255
90861338
90861423
90861584
90861665
90861749
90861834
90861918
90862004
90862086
90862170
90862254
90862339
90862423
90862583
90862666
90862749
90862833
90862917
90863004
90863086
90863170
90863254
90863339
90863423
90863584
90863665
90863749
90863833
90863917
90864004
90864086
90864170
90864254
90864338
90864422
90864583
90864666
90864750
90864835
90864918
90865004
90865086
90865170
90865291
90865385
90865467
90865620
90865704
90865788
90865881
90865963
90866047
90866131
90866215
90866299
90866384
90866468
90866614
90866707
90866789
90866873
90866957
90867041
90867125
90867209
90867293
90867378
90867462
90867583
90867666
90867750
90867839
90867923
90868007
90868092
90868175
90868260
90868344
90868428
90868583
90868665
90868749
90868833
90868917
90869003
90869086
90869170
90869254
90869338
90869423
90869583
90869665
90869750
90869833
90869918
90870004
90870085
90870170
90870254
90870338
90870583
90870665
90870749
90870833
90870918
90871003
90871085
90871169
90871254
90871338
90871422
90871583
90871665
90871749
90871833
90871917
90872004
90872085
90872170
90872255
90872338
90872422
90872583
90872665
90872749
90872833
90872917
90873003
90873085
90873170
90873254
90873338
90873422
90873583
90873666
90873749
90873833
90873917
90874003
90874085
90874170
90874254
90874338
90874422
90874583
90874673
90874755
90874839
90874923
90875008
90875091
90875175
90875260
90875344
90875428
90875583
90875664
90875749
90875833
90875917
90876003
90876085
90876169
90876254
90876339
90876422
90876583
90876665
90876749
90876833
90876917
90877003
90877085
90877170
90877254
90877338
90877422
90877583
90877665
90877750
90877832
90877917
90878003
90878085
90878169
90878254
90878338
90878422
90878583
90878664
90878749
90878833
90878917
90879003
90879087
90879169
90879254
90879338
90879422
90879583
90879664
90879749
90879833
90879917
90880003
90880085
90880169
90880253
90880338
90880423
90880583
90880664
90880756
90880849
90880930
90881014
90881099
90881183
90881267
90881351
90881435
90881588
90881670
90881754
90881839
90881922
90882007
90882091
90882175
90882259
90882343
90882427
90882583
90882665
90882749
90882833
90882917
90883003
90883085
90883171
90883254
90883347
90883583
90883687
90883775
90883857
90883941
90884025
90884109
90884193
90884278
90884362
90884446
90884583
90884666
90884749
90884833
90884917
90885003
90885085
90885170
90885254
90885338
90885422
90885583
90885665
90885749
90885833
90885917
90886004
90886085
90886170
90886254
90886338
90886422
90886583
90886665
90886749
90886834
90886917
90887003
90887086
90887170
90887254
90887340
90887422
90887583
90887665
90887750
90887833
90887918
90888004
90888086
90888170
90888254
90888338
90888422
90888583
90888665
90888750
90888833
90888918
90889004
90889086
90889170
90889254
90889338
90889423
90889584
90889712
90889793
90889878
90889961
90890046
90890131
90890214
90890298
90890382
90890467
90890584
90890665
90890749
90890833
90890917
90891004
90891087
90891170
90891255
90891338
90891423
90891584
90891665
90891749
90891834
90891918
90892004
90892086
90892170
90892254
90892338
90892423
90892584
90892665
90892749
90892855
90892936
90893021
90893105
90893189
90893273
90893357
90893441
90893584
90893665
90893749
90893833
90893917
90894004
90894086
90894171
90894254
90894338
90894422
90894583
90894665
90894750
90894833
90894918
90895004
90895086
90895171
90895254
90895395
90895477
90895617
90895699
90895783
90895876
90895957
90896041
90896126
90896210
90896294
90896378
90896462
90896583
90896665
90896750
90896833
90896918
90897004
90897086
90897170
90897254
90897338
90897423
90897589
90897673
90897757
90897842
90897926
90898010
90898094
90898178
90898263
90898346
90898431
90898583
90898665
90898750
90898834
90898918
90899004
90899086
90899170
90899254
90899340
90899429
90899584
90899666
90899749
90899833
90899921
90900005
90900087
90900171
90900255
90900339
90900423
90900584
90900666
90900750
90900834
90900918
90901005
90901087
90901170
90901255
90901339
90901423
90901584
90901661
90901745
90901838
90901919
90902006
90902088
90902172
90902256
90902341
90902425
90902584
90902666
90902751
90902834
90902918
90903004
90903086
90903170
90903255
90903339
90903423
90903584
90903665
90903750
90903833
90903918
90904004
90904086
90904170
90904254
90904339
90904423
90904584
90904665
90904750
90904834
90904918
90905017
90905111
90905193
90905277
90905361
90905445
90905584
90905665
90905750
90905834
90905919
90906004
90906087
90906171
90906255
90906339
90906424
90906584
90906665
90906749
90906834
90906918
90907004
90907086
90907170
90907254
90907339
90907423
90907584
90907665
90907750
90907835
90907919
90908004
90908087
90908171
90908301
90908394
90908476
90908615
90908699
90908792
90908874
90908959
90909042
90909126
90909212
90909294
90909379
90909462
90909584
90909666
90909750
90909834
90909918
90910004
90910086
90910170
90910254
90910339
90910423
90910584
90910665
90910749
90910834
90910918
90911016
90911098
90911182
91811360
91811421
91811546
91811732
91811850
91811949
91812049
91812134
91812208
91812307
91812402
91812485
91812572
91812717
91812801
91812888
91812972
91813056
91813141
91813224
91813309
91813384
91813476
91813559
91813679
91813761
91813843
91813927
91814014
91814098
91814174
91814262
91814341
91814435
91814525
91814679
91814758
91814843
91814925
91815009
91815094
91815178
91815261
91815354
91815439
91815525
91815679
91815755
91815839
91815929
91816008
91816101
91816188
91816269
91816360
91816448
91816536
91816679
91816767
91816855
91816935
91817027
91817115
91817195
91817287
91817371
91817457
91817543
91817679
91817765
91817849
91817934
91818020
91818105
91818189
91818275
91818358
91818443
91818527
91818679
91818762
91818847
91818931
91819014
91819098
91819182
91819267
91819350
91819434
91819518
91819679
91819761
91819845
91819929
91820013
91820098
91820182
91820267
91820349
91820433
91820517
91820679
91820760
91820844
91820928
91821013
91821097
91821181
91821265
91821349
91821433
91821517
91821679
91821760
91821844
91821928
91822012
91822097
91822181
91822265
91822349
91822433
91822517
91822678
91822760
91822844
91822928
91823013
91823096
91823181
91823265
91823349
91823433
91823517
91823678
91823760
91823844
91823928
91824012
91824096
91824181
91824265
91824350
91824433
91824517
91824678
91824760
91824844
91824928
91825012
91825096
91825181
91825265
91825349
91825433
91825517
91825684
91825769
91825852
91825936
91826020
91826105
91826189
91826273
91826357
91826441
91826525
91826678
91826760
91826844
91826928
91827012
91827097
91827180
91827264
91827349
91827433
91827517
91827678
91827759
91827844
91827928
91828012
91828096
91828180
91828265
91828349
91828434
91828517
91828678
91828759
91828844
91828928
91829012
91829096
91829180
91829264
91829348
91829432
91829517
91829678
91829759
91829844
91829928
91830012
91830096
91830180
91830264
91830349
91830432
91830516
91830677
91830759
91830843
91830928
91831012
91831096
91831181
91831264
91831348
91831432
91831516
91831677
91831759
91831843
91831927
91832012
91832096
91832180
91832269
91832402
91832485
91832579
91832709
91832792
91832885
91832967
91833051
91833135
91833219
91833303
91833388
91833472
91833556
91833677
91833759
91833843
91833928
91834012
91834096
91834180
91834264
91834348
91834432
91834516
91834677
91834759
91834843
91834927
91835012
91835096
91835180
91835265
91835348
91835432
91835516
91835677
91835759
91835843
91835928
91836012
91836096
91836180
91836264
91836348
91836432
91836516
91836678
91836759
91836843
91836927
91837011
91837095
91837180
91837264
91837348
91837432
91837516
91837677
91837759
91837843
91837927
91838012
91838096
91838180
91838264
91838348
91838432
91838516
91838677
91838759
91838843
91838927
91839011
91839096
91839180
91839264
91839349
91839432
91839517
91839677
91839759
91839843
91839927
91840011
91840096
91840180
91840264
91840348
91840432
91840517
91840677
91840760
91840844
91840927
91841012
91841096
91841180
91841264
91841348
91841432
91841516
91841683
91841767
91841852
91841936
91842020
91842105
91842188
91842273
91842356
91842441
91842525
91842677
91842759
91842843
91842927
91843011
91843096
91843180
91843264
91843348
91843433
91843516
91843677
91843759
91843843
91843927
91844012
91844096
91844180
91844264
91844348
91844436
91844518
91844677
91844759
91844845
91844927
91845011
91845096
91845180
91845264
91845348
91845433
91845516
91845677
91845759
91845843
91845927
91846012
91846096
91846181
91846265
91846348
91846432
91846511
91846591
91846699
91846793
91846877
91846961
91847045
91847129
91847214
91847298
91847382
91847467
91847550
91847677
91847759
91847847
91847940
91848022
91848105
91848190
91848274
91848358
91848442
91848526
91848677
91848759
91848844
91848997
91849079
91849172
91849253
91849338
91849422
91849506
91849590
91849708
91849801
91849882
91849966
91850051
91850135
91850220
91850303
91850387
91850471
91850560
91850677
91850758
91850842
91850927
91851011
91851095
91851179
91851264
91851347
91851431
91851517
91851677
91851758
91851842
91851926
91852011
91852095
91852179
91852263
91852347
91852432
91852516
91852677
91852758
91852842
91852927
91853010
91853094
91853179
91853263
91853347
91853431
91853515
91853676
91853758
91853842
91853926
91854010
91854094
91854179
91854264
91854347
91854432
91854515
91854676
91854758
91854842
91854926
91855010
91855094
91855178
91855263
91855347
91855431
91855515
91855676
91855757
91855841
91855926
91856010
91856094
91856178
91856262
91856346
91856430
91856515
91856595
91856707
91856791
91856884
91856967
91857050
91857134
91857218
91857302
91857386
91857470
91857555
91857681
91857763
91857847
91857931
91858015
91858100
91858184
91858269
91858352
91858436
91858520
91858675
91858742
91858827
91858921
91859007
91859089
91859173
91859258
91859342
91859426
91859510
91859595
91859706
91859799
91859881
91859965
91860049
91860133
91860217
91860301
91860385
91860470
91860554
91860675
91860757
91860841
91860926
91861009
91861094
91861177
91861262
91861346
91861430
91861514
91861675
91861753
91861846
91861927
91862011
91862095
91862180
91862265
91862348
91862432
91862516
91862675
91862757
91862841
91862925
91863009
91863094
91863178
91863262
91863346
91863430
91863514
91863590
91863696
91863786
91863879
91863960
91864045
91864136
91864218
91864298
91864377
91864466
91864544
91864675
91864757
91864842
91864926
91865002
91865085
91865168
91865264
91865336
91865424
91865515
91865675
91865834
91865902
91865990
91866079
91866159
91866252
91866334
91866417
91866502
91866586
91866706
91866799
91866880
91866965
91867049
91867133
91867217
91867301
91867385
91867469
91867554
91867675
91867757
91867841
91867925
91868009
91868093
91868177
91868262
91868346
91868430
91868514
91868675
91868757
91868841
91868925
91869010
91869093
91869177
91869261
91869346
91869430
91869514
91869675
91869756
91869841
91869925
91870009
91870095
91870177
91870258
91870336
91870430
91870514
91870596
91870702
91870786
91870875
91870954
91871043
91871120
91871202
91871291
91871375
91871456
91871548
91871675
91871756
91871840
91871925
91872009
91872089
91872173
91872259
91872336
91872425
91872515
91872588
91872701
91872792
91872880
91872964
91873050
91873135
91873218
91873302
91873386
91873471
91873550
91873680
91873761
91873836
91873921
91874006
91874094
91874173
91874258
91874342
91874422
91874507
91874595
91874701
91874785
91874865
91874958
91875045
91875122
91875202
91875294
91875379
91875458
91875543
91875674
91875742
91875826
91875915
91876006
91876089
91876169
91876253
91876335
91876419
91876510
91876590
91876701
91876788
91876879
91876956
91877041
91877130
91877213
91877294
91877380
91877463
91877550
91877674
91877742
91877826
91877917
91878001
91878083
91878169
91878246
91878334
91878419
91878504
91878593
91878701
91878792
91878948
91879035
91879109
91879192
91879276
91879366
91879450
91879535
91879674
91879761
91879839
91879922
91880008
91880093
91880176
91880259
91880351
91880433
91880517
91880674
91880756
91880847
91880932
91881015
91881108
91881190
91881274
91881358
91881442
91881526
91881674
91881755
91881839
91881923
91882008
91882092
91882176
91882261
91882344
91882428
91882513
91882674
91882755
91882835
91882926
91883008
91883092
91883177
91883261
91883345
91883429
91883513
91883674
91883755
91883840
91883923
91884008
91884092
91884176
91884260
91884344
91884428
91884512
91884673
91884755
91884839
91884923
91885009
91885092
91885176
91885260
91885344
91885428
91885512
91885673
91885755
91885839
91885923
91886008
91886092
91886176
91886260
91886345
91886428
91886512
91886673
91886755
91886856
91886937
91887022
91887105
91887190
91887274
91887358
91887442
91887526
91887673
91887756
91887839
91887923
91888007
91888091
91888181
91888262
91888346
91888430
91888515
91888673
91888745
91888829
91888920
91889005
91889097
91889179
91889263
91889347
91889431
91889515
91889678
91889760
91889844
91889928
91890013
91890097
91890181
91890265
91890349
91890434
91890517
91890673
91890754
91890838
91890923
91891007
91891091
91891175
91891259
91891344
91891428
91891512
91891673
91891754
91891840
91891922
91892008
91892091
91892175
91892259
91892343
91892428
91892512
91892673
91892754
91892838
91892924
91893007
91893102
91893184
91893268
91893352
91893436
91893520
91893673
91893754
91893838
91893923
91894008
91894091
91894175
91894259
91894344
91894428
91894513
91894673
91894754
91894839
91894922
91895008
91895091
91895175
91895259
91895343
91895428
91895512
91895673
91895754
91895839
91895924
91896007
91896091
91896175
91896259
91896343
91896428
91896512
91896673
91896754
91896838
91896923
91897007
91897091
91897175
91897261
91897344
91897428
91897512
91897673
91897754
91897838
91897922
91898008
91898091
91898175
91898259
91898344
91898427
91898512
91898673
91898754
91898838
91898923
91899024
91899116
91899198
91899282
91899366
91899450
91899534
91899673
91899754
91899838
91899922
91900008
91900091
91900175
91900259
91900343
91900428
91900512
91900673
91900754
91900838
91900922
91901008
91901091
91901175
91901259
91901344
91901427
91901512
91901673
91901754
91901838
91901923
91902007
91902091
91902175
91902259
91902343
91902427
91902512
91902672
91902755
91902838
91902922
91903008
91903091
91903175
91903259
91903343
91903427
91903511
91903672
91903754
91903838
91903922
91904008
91904091
91904175
91904259
91904343
91904427
91904511
91904672
91904754
91904838
91904922
91905008
91905090
91905175
91905259
91905343
91905428
91905512
91905678
91905763
91905847
91905931
91906016
91906100
91906184
91906268
91906352
91906436
91906521
91906673
91906754
91906839
91906922
91907008
91907090
91907175
91907259
91907343
91907427
91907511
91907672
91907754
91907838
91907922
91908008
91908090
91908176
91908259
91908343
91908427
91908511
91908672
91908754
91908838
91908922
91909008
91909096
91909184
91909266
91909345
91909438
91909520
91909672
91909739
91909824
91909918
91910004
91910086
91910170
91910257
91910339
91910423
91910507
91910591
91910703
91910788
91910872
91910956
91911048
91911133
91911226
91911307
92811490
92811547
92811712
92811855
92811972
92812089
92812182
92812257
92812365
92812450
92812534
92812618
92812703
92812844
92812948
92813032
92813115
92813200
92813285
92813359
92813443
92813527
92813613
92813697
92813831
92813914
92813997
92814081
92814166
92814292
92814376
92814459
92814545
92814636
92814719
92814830
92814913
92814999
92815085
92815175
92815250
92815335
92815419
92815502
92815587
92815671
92815802
92815875
92815967
92816051
92816144
92816226
92816311
92816393
92816472
92816569
92816644
92816802
92816879
92816974
92817062
92817139
92817219
92817313
92817396
92817480
92817564
92817640
92817808
92817895
92817967
92818051
92818144
92818229
92818308
92818397
92818481
92818565
92818657
92818803
92818891
92818979
92819067
92819155
92819244
92819332
92819416
92819501
92819586
92819671
92819803
92819888
92819974
92820059
92820144
92820229
92820312
92820396
92820481
92820566
92820649
92820803
92820886
92820970
92821054
92821139
92821223
92821308
92821390
92821474
92821559
92821643
92821803
92821885
92821970
92822054
92822138
92822222
92822307
92822390
92822474
92822558
92822643
92822803
92822891
92822976
92823064
92823145
92823230
92823315
92823398
92823482
92823556
92823640
92823803
92823885
92823969
92824062
92824139
92824223
92824316
92824397
92824482
92824566
92824651
92824803
92824969
92825052
92825136
92825228
92825311
92825394
92825478
92825562
92825647
92825804
92825885
92825969
92826053
92826139
92826222
92826306
92826392
92826485
92826566
92826651
92826804
92826885
92826969
92827054
92827138
92827222
92827306
92827390
92827475
92827558
92827643
92827804
92827885
92827969
92828054
92828138
92828222
92828306
92828390
92828474
92828559
92828643
92828804
92828887
92828970
92829054
92829138
92829222
92829306
92829390
92829475
92829559
92829643
92829804
92829886
92829970
92830054
92830138
92830223
92830306
92830391
92830475
92830559
92830643
92830804
92830886
92830970
92831054
92831138
92831222
92831307
92831391
92831475
92831560
92831643
92831804
92831886
92831970
92832054
92832138
92832223
92832307
92832391
92832476
92832559
92832643
92832805
92832886
92832971
92833054
92833138
92833223
92833307
92833391
92833475
92833559
92833644
92833810
92833895
92833979
92834063
92834147
92834231
92834317
92834400
92834484
92834568
92834647
92834805
92834888
92834973
92835057
92835141
92835225
92835309
92835394
92835478
92835562
92835647
92835805
92835887
92835971
92836055
92836139
92836223
92836308
92836392
92836476
92836560
92836644
92836805
92836887
92836971
92837056
92837140
92837224
92837308
92837392
92837476
92837560
92837645
92837806
92837887
92837971
92838056
92838140
92838224
92838308
92838393
92838493
92838575
92838661
92838806
92838887
92838971
92839056
92839140
92839224
92839308
92839392
92839476
92839560
92839645
92839806
92839887
92839971
92840056
92840140
92840224
92840308
92840392
92840477
92840561
92840645
92840806
92840887
92840971
92841056
92841141
92841224
92841308
92841392
92841476
92841561
92841645
92841806
92841888
92841971
92842056
92842140
92842224
92842308
92842392
92842477
92842561
92842645
92842806
92842888
92842972
92843056
92843140
92843224
92843308
92843393
92843477
92843561
92843645
92843806
92843888
92843972
92844056
92844140
92844224
92844308
92844393
92844477
92844561
92844645
92844806
92844888
92844972
92845056
92845140
92845226
92845309
92845393
92845477
92845561
92845645
92845806
92845888
92845972
92846056
92846141
92846224
92846309
92846393
92846477
92846562
92846645
92846806
92846888
92846972
92847056
92847140
92847224
92847309
92847393
92847477
92847561
92847645
92847807
92847888
92847973
92848056
92848141
92848225
92848309
92848393
92848477
92848561
92848646
92848807
92848888
92848972
92849056
92849141
92849225
92849310
92849393
92849477
92849562
92849646
92849812
92849897
92849980
92850065
92850149
92850233
92850317
92850401
92850485
92850569
92850650
92850807
92850888
92850973
92851057
92851141
92851225
92851309
92851393
92851477
92851562
92851646
92851807
92851888
92851973
92852058
92852141
92852225
92852309
92852393
92852478
92852562
92852646
92852807
92852889
92852973
92853057
92853141
92853225
92853309
92853395
92853478
92853562
92853646
92853807
92853889
92853973
92854057
92854141
92854225
92854312
92854395
92854478
92854562
92854646
92854721
92854832
92854921
92855014
92855095
92855179
92855264
92855348
92855432
92855517
92855601
92855684
92855807
92855905
92855987
92856072
92856155
92856239
92856323
92856407
92856492
92856576
92856683
92856808
92856978
92857060
92857143
92857228
92857312
92857396
92857481
92857564
92857648
92857808
92857889
92857973
92858058
92858142
92858226
92858310
92858390
92858483
92858564
92858648
92858808
92858891
92858974
92859058
92859142
92859226
92859310
92859394
92859479
92859563
92859647
92859808
92859890
92859974
92860058
92860142
92860227
92860310
92860395
92860479
92860563
92860647
92860808
92860890
92860974
92861058
92861142
92861226
92861310
92861395
92861478
92861564
92861647
92861808
92861891
92861974
92862058
92862142
92862226
92862310
92862395
92862479
92862563
92862647
92862808
92862890
92862975
92863058
92863142
92863226
92863310
92863395
92863479
92863563
92863647
92863808
92863890
92863974
92864058
92864142
92864226
92864312
92864395
92864479
92864563
92864647
92864808
92864890
92864974
92865058
92865142
92865226
92865310
92865395
92865479
92865563
92865648
92865814
92865900
92865983
92866068
92866152
92866236
92866320
92866404
92866488
92866573
92866657
92866809
92866876
92866970
92867055
92867138
92867222
92867306
92867391
92867475
92867559
92867643
92867727
92867840
92867933
92868014
92868098
92868183
92868266
92868352
92868435
92868519
92868603
92868687
92868809
92868890
92868974
92869059
92869143
92869227
92869311
92869395
92869480
92869564
92869649
92869809
92869890
92869975
92870063
92870140
92870233
92870314
92870399
92870483
92870567
92870651
92870809
92870890
92870975
92871066
92871147
92871222
92871306
92871390
92871484
92871568
92871653
92871809
92871890
92871983
92872073
92872155
92872239
92872325
92872411
92872492
92872577
92872661
92872809
92872891
92872975
92873059
92873143
92873291
92873375
92873469
92873551
92873636
92873720
92873843
92873925
92874010
92874094
92874179
92874263
92874346
92874431
92874514
92874598
92874682
92874872
92874954
92875038
92875122
92875207
92875290
92875376
92875459
92875543
92875627
92875711
92875841
92875925
92876017
92876099
92876183
92876267
92876351
92876436
92876521
92876604
92876688
92876809
92876891
92876975
92877059
92877144
92877228
92877312
92877396
92877480
92877564
92877648
92877809
92877892
92877975
92878059
92878143
92878228
92878312
92878396
92878480
92878564
92878648
92878810
92878891
92878975
92879060
92879144
92879229
92879312
92879396
92879480
92879564
92879648
92879810
92879891
92879975
92880059
92880144
92880228
92880312
92880396
92880480
92880565
92880649
92880810
92880891
92880975
92881059
92881144
92881228
92881312
92881396
92881480
92881565
92881649
92881815
92881901
92881986
92882069
92882153
92882238
92882322
92882406
92882490
92882574
92882659
92882810
92882877
92882967
92883060
92883141
92883225
92883310
92883393
92883478
92883562
92883646
92883730
92883841
92883934
92884016
92884100
92884184
92884269
92884353
92884437
92884521
92884606
92884689
92884810
92884892
92884976
92885060
92885144
92885229
92885312
92885396
92885481
92885565
92885649
92885810
92885892
92885982
92886079
92886160
92886245
92886329
92886413
92886497
92886581
92886655
92886810
92886887
92886990
92887072
92887156
92887240
92887326
92887408
92887492
92887577
92887656
92887810
92887892
92887976
92888060
92888144
92888229
92888313
92888460
92888544
92888637
92888719
92888842
92888935
92889016
92889101
92889185
92889269
92889353
92889437
92889521
92889606
92889690
92889811
92889892
92889976
92890061
92890146
92890229
92890313
92890397
92890482
92890565
92890650
92890811
92890892
92890976
92891061
92891145
92891229
92891313
92891398
92891481
92891566
92891650
92891811
92891892
92891976
92892061
92892145
92892229
92892313
92892398
92892481
92892566
92892650
92892811
92892892
92892977
92893061
92893145
92893229
92893313
92893397
92893482
92893566
92893650
92893811
92893892
92893977
92894061
92894146
92894229
92894313
92894398
92894482
92894566
92894650
92894811
92894893
92894977
92895061
92895145
92895229
92895313
92895397
92895483
92895566
92895650
92895811
92895893
92895977
92896061
92896145
92896229
92896313
92896397
92896482
92896566
92896650
92896811
92896894
92896977
92897061
92897145
92897229
92897313
92897398
92897482
92897566
92897650
92897728
92897838
92897922
92898016
92898101
92898186
92898269
92898353
92898438
92898521
92898606
92898690
92898811
92898893
92898977
92899061
92899141
92899234
92899315
92899400
92899485
92899568
92899652
92899812
92899893
92899977
92900061
92900145
92900230
92900314
92900398
92900482
92900566
92900651
92900812
92900894
92900977
92901061
92901146
92901230
92901314
92901398
92901482
92901567
92901651
92901812
92901893
92901986
92902068
92902152
92902237
92902320
92902405
92902489
92902573
92902657
92902812
92902894
92902978
92903062
92903146
92903231
92903316
92903399
92903490
92903575
92903657
92903812
92903894
92903978
92904062
92904146
92904230
92904315
92904398
92904483
92904567
92904651
92904812
92904894
92904979
92905062
92905176
92905253
92905337
92905430
92905511
92905595
92905679
92905812
92905894
92905979
92906062
92906146
92906231
92906315
92906399
92906483
92906567
92906651
92906812
92906894
92906978
92907062
92907147
92907230
92907315
92907399
92907483
92907567
92907652
92907813
92907894
92907978
92908062
92908146
92908231
92908315
92908399
92908483
92908567
92908651
92908812
92908894
92908978
92909063
92909146
92909230
92909314
92909399
92909483
92909567
92909651
92909812
92909894
92909978
92910062
92910146
92910231
92910315
92910400
92910483
92910567
92910651
92910812
92910894
92910979
92911062
92911146
92911236
92911317
92911401
92911486
93811605
93811662
93811815
93811965
93812083
93812184
93812300
93812398
93812484
93812568
93812650
93812728
93812811
93812938
93813031
93813115
93813199
93813285
93813369
93813456
93813530
93813631
93813710
93813796
93813937
93814022
93814114
93814198
93814280
93814379
93814464
93814558
93814633
93814715
93814801
93814933
93815023
93815109
93815193
93815274
93815357
93815443
93815531
93815620
93815702
93815784
93816030
93816114
93816196
93816280
93816365
93816448
93816532
93816617
93816701
93816785
93816909
93816991
93817075
93817159
93817243
93817327
93817413
93817502
93817590
93817678
93817767
93817910
93817997
93818085
93818165
93818249
93818342
93818429
93818514
93818600
93818685
93818772
93818910
93818994
93819080
93819165
93819250
93819336
93819420
93819504
93819587
93819671
93819755
93819910
93819993
93820072
93820158
93820245
93820329
93820415
93820497
93820581
93820665
93820749
93820910
93820992
93821076
93821160
93821245
93821328
93821412
93821497
93821580
93821665
93821749
93821910
93821992
93822076
93822160
93822244
93822329
93822412
93822496
93822580
93822665
93822749
93822910
93822992
93823076
93823160
93823244
93823328
93823413
93823497
93823580
93823665
93823749
93823910
93823992
93824076
93824160
93824245
93824328
93824413
93824496
93824581
93824665
93824749
93824910
93824992
93825076
93825160
93825244
93825328
93825412
93825496
93825573
93825656
93825740
93825829
93825946
93826039
93826121
93826205
93826290
93826374
93826461
93826543
93826627
93826711
93826796
93826942
93827026
93827109
93827194
93827278
93827362
93827455
93827536
93827621
93827705
93827789
93827910
93827991
93828076
93828159
93828245
93828328
93828412
93828497
93828581
93828665
93828749
93828910
93828992
93829076
93829160
93829244
93829328
93829412
93829496
93829581
93829664
93829748
93829909
93829991
93830077
93830181
93830263
93830347
93830431
93830515
93830600
93830683
93830767
93830909
93830992
93831075
93831159
93831243
93831327
93831411
93831496
93831580
93831664
93831748
93831909
93831990
93832075
93832159
93832243
93832328
93832411
93832512
93832593
93832677
93832762
93832909
93832991
93833075
93833159
93833243
93833327
93833411
93833495
93833580
93833665
93833748
93833909
93833991
93834075
93834159
93834243
93834327
93834411
93834495
93834579
93834664
93834748
93834909
93834990
93835076
93835159
93835243
93835327
93835411
93835495
93835579
93835663
93835748
93835909
93835990
93836074
93836159
93836243
93836327
93836412
93836495
93836580
93836664
93836748
93836909
93836990
93837074
93837159
93837243
93837327
93837411
93837495
93837580
93837664
93837749
93837909
93837990
93838075
93838159
93838243
93838327
93838411
93838495
93838582
93838664
93838748
93838909
93838990
93839074
93839160
93839243
93839327
93839411
93839495
93839579
93839664
93839748
93839909
93839990
93840075
93840159
93840243
93840327
93840411
93840496
93840579
93840664
93840748
93840909
93840990
93841075
93841159
93841243
93841327
93841411
93841496
93841579
93841664
93841748
93841914
93841996
93842080
93842164
93842248
93842332
93842416
93842501
93842585
93842669
93842753
93842909
93842990
93843074
93843159
93843244
93843327
93843411
93843495
93843579
93843663
93843748
93843909
93843990
93844074
93844159
93844243
93844327
93844411
93844495
93844581
93844665
93844748
93844909
93844990
93845074
93845158
93845243
93845327
93845411
93845495
93845579
93845664
93845748
93845909
93845991
93846074
93846158
93846243
93846327
93846412
93846495
93846579
93846663
93846748
93846909
93846990
93847075
93847160
93847243
93847328
93847412
93847501
93847582
93847666
93847750
93847909
93847990
93848075
93848159
93848243
93848327
93848411
93848495
93848579
93848665
93848748
93848909
93848991
93849074
93849158
93849242
93849327
93849411
93849495
93849579
93849664
93849748
93849909
93849990
93850075
93850159
93850243
93850327
93850411
93850495
93850579
93850664
93850749
93850909
93850990
93851074
93851158
93851243
93851327
93851412
93851495
93851579
93851664
93851748
93851909
93851990
93852074
93852159
93852243
93852327
93852411
93852495
93852579
93852664
93852749
93852908
93852990
93853074
93853158
93853242
93853327
93853411
93853495
93853579
93853664
93853747
93853908
93853990
93854074
93854159
93854243
93854327
93854411
93854495
93854579
93854663
93854747
93854908
93854990
93855074
93855158
93855242
93855326
93855411
93855496
93855579
93855663
93855747
93855908
93855990
93856074
93856158
93856242
93856326
93856411
93856495
93856579
93856663
93856760
93856908
93856990
93857074
93857158
93857243
93857326
93857410
93857494
93857579
93857663
93857747
93857913
93857998
93858082
93858166
93858252
93858335
93858419
93858503
93858587
93858671
93858755
93858908
93858989
93859073
93859158
93859242
93859326
93859410
93859494
93859579
93859662
93859747
93859908
93859989
93860073
93860158
93860242
93860326
93860410
93860494
93860578
93860662
93860746
93860908
93860990
93861073
93861157
93861241
93861326
93861416
93861498
93861586
93861667
93861746
93861825
93861929
93862023
93862107
93862191
93862276
93862359
93862443
93862527
93862612
93862696
93862780
93862907
93862989
93863073
93863157
93863241
93863326
93863410
93863494
93863580
93863663
93863747
93863907
93863999
93864092
93864173
93864257
93864342
93864426
93864510
93864594
93864678
93864762
93864907
93864990
93865073
93865157
93865241
93865326
93865410
93865494
93865578
93865662
93865746
93865907
93865989
93866073
93866157
93866241
93866326
93866410
93866494
93866578
93866662
93866747
93866907
93866989
93867073
93867157
93867241
93867326
93867410
93867494
93867578
93867663
93867746
93867907
93867989
93868073
93868157
93868241
93868325
93868410
93868494
93868578
93868662
93868746
93868907
93868989
93869074
93869157
93869241
93869325
93869409
93869494
93869578
93869662
93869746
93869908
93869989
93870073
93870157
93870242
93870326
93870411
93870494
93870578
93870662
93870746
93870907
93870989
93871073
93871157
93871241
93871326
93871410
93871494
93871578
93871662
93871748
93871907
93871989
93872073
93872157
93872241
93872325
93872410
93872494
93872578
93872662
93872746
93872907
93872989
93873073
93873158
93873241
93873325
93873409
93873494
93873567
93873653
93873736
93873913
93873998
93874082
93874166
93874250
93874335
93874419
93874504
93874587
93874671
93874755
93874907
93874989
93875073
93875157
93875241
93875325
93875409
93875494
93875578
93875662
93875746
93875907
93875989
93876073
93876157
93876241
93876325
93876410
93876494
93876578
93876662
93876746
93876907
93876989
93877074
93877157
93877242
93877326
93877409
93877494
93877578
93877662
93877746
93877907
93877989
93878073
93878157
93878243
93878326
93878410
93878494
93878589
93878672
93878763
93878907
93878990
93879074
93879157
93879241
93879326
93879409
93879494
93879578
93879662
93879746
93879907
93879990
93880073
93880157
93880241
93880325
93880409
93880494
93880578
93880662
93880746
93880907
93881019
93881101
93881185
93881269
93881355
93881438
93881522
93881606
93881690
93881774
93881907
93881989
93882073
93882157
93882241
93882325
93882409
93882494
93882578
93882663
93882746
93882907
93882988
93883073
93883157
93883241
93883325
93883409
93883493
93883578
93883662
93883746
93883907
93883988
93884074
93884157
93884241
93884325
93884409
93884494
93884578
93884662
93884746
93884907
93884988
93885072
93885157
93885241
93885325
93885410
93885493
93885577
93885662
93885746
93885907
93885988
93886072
93886159
93886241
93886325
93886409
93886493
93886577
93886662
93886747
93886907
93886988
93887074
93887156
93887241
93887325
93887409
93887493
93887577
93887662
93887745
93887907
93887988
93888072
93888158
93888240
93888325
93888409
93888493
93888577
93888662
93888746
93888907
93888988
93889073
93889157
93889241
93889325
93889409
93889494
93889577
93889661
93889746
93889912
93889997
93890081
93890165
93890249
93890333
93890417
93890501
93890586
93890670
93890754
93890906
93890988
93891072
93891156
93891241
93891325
93891409
93891493
93891577
93891661
93891746
93891906
93891988
93892072
93892157
93892242
93892325
93892409
93892493
93892577
93892661
93892752
93892906
93892988
93893072
93893151
93893235
93893318
93893412
93893496
93893581
93893664
93893749
93893906
93893988
93894072
93894156
93894237
93894321
93894405
93894498
93894579
93894663
93894748
93894906
93894989
93895072
93895214
93895295
93895379
93895463
93895548
93895632
93895716
93895800
93895937
93896030
93896112
93896196
93896280
93896365
93896448
93896533
93896617
93896701
93896785
93896906
93896987
93897072
93897156
93897240
93897324
93897409
93897493
93897577
93897662
93897745
93897906
93897988
93898072
93898156
93898240
93898324
93898408
93898492
93898577
93898661
93898745
93898906
93898987
93899073
93899171
93899252
93899337
93899421
93899505
93899589
93899673
93899757
93899906
93899987
93900071
93900156
93900240
93900324
93900409
93900492
93900577
93900660
93900745
93900906
93900987
93901071
93901156
93901240
93901324
93901408
93901492
93901576
93901660
93901746
93901906
93901987
93902071
93902156
93902240
93902324
93902408
93902492
93902577
93902660
93902745
93902906
93902987
93903071
93903156
93903239
93903324
93903408
93903492
93903576
93903660
93903744
93903906
93903987
93904071
93904155
93904240
93904324
93904408
93904493
93904576
93904660
93904744
93904825
93904926
93905011
93905100
93905184
93905278
93905362
93905454
93905536
93905620
93905704
93905789
93905911
93905993
93906076
93906161
93906245
93906329
93906413
93906497
93906581
93906666
93906750
93906905
93906986
93907071
93907156
93907239
93907323
93907407
93907492
93907576
93907660
93907744
93907905
93907987
93908071
93908155
93908239
93908323
93908407
93908493
93908576
93908660
93908744
93908905
93908987
93909071
93909155
93909239
93909323
93909408
93909492
93909576
93909660
93909744
93909905
93909987
93910071
93910155
93910244
93910336
93910421
93910502
93910587
93910671
93910755
93910905
93910987
93911071
93911155
93911240
93911333
93911426
93911507
93911591
